[4.121s] Invoking command in '/home/jetson/ponyo_ws/src/moveMotor': PYTHONPATH=/home/jetson/ponyo_ws/build/moveMotor/prefix_override:/usr/lib/python3/dist-packages/colcon_core/task/python/colcon_distutils_commands:/home/jetson/ponyo_ws/install/moveMotor/lib/python3.10/site-packages:${PYTHONPATH} /usr/bin/python3 -W ignore:setup.py install is deprecated setup.py egg_info --egg-base ../../build/moveMotor build --build-base /home/jetson/ponyo_ws/build/moveMotor/build install --record /home/jetson/ponyo_ws/build/moveMotor/install.log --single-version-externally-managed install_data
[5.343s] running egg_info
[5.347s] writing ../../build/moveMotor/moveMotor.egg-info/PKG-INFO
[5.348s] writing dependency_links to ../../build/moveMotor/moveMotor.egg-info/dependency_links.txt
[5.349s] writing entry points to ../../build/moveMotor/moveMotor.egg-info/entry_points.txt
[5.350s] writing requirements to ../../build/moveMotor/moveMotor.egg-info/requires.txt
[5.350s] writing top-level names to ../../build/moveMotor/moveMotor.egg-info/top_level.txt
[5.359s] reading manifest file '../../build/moveMotor/moveMotor.egg-info/SOURCES.txt'
[5.360s] adding license file 'LICENSE'
[5.376s] writing manifest file '../../build/moveMotor/moveMotor.egg-info/SOURCES.txt'
[5.377s] running build
[5.377s] running build_py
[5.379s] copying moveMotor/reader.py -> /home/jetson/ponyo_ws/build/moveMotor/build/lib/moveMotor
[5.381s] running install
[5.382s] running install_lib
[5.399s] copying /home/jetson/ponyo_ws/build/moveMotor/build/lib/moveMotor/reader.py -> /home/jetson/ponyo_ws/install/moveMotor/lib/python3.10/site-packages/moveMotor
[5.402s] byte-compiling /home/jetson/ponyo_ws/install/moveMotor/lib/python3.10/site-packages/moveMotor/reader.py to reader.cpython-310.pyc
[5.406s] running install_data
[5.407s] running install_egg_info
[5.426s] removing '/home/jetson/ponyo_ws/install/moveMotor/lib/python3.10/site-packages/moveMotor-0.0.0-py3.10.egg-info' (and everything under it)
[5.428s] Copying ../../build/moveMotor/moveMotor.egg-info to /home/jetson/ponyo_ws/install/moveMotor/lib/python3.10/site-packages/moveMotor-0.0.0-py3.10.egg-info
[5.432s] running install_scripts
[5.540s] Installing Escucha script to /home/jetson/ponyo_ws/install/moveMotor/lib/moveMotor
[5.542s] Installing Habla script to /home/jetson/ponyo_ws/install/moveMotor/lib/moveMotor
[5.544s] Installing Mensaje script to /home/jetson/ponyo_ws/install/moveMotor/lib/moveMotor
[5.545s] Installing MotorTopic script to /home/jetson/ponyo_ws/install/moveMotor/lib/moveMotor
[5.547s] Installing PublisAndMoveJoystick script to /home/jetson/ponyo_ws/install/moveMotor/lib/moveMotor
[5.549s] Installing Qcamera script to /home/jetson/ponyo_ws/install/moveMotor/lib/moveMotor
[5.552s] writing list of installed files to '/home/jetson/ponyo_ws/build/moveMotor/install.log'
[5.710s] Invoked command in '/home/jetson/ponyo_ws/src/moveMotor' returned '0': PYTHONPATH=/home/jetson/ponyo_ws/build/moveMotor/prefix_override:/usr/lib/python3/dist-packages/colcon_core/task/python/colcon_distutils_commands:/home/jetson/ponyo_ws/install/moveMotor/lib/python3.10/site-packages:${PYTHONPATH} /usr/bin/python3 -W ignore:setup.py install is deprecated setup.py egg_info --egg-base ../../build/moveMotor build --build-base /home/jetson/ponyo_ws/build/moveMotor/build install --record /home/jetson/ponyo_ws/build/moveMotor/install.log --single-version-externally-managed install_data
