[4.346s] Invoking command in '/home/jetson/ponyo_ws/src/moveMotor': PYTHONPATH=/home/jetson/ponyo_ws/build/moveMotor/prefix_override:/usr/lib/python3/dist-packages/colcon_core/task/python/colcon_distutils_commands:/home/jetson/ponyo_ws/install/moveMotor/lib/python3.10/site-packages:${PYTHONPATH} /usr/bin/python3 -W ignore:setup.py install is deprecated setup.py egg_info --egg-base ../../build/moveMotor build --build-base /home/jetson/ponyo_ws/build/moveMotor/build install --record /home/jetson/ponyo_ws/build/moveMotor/install.log --single-version-externally-managed install_data
[5.464s] running egg_info
[5.468s] writing ../../build/moveMotor/moveMotor.egg-info/PKG-INFO
[5.469s] writing dependency_links to ../../build/moveMotor/moveMotor.egg-info/dependency_links.txt
[5.469s] writing entry points to ../../build/moveMotor/moveMotor.egg-info/entry_points.txt
[5.470s] writing requirements to ../../build/moveMotor/moveMotor.egg-info/requires.txt
[5.470s] writing top-level names to ../../build/moveMotor/moveMotor.egg-info/top_level.txt
[5.479s] reading manifest file '../../build/moveMotor/moveMotor.egg-info/SOURCES.txt'
[5.480s] adding license file 'LICENSE'
[5.484s] writing manifest file '../../build/moveMotor/moveMotor.egg-info/SOURCES.txt'
[5.484s] running build
[5.485s] running build_py
[5.488s] running install
[5.490s] running install_lib
[5.497s] running install_data
[5.498s] running install_egg_info
[5.505s] removing '/home/jetson/ponyo_ws/install/moveMotor/lib/python3.10/site-packages/moveMotor-0.0.0-py3.10.egg-info' (and everything under it)
[5.507s] Copying ../../build/moveMotor/moveMotor.egg-info to /home/jetson/ponyo_ws/install/moveMotor/lib/python3.10/site-packages/moveMotor-0.0.0-py3.10.egg-info
[5.511s] running install_scripts
[5.605s] Installing Escucha script to /home/jetson/ponyo_ws/install/moveMotor/lib/moveMotor
[5.607s] Installing Habla script to /home/jetson/ponyo_ws/install/moveMotor/lib/moveMotor
[5.609s] Installing MotorTopic script to /home/jetson/ponyo_ws/install/moveMotor/lib/moveMotor
[5.611s] Installing PublisAndMoveJoystick script to /home/jetson/ponyo_ws/install/moveMotor/lib/moveMotor
[5.612s] Installing Qcamera script to /home/jetson/ponyo_ws/install/moveMotor/lib/moveMotor
[5.615s] writing list of installed files to '/home/jetson/ponyo_ws/build/moveMotor/install.log'
[5.791s] Invoked command in '/home/jetson/ponyo_ws/src/moveMotor' returned '0': PYTHONPATH=/home/jetson/ponyo_ws/build/moveMotor/prefix_override:/usr/lib/python3/dist-packages/colcon_core/task/python/colcon_distutils_commands:/home/jetson/ponyo_ws/install/moveMotor/lib/python3.10/site-packages:${PYTHONPATH} /usr/bin/python3 -W ignore:setup.py install is deprecated setup.py egg_info --egg-base ../../build/moveMotor build --build-base /home/jetson/ponyo_ws/build/moveMotor/build install --record /home/jetson/ponyo_ws/build/moveMotor/install.log --single-version-externally-managed install_data
