running develop
running egg_info
creating moveMotor.egg-info
writing moveMotor.egg-info/PKG-INFO
writing dependency_links to moveMotor.egg-info/dependency_links.txt
writing entry points to moveMotor.egg-info/entry_points.txt
writing requirements to moveMotor.egg-info/requires.txt
writing top-level names to moveMotor.egg-info/top_level.txt
writing manifest file 'moveMotor.egg-info/SOURCES.txt'
reading manifest file 'moveMotor.egg-info/SOURCES.txt'
writing manifest file 'moveMotor.egg-info/SOURCES.txt'
running build_ext
Creating /home/jetson/ponyo_ws/install/moveMotor/lib/python3.10/site-packages/moveMotor.egg-link (link to .)
Installing MotorTopic script to /home/jetson/ponyo_ws/install/moveMotor/lib/moveMotor
Installing PublisAndMoveJoystick script to /home/jetson/ponyo_ws/install/moveMotor/lib/moveMotor

Installed /home/jetson/ponyo_ws/build/moveMotor
running symlink_data
creating /home/jetson/ponyo_ws/install/moveMotor/share/ament_index
creating /home/jetson/ponyo_ws/install/moveMotor/share/ament_index/resource_index
creating /home/jetson/ponyo_ws/install/moveMotor/share/ament_index/resource_index/packages
symbolically linking /home/jetson/ponyo_ws/build/moveMotor/resource/moveMotor -> /home/jetson/ponyo_ws/install/moveMotor/share/ament_index/resource_index/packages
symbolically linking /home/jetson/ponyo_ws/build/moveMotor/package.xml -> /home/jetson/ponyo_ws/install/moveMotor/share/moveMotor
