[4.489s] Invoking command in '/home/jetson/ponyo_ws/src/moveMotor': PYTHONPATH=/home/jetson/ponyo_ws/build/moveMotor/prefix_override:/usr/lib/python3/dist-packages/colcon_core/task/python/colcon_distutils_commands:/home/jetson/ponyo_ws/install/moveMotor/lib/python3.10/site-packages:${PYTHONPATH} /usr/bin/python3 -W ignore:setup.py install is deprecated setup.py egg_info --egg-base ../../build/moveMotor build --build-base /home/jetson/ponyo_ws/build/moveMotor/build install --record /home/jetson/ponyo_ws/build/moveMotor/install.log --single-version-externally-managed install_data
[5.576s] running egg_info
[5.579s] writing ../../build/moveMotor/moveMotor.egg-info/PKG-INFO
[5.580s] writing dependency_links to ../../build/moveMotor/moveMotor.egg-info/dependency_links.txt
[5.581s] writing entry points to ../../build/moveMotor/moveMotor.egg-info/entry_points.txt
[5.581s] writing requirements to ../../build/moveMotor/moveMotor.egg-info/requires.txt
[5.582s] writing top-level names to ../../build/moveMotor/moveMotor.egg-info/top_level.txt
[5.589s] reading manifest file '../../build/moveMotor/moveMotor.egg-info/SOURCES.txt'
[5.590s] adding license file 'LICENSE'
[5.593s] writing manifest file '../../build/moveMotor/moveMotor.egg-info/SOURCES.txt'
[5.594s] running build
[5.594s] running build_py
[5.597s] running install
[5.599s] running install_lib
[5.605s] running install_data
[5.606s] running install_egg_info
[5.612s] removing '/home/jetson/ponyo_ws/install/moveMotor/lib/python3.10/site-packages/moveMotor-0.0.0-py3.10.egg-info' (and everything under it)
[5.613s] Copying ../../build/moveMotor/moveMotor.egg-info to /home/jetson/ponyo_ws/install/moveMotor/lib/python3.10/site-packages/moveMotor-0.0.0-py3.10.egg-info
[5.617s] running install_scripts
[5.703s] Installing Escucha script to /home/jetson/ponyo_ws/install/moveMotor/lib/moveMotor
[5.704s] Installing Habla script to /home/jetson/ponyo_ws/install/moveMotor/lib/moveMotor
[5.704s] Installing Mensaje script to /home/jetson/ponyo_ws/install/moveMotor/lib/moveMotor
[5.705s] Installing MotorTopic script to /home/jetson/ponyo_ws/install/moveMotor/lib/moveMotor
[5.705s] Installing PublisAndMoveJoystick script to /home/jetson/ponyo_ws/install/moveMotor/lib/moveMotor
[5.706s] Installing Qcamera script to /home/jetson/ponyo_ws/install/moveMotor/lib/moveMotor
[5.707s] writing list of installed files to '/home/jetson/ponyo_ws/build/moveMotor/install.log'
[5.828s] Invoked command in '/home/jetson/ponyo_ws/src/moveMotor' returned '0': PYTHONPATH=/home/jetson/ponyo_ws/build/moveMotor/prefix_override:/usr/lib/python3/dist-packages/colcon_core/task/python/colcon_distutils_commands:/home/jetson/ponyo_ws/install/moveMotor/lib/python3.10/site-packages:${PYTHONPATH} /usr/bin/python3 -W ignore:setup.py install is deprecated setup.py egg_info --egg-base ../../build/moveMotor build --build-base /home/jetson/ponyo_ws/build/moveMotor/build install --record /home/jetson/ponyo_ws/build/moveMotor/install.log --single-version-externally-managed install_data
