[3.718s] Invoking command in '/home/jetson/ponyo_ws/src/main': PYTHONPATH=/home/jetson/ponyo_ws/build/main/prefix_override:/usr/lib/python3/dist-packages/colcon_core/task/python/colcon_distutils_commands:/home/jetson/ponyo_ws/install/main/lib/python3.10/site-packages:${PYTHONPATH} /usr/bin/python3 -W ignore:setup.py install is deprecated setup.py egg_info --egg-base ../../build/main build --build-base /home/jetson/ponyo_ws/build/main/build install --record /home/jetson/ponyo_ws/build/main/install.log --single-version-externally-managed install_data
[4.763s] running egg_info
[4.766s] writing ../../build/main/main.egg-info/PKG-INFO
[4.767s] writing dependency_links to ../../build/main/main.egg-info/dependency_links.txt
[4.768s] writing entry points to ../../build/main/main.egg-info/entry_points.txt
[4.769s] writing requirements to ../../build/main/main.egg-info/requires.txt
[4.769s] writing top-level names to ../../build/main/main.egg-info/top_level.txt
[4.776s] reading manifest file '../../build/main/main.egg-info/SOURCES.txt'
[4.780s] writing manifest file '../../build/main/main.egg-info/SOURCES.txt'
[4.780s] running build
[4.781s] running build_py
[4.782s] running install
[4.783s] running install_lib
[4.788s] running install_data
[4.789s] running install_egg_info
[4.795s] removing '/home/jetson/ponyo_ws/install/main/lib/python3.10/site-packages/main-0.0.0-py3.10.egg-info' (and everything under it)
[4.796s] Copying ../../build/main/main.egg-info to /home/jetson/ponyo_ws/install/main/lib/python3.10/site-packages/main-0.0.0-py3.10.egg-info
[4.800s] running install_scripts
[4.884s] Installing MotorTopic script to /home/jetson/ponyo_ws/install/main/lib/main
[4.886s] writing list of installed files to '/home/jetson/ponyo_ws/build/main/install.log'
[5.012s] Invoked command in '/home/jetson/ponyo_ws/src/main' returned '0': PYTHONPATH=/home/jetson/ponyo_ws/build/main/prefix_override:/usr/lib/python3/dist-packages/colcon_core/task/python/colcon_distutils_commands:/home/jetson/ponyo_ws/install/main/lib/python3.10/site-packages:${PYTHONPATH} /usr/bin/python3 -W ignore:setup.py install is deprecated setup.py egg_info --egg-base ../../build/main build --build-base /home/jetson/ponyo_ws/build/main/build install --record /home/jetson/ponyo_ws/build/main/install.log --single-version-externally-managed install_data
