[4.231s] Invoking command in '/home/jetson/ponyo_ws/src/moveMotor': PYTHONPATH=/home/jetson/ponyo_ws/build/moveMotor/prefix_override:/usr/lib/python3/dist-packages/colcon_core/task/python/colcon_distutils_commands:/home/jetson/ponyo_ws/install/moveMotor/lib/python3.10/site-packages:${PYTHONPATH} /usr/bin/python3 -W ignore:setup.py install is deprecated setup.py egg_info --egg-base ../../build/moveMotor build --build-base /home/jetson/ponyo_ws/build/moveMotor/build install --record /home/jetson/ponyo_ws/build/moveMotor/install.log --single-version-externally-managed install_data
[5.302s] running egg_info
[5.304s] writing ../../build/moveMotor/moveMotor.egg-info/PKG-INFO
[5.306s] writing dependency_links to ../../build/moveMotor/moveMotor.egg-info/dependency_links.txt
[5.307s] writing entry points to ../../build/moveMotor/moveMotor.egg-info/entry_points.txt
[5.307s] writing requirements to ../../build/moveMotor/moveMotor.egg-info/requires.txt
[5.308s] writing top-level names to ../../build/moveMotor/moveMotor.egg-info/top_level.txt
[5.316s] reading manifest file '../../build/moveMotor/moveMotor.egg-info/SOURCES.txt'
[5.317s] adding license file 'LICENSE'
[5.320s] writing manifest file '../../build/moveMotor/moveMotor.egg-info/SOURCES.txt'
[5.321s] running build
[5.321s] running build_py
[5.324s] running install
[5.326s] running install_lib
[5.333s] running install_data
[5.334s] running install_egg_info
[5.341s] removing '/home/jetson/ponyo_ws/install/moveMotor/lib/python3.10/site-packages/moveMotor-0.0.0-py3.10.egg-info' (and everything under it)
[5.342s] Copying ../../build/moveMotor/moveMotor.egg-info to /home/jetson/ponyo_ws/install/moveMotor/lib/python3.10/site-packages/moveMotor-0.0.0-py3.10.egg-info
[5.346s] running install_scripts
[5.439s] Installing Escucha script to /home/jetson/ponyo_ws/install/moveMotor/lib/moveMotor
[5.440s] Installing Habla script to /home/jetson/ponyo_ws/install/moveMotor/lib/moveMotor
[5.441s] Installing Mensaje script to /home/jetson/ponyo_ws/install/moveMotor/lib/moveMotor
[5.441s] Installing MotorTopic script to /home/jetson/ponyo_ws/install/moveMotor/lib/moveMotor
[5.442s] Installing PublisAndMoveJoystick script to /home/jetson/ponyo_ws/install/moveMotor/lib/moveMotor
[5.443s] Installing Qcamera script to /home/jetson/ponyo_ws/install/moveMotor/lib/moveMotor
[5.444s] writing list of installed files to '/home/jetson/ponyo_ws/build/moveMotor/install.log'
[5.606s] Invoked command in '/home/jetson/ponyo_ws/src/moveMotor' returned '0': PYTHONPATH=/home/jetson/ponyo_ws/build/moveMotor/prefix_override:/usr/lib/python3/dist-packages/colcon_core/task/python/colcon_distutils_commands:/home/jetson/ponyo_ws/install/moveMotor/lib/python3.10/site-packages:${PYTHONPATH} /usr/bin/python3 -W ignore:setup.py install is deprecated setup.py egg_info --egg-base ../../build/moveMotor build --build-base /home/jetson/ponyo_ws/build/moveMotor/build install --record /home/jetson/ponyo_ws/build/moveMotor/install.log --single-version-externally-managed install_data
