[4.701s] Invoking command in '/home/jetson/ponyo_ws/src/moveMotor': PYTHONPATH=/home/jetson/ponyo_ws/build/moveMotor/prefix_override:/usr/lib/python3/dist-packages/colcon_core/task/python/colcon_distutils_commands:/home/jetson/ponyo_ws/install/moveMotor/lib/python3.10/site-packages:${PYTHONPATH} /usr/bin/python3 -W ignore:setup.py install is deprecated setup.py egg_info --egg-base ../../build/moveMotor build --build-base /home/jetson/ponyo_ws/build/moveMotor/build install --record /home/jetson/ponyo_ws/build/moveMotor/install.log --single-version-externally-managed install_data
[5.872s] running egg_info
[5.876s] writing ../../build/moveMotor/moveMotor.egg-info/PKG-INFO
[5.877s] writing dependency_links to ../../build/moveMotor/moveMotor.egg-info/dependency_links.txt
[5.879s] writing entry points to ../../build/moveMotor/moveMotor.egg-info/entry_points.txt
[5.880s] writing requirements to ../../build/moveMotor/moveMotor.egg-info/requires.txt
[5.883s] writing top-level names to ../../build/moveMotor/moveMotor.egg-info/top_level.txt
[5.894s] reading manifest file '../../build/moveMotor/moveMotor.egg-info/SOURCES.txt'
[5.896s] adding license file 'LICENSE'
[5.901s] writing manifest file '../../build/moveMotor/moveMotor.egg-info/SOURCES.txt'
[5.903s] running build
[5.903s] running build_py
[5.908s] running install
[5.910s] running install_lib
[5.918s] running install_data
[5.919s] running install_egg_info
[5.927s] removing '/home/jetson/ponyo_ws/install/moveMotor/lib/python3.10/site-packages/moveMotor-0.0.0-py3.10.egg-info' (and everything under it)
[5.929s] Copying ../../build/moveMotor/moveMotor.egg-info to /home/jetson/ponyo_ws/install/moveMotor/lib/python3.10/site-packages/moveMotor-0.0.0-py3.10.egg-info
[5.933s] running install_scripts
[6.031s] Installing Escucha script to /home/jetson/ponyo_ws/install/moveMotor/lib/moveMotor
[6.032s] Installing Habla script to /home/jetson/ponyo_ws/install/moveMotor/lib/moveMotor
[6.034s] Installing Mensaje script to /home/jetson/ponyo_ws/install/moveMotor/lib/moveMotor
[6.035s] Installing MotorTopic script to /home/jetson/ponyo_ws/install/moveMotor/lib/moveMotor
[6.036s] Installing PublisAndMoveJoystick script to /home/jetson/ponyo_ws/install/moveMotor/lib/moveMotor
[6.038s] Installing Qcamera script to /home/jetson/ponyo_ws/install/moveMotor/lib/moveMotor
[6.041s] writing list of installed files to '/home/jetson/ponyo_ws/build/moveMotor/install.log'
[6.198s] Invoked command in '/home/jetson/ponyo_ws/src/moveMotor' returned '0': PYTHONPATH=/home/jetson/ponyo_ws/build/moveMotor/prefix_override:/usr/lib/python3/dist-packages/colcon_core/task/python/colcon_distutils_commands:/home/jetson/ponyo_ws/install/moveMotor/lib/python3.10/site-packages:${PYTHONPATH} /usr/bin/python3 -W ignore:setup.py install is deprecated setup.py egg_info --egg-base ../../build/moveMotor build --build-base /home/jetson/ponyo_ws/build/moveMotor/build install --record /home/jetson/ponyo_ws/build/moveMotor/install.log --single-version-externally-managed install_data
