[4.671s] Invoking command in '/home/jetson/ponyo_ws/src/moveMotor': PYTHONPATH=/home/jetson/ponyo_ws/build/moveMotor/prefix_override:/usr/lib/python3/dist-packages/colcon_core/task/python/colcon_distutils_commands:/home/jetson/ponyo_ws/install/moveMotor/lib/python3.10/site-packages:${PYTHONPATH} /usr/bin/python3 -W ignore:setup.py install is deprecated setup.py egg_info --egg-base ../../build/moveMotor build --build-base /home/jetson/ponyo_ws/build/moveMotor/build install --record /home/jetson/ponyo_ws/build/moveMotor/install.log --single-version-externally-managed install_data
[5.845s] running egg_info
[5.849s] writing ../../build/moveMotor/moveMotor.egg-info/PKG-INFO
[5.849s] writing dependency_links to ../../build/moveMotor/moveMotor.egg-info/dependency_links.txt
[5.850s] writing entry points to ../../build/moveMotor/moveMotor.egg-info/entry_points.txt
[5.851s] writing requirements to ../../build/moveMotor/moveMotor.egg-info/requires.txt
[5.852s] writing top-level names to ../../build/moveMotor/moveMotor.egg-info/top_level.txt
[5.860s] reading manifest file '../../build/moveMotor/moveMotor.egg-info/SOURCES.txt'
[5.862s] adding license file 'LICENSE'
[5.865s] writing manifest file '../../build/moveMotor/moveMotor.egg-info/SOURCES.txt'
[5.866s] running build
[5.866s] running build_py
[5.870s] running install
[5.871s] running install_lib
[5.878s] running install_data
[5.879s] running install_egg_info
[5.886s] removing '/home/jetson/ponyo_ws/install/moveMotor/lib/python3.10/site-packages/moveMotor-0.0.0-py3.10.egg-info' (and everything under it)
[5.887s] Copying ../../build/moveMotor/moveMotor.egg-info to /home/jetson/ponyo_ws/install/moveMotor/lib/python3.10/site-packages/moveMotor-0.0.0-py3.10.egg-info
[5.892s] running install_scripts
[5.983s] Installing Escucha script to /home/jetson/ponyo_ws/install/moveMotor/lib/moveMotor
[5.983s] Installing Habla script to /home/jetson/ponyo_ws/install/moveMotor/lib/moveMotor
[5.984s] Installing Mensaje script to /home/jetson/ponyo_ws/install/moveMotor/lib/moveMotor
[5.985s] Installing MotorTopic script to /home/jetson/ponyo_ws/install/moveMotor/lib/moveMotor
[5.986s] Installing PublisAndMoveJoystick script to /home/jetson/ponyo_ws/install/moveMotor/lib/moveMotor
[5.986s] Installing Qcamera script to /home/jetson/ponyo_ws/install/moveMotor/lib/moveMotor
[5.987s] writing list of installed files to '/home/jetson/ponyo_ws/build/moveMotor/install.log'
[6.125s] Invoked command in '/home/jetson/ponyo_ws/src/moveMotor' returned '0': PYTHONPATH=/home/jetson/ponyo_ws/build/moveMotor/prefix_override:/usr/lib/python3/dist-packages/colcon_core/task/python/colcon_distutils_commands:/home/jetson/ponyo_ws/install/moveMotor/lib/python3.10/site-packages:${PYTHONPATH} /usr/bin/python3 -W ignore:setup.py install is deprecated setup.py egg_info --egg-base ../../build/moveMotor build --build-base /home/jetson/ponyo_ws/build/moveMotor/build install --record /home/jetson/ponyo_ws/build/moveMotor/install.log --single-version-externally-managed install_data
