[4.821s] Invoking command in '/home/jetson/ponyo_ws/src/main': PYTHONPATH=/home/jetson/ponyo_ws/build/main/prefix_override:/usr/lib/python3/dist-packages/colcon_core/task/python/colcon_distutils_commands:/home/jetson/ponyo_ws/install/main/lib/python3.10/site-packages:${PYTHONPATH} /usr/bin/python3 -W ignore:setup.py install is deprecated setup.py egg_info --egg-base ../../build/main build --build-base /home/jetson/ponyo_ws/build/main/build install --record /home/jetson/ponyo_ws/build/main/install.log --single-version-externally-managed install_data
[6.291s] running egg_info
[6.296s] writing ../../build/main/main.egg-info/PKG-INFO
[6.308s] writing dependency_links to ../../build/main/main.egg-info/dependency_links.txt
[6.308s] writing entry points to ../../build/main/main.egg-info/entry_points.txt
[6.309s] writing requirements to ../../build/main/main.egg-info/requires.txt
[6.309s] writing top-level names to ../../build/main/main.egg-info/top_level.txt
[6.324s] reading manifest file '../../build/main/main.egg-info/SOURCES.txt'
[6.330s] writing manifest file '../../build/main/main.egg-info/SOURCES.txt'
[6.331s] running build
[6.331s] running build_py
[6.336s] running install
[6.337s] running install_lib
[6.356s] running install_data
[6.364s] running install_egg_info
[6.365s] removing '/home/jetson/ponyo_ws/install/main/lib/python3.10/site-packages/main-0.0.0-py3.10.egg-info' (and everything under it)
[6.367s] Copying ../../build/main/main.egg-info to /home/jetson/ponyo_ws/install/main/lib/python3.10/site-packages/main-0.0.0-py3.10.egg-info
[6.378s] running install_scripts
[6.511s] Installing MotorTopic script to /home/jetson/ponyo_ws/install/main/lib/main
[6.516s] writing list of installed files to '/home/jetson/ponyo_ws/build/main/install.log'
[6.694s] Invoked command in '/home/jetson/ponyo_ws/src/main' returned '0': PYTHONPATH=/home/jetson/ponyo_ws/build/main/prefix_override:/usr/lib/python3/dist-packages/colcon_core/task/python/colcon_distutils_commands:/home/jetson/ponyo_ws/install/main/lib/python3.10/site-packages:${PYTHONPATH} /usr/bin/python3 -W ignore:setup.py install is deprecated setup.py egg_info --egg-base ../../build/main build --build-base /home/jetson/ponyo_ws/build/main/build install --record /home/jetson/ponyo_ws/build/main/install.log --single-version-externally-managed install_data
