[4.246s] Invoking command in '/home/jetson/ponyo_ws/src/moveMotor': PYTHONPATH=/home/jetson/ponyo_ws/build/moveMotor/prefix_override:/usr/lib/python3/dist-packages/colcon_core/task/python/colcon_distutils_commands:/home/jetson/ponyo_ws/install/moveMotor/lib/python3.10/site-packages:${PYTHONPATH} /usr/bin/python3 -W ignore:setup.py install is deprecated setup.py egg_info --egg-base ../../build/moveMotor build --build-base /home/jetson/ponyo_ws/build/moveMotor/build install --record /home/jetson/ponyo_ws/build/moveMotor/install.log --single-version-externally-managed install_data
[5.373s] running egg_info
[5.378s] writing ../../build/moveMotor/moveMotor.egg-info/PKG-INFO
[5.379s] writing dependency_links to ../../build/moveMotor/moveMotor.egg-info/dependency_links.txt
[5.379s] writing entry points to ../../build/moveMotor/moveMotor.egg-info/entry_points.txt
[5.380s] writing requirements to ../../build/moveMotor/moveMotor.egg-info/requires.txt
[5.381s] writing top-level names to ../../build/moveMotor/moveMotor.egg-info/top_level.txt
[5.387s] reading manifest file '../../build/moveMotor/moveMotor.egg-info/SOURCES.txt'
[5.388s] adding license file 'LICENSE'
[5.391s] writing manifest file '../../build/moveMotor/moveMotor.egg-info/SOURCES.txt'
[5.392s] running build
[5.392s] running build_py
[5.395s] running install
[5.396s] running install_lib
[5.403s] running install_data
[5.403s] running install_egg_info
[5.410s] removing '/home/jetson/ponyo_ws/install/moveMotor/lib/python3.10/site-packages/moveMotor-0.0.0-py3.10.egg-info' (and everything under it)
[5.412s] Copying ../../build/moveMotor/moveMotor.egg-info to /home/jetson/ponyo_ws/install/moveMotor/lib/python3.10/site-packages/moveMotor-0.0.0-py3.10.egg-info
[5.415s] running install_scripts
[5.506s] Installing Escucha script to /home/jetson/ponyo_ws/install/moveMotor/lib/moveMotor
[5.507s] Installing Habla script to /home/jetson/ponyo_ws/install/moveMotor/lib/moveMotor
[5.507s] Installing MotorTopic script to /home/jetson/ponyo_ws/install/moveMotor/lib/moveMotor
[5.508s] Installing PublisAndMoveJoystick script to /home/jetson/ponyo_ws/install/moveMotor/lib/moveMotor
[5.509s] Installing Qcamera script to /home/jetson/ponyo_ws/install/moveMotor/lib/moveMotor
[5.510s] writing list of installed files to '/home/jetson/ponyo_ws/build/moveMotor/install.log'
[5.682s] Invoked command in '/home/jetson/ponyo_ws/src/moveMotor' returned '0': PYTHONPATH=/home/jetson/ponyo_ws/build/moveMotor/prefix_override:/usr/lib/python3/dist-packages/colcon_core/task/python/colcon_distutils_commands:/home/jetson/ponyo_ws/install/moveMotor/lib/python3.10/site-packages:${PYTHONPATH} /usr/bin/python3 -W ignore:setup.py install is deprecated setup.py egg_info --egg-base ../../build/moveMotor build --build-base /home/jetson/ponyo_ws/build/moveMotor/build install --record /home/jetson/ponyo_ws/build/moveMotor/install.log --single-version-externally-managed install_data
