[3.773s] Invoking command in '/home/jetson/ponyo_ws/src/moveMotor': PYTHONPATH=/home/jetson/ponyo_ws/build/moveMotor/prefix_override:/usr/lib/python3/dist-packages/colcon_core/task/python/colcon_distutils_commands:/home/jetson/ponyo_ws/install/moveMotor/lib/python3.10/site-packages:${PYTHONPATH} /usr/bin/python3 -W ignore:setup.py install is deprecated setup.py egg_info --egg-base ../../build/moveMotor build --build-base /home/jetson/ponyo_ws/build/moveMotor/build install --record /home/jetson/ponyo_ws/build/moveMotor/install.log --single-version-externally-managed install_data
[4.827s] running egg_info
[4.832s] writing ../../build/moveMotor/moveMotor.egg-info/PKG-INFO
[4.833s] writing dependency_links to ../../build/moveMotor/moveMotor.egg-info/dependency_links.txt
[4.834s] writing entry points to ../../build/moveMotor/moveMotor.egg-info/entry_points.txt
[4.834s] writing requirements to ../../build/moveMotor/moveMotor.egg-info/requires.txt
[4.834s] writing top-level names to ../../build/moveMotor/moveMotor.egg-info/top_level.txt
[4.841s] reading manifest file '../../build/moveMotor/moveMotor.egg-info/SOURCES.txt'
[4.842s] adding license file 'LICENSE'
[4.845s] writing manifest file '../../build/moveMotor/moveMotor.egg-info/SOURCES.txt'
[4.846s] running build
[4.846s] running build_py
[4.848s] copying moveMotor/reader.py -> /home/jetson/ponyo_ws/build/moveMotor/build/lib/moveMotor
[4.850s] running install
[4.851s] running install_lib
[4.855s] copying /home/jetson/ponyo_ws/build/moveMotor/build/lib/moveMotor/reader.py -> /home/jetson/ponyo_ws/install/moveMotor/lib/python3.10/site-packages/moveMotor
[4.858s] byte-compiling /home/jetson/ponyo_ws/install/moveMotor/lib/python3.10/site-packages/moveMotor/reader.py to reader.cpython-310.pyc
[4.862s] running install_data
[4.862s] running install_egg_info
[4.869s] removing '/home/jetson/ponyo_ws/install/moveMotor/lib/python3.10/site-packages/moveMotor-0.0.0-py3.10.egg-info' (and everything under it)
[4.870s] Copying ../../build/moveMotor/moveMotor.egg-info to /home/jetson/ponyo_ws/install/moveMotor/lib/python3.10/site-packages/moveMotor-0.0.0-py3.10.egg-info
[4.874s] running install_scripts
[4.959s] Installing Escucha script to /home/jetson/ponyo_ws/install/moveMotor/lib/moveMotor
[4.960s] Installing Habla script to /home/jetson/ponyo_ws/install/moveMotor/lib/moveMotor
[4.961s] Installing Mensaje script to /home/jetson/ponyo_ws/install/moveMotor/lib/moveMotor
[4.962s] Installing MotorTopic script to /home/jetson/ponyo_ws/install/moveMotor/lib/moveMotor
[4.962s] Installing PublisAndMoveJoystick script to /home/jetson/ponyo_ws/install/moveMotor/lib/moveMotor
[4.963s] Installing Qcamera script to /home/jetson/ponyo_ws/install/moveMotor/lib/moveMotor
[4.965s] writing list of installed files to '/home/jetson/ponyo_ws/build/moveMotor/install.log'
[5.137s] Invoked command in '/home/jetson/ponyo_ws/src/moveMotor' returned '0': PYTHONPATH=/home/jetson/ponyo_ws/build/moveMotor/prefix_override:/usr/lib/python3/dist-packages/colcon_core/task/python/colcon_distutils_commands:/home/jetson/ponyo_ws/install/moveMotor/lib/python3.10/site-packages:${PYTHONPATH} /usr/bin/python3 -W ignore:setup.py install is deprecated setup.py egg_info --egg-base ../../build/moveMotor build --build-base /home/jetson/ponyo_ws/build/moveMotor/build install --record /home/jetson/ponyo_ws/build/moveMotor/install.log --single-version-externally-managed install_data
