[4.534s] Invoking command in '/home/jetson/ponyo_ws/src/moveMotor': PYTHONPATH=/home/jetson/ponyo_ws/build/moveMotor/prefix_override:/usr/lib/python3/dist-packages/colcon_core/task/python/colcon_distutils_commands:/home/jetson/ponyo_ws/install/moveMotor/lib/python3.10/site-packages:${PYTHONPATH} /usr/bin/python3 -W ignore:setup.py install is deprecated setup.py egg_info --egg-base ../../build/moveMotor build --build-base /home/jetson/ponyo_ws/build/moveMotor/build install --record /home/jetson/ponyo_ws/build/moveMotor/install.log --single-version-externally-managed install_data
[5.711s] running egg_info
[5.715s] writing ../../build/moveMotor/moveMotor.egg-info/PKG-INFO
[5.717s] writing dependency_links to ../../build/moveMotor/moveMotor.egg-info/dependency_links.txt
[5.719s] writing entry points to ../../build/moveMotor/moveMotor.egg-info/entry_points.txt
[5.720s] writing requirements to ../../build/moveMotor/moveMotor.egg-info/requires.txt
[5.721s] writing top-level names to ../../build/moveMotor/moveMotor.egg-info/top_level.txt
[5.730s] reading manifest file '../../build/moveMotor/moveMotor.egg-info/SOURCES.txt'
[5.732s] adding license file 'LICENSE'
[5.736s] writing manifest file '../../build/moveMotor/moveMotor.egg-info/SOURCES.txt'
[5.736s] running build
[5.737s] running build_py
[5.741s] running install
[5.743s] running install_lib
[5.751s] running install_data
[5.752s] running install_egg_info
[5.760s] removing '/home/jetson/ponyo_ws/install/moveMotor/lib/python3.10/site-packages/moveMotor-0.0.0-py3.10.egg-info' (and everything under it)
[5.761s] Copying ../../build/moveMotor/moveMotor.egg-info to /home/jetson/ponyo_ws/install/moveMotor/lib/python3.10/site-packages/moveMotor-0.0.0-py3.10.egg-info
[5.766s] running install_scripts
[5.855s] Installing Escucha script to /home/jetson/ponyo_ws/install/moveMotor/lib/moveMotor
[5.857s] Installing Habla script to /home/jetson/ponyo_ws/install/moveMotor/lib/moveMotor
[5.859s] Installing Mensaje script to /home/jetson/ponyo_ws/install/moveMotor/lib/moveMotor
[5.860s] Installing MotorTopic script to /home/jetson/ponyo_ws/install/moveMotor/lib/moveMotor
[5.862s] Installing PublisAndMoveJoystick script to /home/jetson/ponyo_ws/install/moveMotor/lib/moveMotor
[5.863s] Installing Qcamera script to /home/jetson/ponyo_ws/install/moveMotor/lib/moveMotor
[5.866s] writing list of installed files to '/home/jetson/ponyo_ws/build/moveMotor/install.log'
[6.067s] Invoked command in '/home/jetson/ponyo_ws/src/moveMotor' returned '0': PYTHONPATH=/home/jetson/ponyo_ws/build/moveMotor/prefix_override:/usr/lib/python3/dist-packages/colcon_core/task/python/colcon_distutils_commands:/home/jetson/ponyo_ws/install/moveMotor/lib/python3.10/site-packages:${PYTHONPATH} /usr/bin/python3 -W ignore:setup.py install is deprecated setup.py egg_info --egg-base ../../build/moveMotor build --build-base /home/jetson/ponyo_ws/build/moveMotor/build install --record /home/jetson/ponyo_ws/build/moveMotor/install.log --single-version-externally-managed install_data
