[4.919s] Invoking command in '/home/jetson/ponyo_ws/src/main': PYTHONPATH=/home/jetson/ponyo_ws/build/main/prefix_override:/usr/lib/python3/dist-packages/colcon_core/task/python/colcon_distutils_commands:/home/jetson/ponyo_ws/install/main/lib/python3.10/site-packages:${PYTHONPATH} /usr/bin/python3 -W ignore:setup.py install is deprecated setup.py egg_info --egg-base ../../build/main build --build-base /home/jetson/ponyo_ws/build/main/build install --record /home/jetson/ponyo_ws/build/main/install.log --single-version-externally-managed install_data
[6.112s] running egg_info
[6.116s] writing ../../build/main/main.egg-info/PKG-INFO
[6.118s] writing dependency_links to ../../build/main/main.egg-info/dependency_links.txt
[6.120s] writing entry points to ../../build/main/main.egg-info/entry_points.txt
[6.122s] writing requirements to ../../build/main/main.egg-info/requires.txt
[6.123s] writing top-level names to ../../build/main/main.egg-info/top_level.txt
[6.140s] reading manifest file '../../build/main/main.egg-info/SOURCES.txt'
[6.146s] writing manifest file '../../build/main/main.egg-info/SOURCES.txt'
[6.148s] running build
[6.149s] running build_py
[6.152s] running install
[6.155s] running install_lib
[6.163s] running install_data
[6.165s] running install_egg_info
[6.176s] removing '/home/jetson/ponyo_ws/install/main/lib/python3.10/site-packages/main-0.0.0-py3.10.egg-info' (and everything under it)
[6.179s] Copying ../../build/main/main.egg-info to /home/jetson/ponyo_ws/install/main/lib/python3.10/site-packages/main-0.0.0-py3.10.egg-info
[6.186s] running install_scripts
[6.296s] Installing MotorTopic script to /home/jetson/ponyo_ws/install/main/lib/main
[6.298s] writing list of installed files to '/home/jetson/ponyo_ws/build/main/install.log'
[6.428s] Invoked command in '/home/jetson/ponyo_ws/src/main' returned '0': PYTHONPATH=/home/jetson/ponyo_ws/build/main/prefix_override:/usr/lib/python3/dist-packages/colcon_core/task/python/colcon_distutils_commands:/home/jetson/ponyo_ws/install/main/lib/python3.10/site-packages:${PYTHONPATH} /usr/bin/python3 -W ignore:setup.py install is deprecated setup.py egg_info --egg-base ../../build/main build --build-base /home/jetson/ponyo_ws/build/main/build install --record /home/jetson/ponyo_ws/build/main/install.log --single-version-externally-managed install_data
