[3.942s] Invoking command in '/home/jetson/ponyo_ws/src/moveMotor': PYTHONPATH=/home/jetson/ponyo_ws/build/moveMotor/prefix_override:/usr/lib/python3/dist-packages/colcon_core/task/python/colcon_distutils_commands:/home/jetson/ponyo_ws/install/moveMotor/lib/python3.10/site-packages:${PYTHONPATH} /usr/bin/python3 -W ignore:setup.py install is deprecated setup.py egg_info --egg-base ../../build/moveMotor build --build-base /home/jetson/ponyo_ws/build/moveMotor/build install --record /home/jetson/ponyo_ws/build/moveMotor/install.log --single-version-externally-managed install_data
[4.983s] running egg_info
[4.988s] writing ../../build/moveMotor/moveMotor.egg-info/PKG-INFO
[4.989s] writing dependency_links to ../../build/moveMotor/moveMotor.egg-info/dependency_links.txt
[4.990s] writing entry points to ../../build/moveMotor/moveMotor.egg-info/entry_points.txt
[4.990s] writing requirements to ../../build/moveMotor/moveMotor.egg-info/requires.txt
[4.991s] writing top-level names to ../../build/moveMotor/moveMotor.egg-info/top_level.txt
[4.998s] reading manifest file '../../build/moveMotor/moveMotor.egg-info/SOURCES.txt'
[5.000s] adding license file 'LICENSE'
[5.002s] writing manifest file '../../build/moveMotor/moveMotor.egg-info/SOURCES.txt'
[5.003s] running build
[5.003s] running build_py
[5.006s] running install
[5.008s] running install_lib
[5.014s] running install_data
[5.015s] running install_egg_info
[5.021s] removing '/home/jetson/ponyo_ws/install/moveMotor/lib/python3.10/site-packages/moveMotor-0.0.0-py3.10.egg-info' (and everything under it)
[5.023s] Copying ../../build/moveMotor/moveMotor.egg-info to /home/jetson/ponyo_ws/install/moveMotor/lib/python3.10/site-packages/moveMotor-0.0.0-py3.10.egg-info
[5.027s] running install_scripts
[5.112s] Installing Escucha script to /home/jetson/ponyo_ws/install/moveMotor/lib/moveMotor
[5.113s] Installing Habla script to /home/jetson/ponyo_ws/install/moveMotor/lib/moveMotor
[5.114s] Installing Mensaje script to /home/jetson/ponyo_ws/install/moveMotor/lib/moveMotor
[5.114s] Installing MotorTopic script to /home/jetson/ponyo_ws/install/moveMotor/lib/moveMotor
[5.115s] Installing PublisAndMoveJoystick script to /home/jetson/ponyo_ws/install/moveMotor/lib/moveMotor
[5.116s] Installing Qcamera script to /home/jetson/ponyo_ws/install/moveMotor/lib/moveMotor
[5.117s] writing list of installed files to '/home/jetson/ponyo_ws/build/moveMotor/install.log'
[5.287s] Invoked command in '/home/jetson/ponyo_ws/src/moveMotor' returned '0': PYTHONPATH=/home/jetson/ponyo_ws/build/moveMotor/prefix_override:/usr/lib/python3/dist-packages/colcon_core/task/python/colcon_distutils_commands:/home/jetson/ponyo_ws/install/moveMotor/lib/python3.10/site-packages:${PYTHONPATH} /usr/bin/python3 -W ignore:setup.py install is deprecated setup.py egg_info --egg-base ../../build/moveMotor build --build-base /home/jetson/ponyo_ws/build/moveMotor/build install --record /home/jetson/ponyo_ws/build/moveMotor/install.log --single-version-externally-managed install_data
