[4.520s] Invoking command in '/home/jetson/ponyo_ws/src/moveMotor': PYTHONPATH=/home/jetson/ponyo_ws/build/moveMotor/prefix_override:/usr/lib/python3/dist-packages/colcon_core/task/python/colcon_distutils_commands:/home/jetson/ponyo_ws/install/moveMotor/lib/python3.10/site-packages:${PYTHONPATH} /usr/bin/python3 -W ignore:setup.py install is deprecated setup.py egg_info --egg-base ../../build/moveMotor build --build-base /home/jetson/ponyo_ws/build/moveMotor/build install --record /home/jetson/ponyo_ws/build/moveMotor/install.log --single-version-externally-managed install_data
[5.605s] running egg_info
[5.610s] writing ../../build/moveMotor/moveMotor.egg-info/PKG-INFO
[5.610s] writing dependency_links to ../../build/moveMotor/moveMotor.egg-info/dependency_links.txt
[5.611s] writing entry points to ../../build/moveMotor/moveMotor.egg-info/entry_points.txt
[5.612s] writing requirements to ../../build/moveMotor/moveMotor.egg-info/requires.txt
[5.612s] writing top-level names to ../../build/moveMotor/moveMotor.egg-info/top_level.txt
[5.620s] reading manifest file '../../build/moveMotor/moveMotor.egg-info/SOURCES.txt'
[5.622s] adding license file 'LICENSE'
[5.625s] writing manifest file '../../build/moveMotor/moveMotor.egg-info/SOURCES.txt'
[5.625s] running build
[5.626s] running build_py
[5.629s] running install
[5.630s] running install_lib
[5.637s] running install_data
[5.638s] running install_egg_info
[5.645s] removing '/home/jetson/ponyo_ws/install/moveMotor/lib/python3.10/site-packages/moveMotor-0.0.0-py3.10.egg-info' (and everything under it)
[5.646s] Copying ../../build/moveMotor/moveMotor.egg-info to /home/jetson/ponyo_ws/install/moveMotor/lib/python3.10/site-packages/moveMotor-0.0.0-py3.10.egg-info
[5.650s] running install_scripts
[5.742s] Installing Escucha script to /home/jetson/ponyo_ws/install/moveMotor/lib/moveMotor
[5.743s] Installing Habla script to /home/jetson/ponyo_ws/install/moveMotor/lib/moveMotor
[5.743s] Installing Mensaje script to /home/jetson/ponyo_ws/install/moveMotor/lib/moveMotor
[5.744s] Installing MotorTopic script to /home/jetson/ponyo_ws/install/moveMotor/lib/moveMotor
[5.745s] Installing PublisAndMoveJoystick script to /home/jetson/ponyo_ws/install/moveMotor/lib/moveMotor
[5.745s] Installing Qcamera script to /home/jetson/ponyo_ws/install/moveMotor/lib/moveMotor
[5.747s] writing list of installed files to '/home/jetson/ponyo_ws/build/moveMotor/install.log'
[5.920s] Invoked command in '/home/jetson/ponyo_ws/src/moveMotor' returned '0': PYTHONPATH=/home/jetson/ponyo_ws/build/moveMotor/prefix_override:/usr/lib/python3/dist-packages/colcon_core/task/python/colcon_distutils_commands:/home/jetson/ponyo_ws/install/moveMotor/lib/python3.10/site-packages:${PYTHONPATH} /usr/bin/python3 -W ignore:setup.py install is deprecated setup.py egg_info --egg-base ../../build/moveMotor build --build-base /home/jetson/ponyo_ws/build/moveMotor/build install --record /home/jetson/ponyo_ws/build/moveMotor/install.log --single-version-externally-managed install_data
