[4.831s] Invoking command in '/home/jetson/ponyo_ws/src/moveMotor': PYTHONPATH=/home/jetson/ponyo_ws/build/moveMotor/prefix_override:/usr/lib/python3/dist-packages/colcon_core/task/python/colcon_distutils_commands:/home/jetson/ponyo_ws/install/moveMotor/lib/python3.10/site-packages:${PYTHONPATH} /usr/bin/python3 -W ignore:setup.py install is deprecated setup.py egg_info --egg-base ../../build/moveMotor build --build-base /home/jetson/ponyo_ws/build/moveMotor/build install --record /home/jetson/ponyo_ws/build/moveMotor/install.log --single-version-externally-managed install_data
[5.873s] running egg_info
[5.877s] writing ../../build/moveMotor/moveMotor.egg-info/PKG-INFO
[5.878s] writing dependency_links to ../../build/moveMotor/moveMotor.egg-info/dependency_links.txt
[5.879s] writing entry points to ../../build/moveMotor/moveMotor.egg-info/entry_points.txt
[5.879s] writing requirements to ../../build/moveMotor/moveMotor.egg-info/requires.txt
[5.880s] writing top-level names to ../../build/moveMotor/moveMotor.egg-info/top_level.txt
[5.887s] reading manifest file '../../build/moveMotor/moveMotor.egg-info/SOURCES.txt'
[5.889s] adding license file 'LICENSE'
[5.892s] writing manifest file '../../build/moveMotor/moveMotor.egg-info/SOURCES.txt'
[5.892s] running build
[5.893s] running build_py
[5.896s] running install
[5.897s] running install_lib
[5.904s] running install_data
[5.904s] running install_egg_info
[5.911s] removing '/home/jetson/ponyo_ws/install/moveMotor/lib/python3.10/site-packages/moveMotor-0.0.0-py3.10.egg-info' (and everything under it)
[5.912s] Copying ../../build/moveMotor/moveMotor.egg-info to /home/jetson/ponyo_ws/install/moveMotor/lib/python3.10/site-packages/moveMotor-0.0.0-py3.10.egg-info
[5.916s] running install_scripts
[6.004s] Installing Escucha script to /home/jetson/ponyo_ws/install/moveMotor/lib/moveMotor
[6.005s] Installing Habla script to /home/jetson/ponyo_ws/install/moveMotor/lib/moveMotor
[6.005s] Installing Mensaje script to /home/jetson/ponyo_ws/install/moveMotor/lib/moveMotor
[6.006s] Installing MotorTopic script to /home/jetson/ponyo_ws/install/moveMotor/lib/moveMotor
[6.007s] Installing PublisAndMoveJoystick script to /home/jetson/ponyo_ws/install/moveMotor/lib/moveMotor
[6.007s] Installing Qcamera script to /home/jetson/ponyo_ws/install/moveMotor/lib/moveMotor
[6.008s] writing list of installed files to '/home/jetson/ponyo_ws/build/moveMotor/install.log'
[6.172s] Invoked command in '/home/jetson/ponyo_ws/src/moveMotor' returned '0': PYTHONPATH=/home/jetson/ponyo_ws/build/moveMotor/prefix_override:/usr/lib/python3/dist-packages/colcon_core/task/python/colcon_distutils_commands:/home/jetson/ponyo_ws/install/moveMotor/lib/python3.10/site-packages:${PYTHONPATH} /usr/bin/python3 -W ignore:setup.py install is deprecated setup.py egg_info --egg-base ../../build/moveMotor build --build-base /home/jetson/ponyo_ws/build/moveMotor/build install --record /home/jetson/ponyo_ws/build/moveMotor/install.log --single-version-externally-managed install_data
