[4.240s] Invoking command in '/home/jetson/ponyo_ws/src/moveMotor': PYTHONPATH=/home/jetson/ponyo_ws/build/moveMotor/prefix_override:/usr/lib/python3/dist-packages/colcon_core/task/python/colcon_distutils_commands:/home/jetson/ponyo_ws/install/moveMotor/lib/python3.10/site-packages:${PYTHONPATH} /usr/bin/python3 -W ignore:setup.py install is deprecated setup.py egg_info --egg-base ../../build/moveMotor build --build-base /home/jetson/ponyo_ws/build/moveMotor/build install --record /home/jetson/ponyo_ws/build/moveMotor/install.log --single-version-externally-managed install_data
[5.279s] running egg_info
[5.283s] writing ../../build/moveMotor/moveMotor.egg-info/PKG-INFO
[5.284s] writing dependency_links to ../../build/moveMotor/moveMotor.egg-info/dependency_links.txt
[5.284s] writing entry points to ../../build/moveMotor/moveMotor.egg-info/entry_points.txt
[5.285s] writing requirements to ../../build/moveMotor/moveMotor.egg-info/requires.txt
[5.286s] writing top-level names to ../../build/moveMotor/moveMotor.egg-info/top_level.txt
[5.293s] reading manifest file '../../build/moveMotor/moveMotor.egg-info/SOURCES.txt'
[5.295s] adding license file 'LICENSE'
[5.297s] writing manifest file '../../build/moveMotor/moveMotor.egg-info/SOURCES.txt'
[5.298s] running build
[5.298s] running build_py
[5.301s] running install
[5.303s] running install_lib
[5.309s] running install_data
[5.310s] running install_egg_info
[5.316s] removing '/home/jetson/ponyo_ws/install/moveMotor/lib/python3.10/site-packages/moveMotor-0.0.0-py3.10.egg-info' (and everything under it)
[5.318s] Copying ../../build/moveMotor/moveMotor.egg-info to /home/jetson/ponyo_ws/install/moveMotor/lib/python3.10/site-packages/moveMotor-0.0.0-py3.10.egg-info
[5.321s] running install_scripts
[5.407s] Installing Escucha script to /home/jetson/ponyo_ws/install/moveMotor/lib/moveMotor
[5.408s] Installing Habla script to /home/jetson/ponyo_ws/install/moveMotor/lib/moveMotor
[5.409s] Installing Mensaje script to /home/jetson/ponyo_ws/install/moveMotor/lib/moveMotor
[5.410s] Installing MotorTopic script to /home/jetson/ponyo_ws/install/moveMotor/lib/moveMotor
[5.410s] Installing PublisAndMoveJoystick script to /home/jetson/ponyo_ws/install/moveMotor/lib/moveMotor
[5.411s] Installing Qcamera script to /home/jetson/ponyo_ws/install/moveMotor/lib/moveMotor
[5.412s] writing list of installed files to '/home/jetson/ponyo_ws/build/moveMotor/install.log'
[5.575s] Invoked command in '/home/jetson/ponyo_ws/src/moveMotor' returned '0': PYTHONPATH=/home/jetson/ponyo_ws/build/moveMotor/prefix_override:/usr/lib/python3/dist-packages/colcon_core/task/python/colcon_distutils_commands:/home/jetson/ponyo_ws/install/moveMotor/lib/python3.10/site-packages:${PYTHONPATH} /usr/bin/python3 -W ignore:setup.py install is deprecated setup.py egg_info --egg-base ../../build/moveMotor build --build-base /home/jetson/ponyo_ws/build/moveMotor/build install --record /home/jetson/ponyo_ws/build/moveMotor/install.log --single-version-externally-managed install_data
