[3.708s] Invoking command in '/home/jetson/ponyo_ws/src/moveMotor': PYTHONPATH=/home/jetson/ponyo_ws/build/moveMotor/prefix_override:/usr/lib/python3/dist-packages/colcon_core/task/python/colcon_distutils_commands:/home/jetson/ponyo_ws/install/moveMotor/lib/python3.10/site-packages:${PYTHONPATH} /usr/bin/python3 -W ignore:setup.py install is deprecated setup.py egg_info --egg-base ../../build/moveMotor build --build-base /home/jetson/ponyo_ws/build/moveMotor/build install --record /home/jetson/ponyo_ws/build/moveMotor/install.log --single-version-externally-managed install_data
[4.740s] running egg_info
[4.743s] writing ../../build/moveMotor/moveMotor.egg-info/PKG-INFO
[4.744s] writing dependency_links to ../../build/moveMotor/moveMotor.egg-info/dependency_links.txt
[4.745s] writing entry points to ../../build/moveMotor/moveMotor.egg-info/entry_points.txt
[4.747s] writing requirements to ../../build/moveMotor/moveMotor.egg-info/requires.txt
[4.747s] writing top-level names to ../../build/moveMotor/moveMotor.egg-info/top_level.txt
[4.753s] reading manifest file '../../build/moveMotor/moveMotor.egg-info/SOURCES.txt'
[4.754s] adding license file 'LICENSE'
[4.757s] writing manifest file '../../build/moveMotor/moveMotor.egg-info/SOURCES.txt'
[4.757s] running build
[4.758s] running build_py
[4.760s] running install
[4.761s] running install_lib
[4.767s] running install_data
[4.768s] running install_egg_info
[4.775s] removing '/home/jetson/ponyo_ws/install/moveMotor/lib/python3.10/site-packages/moveMotor-0.0.0-py3.10.egg-info' (and everything under it)
[4.776s] Copying ../../build/moveMotor/moveMotor.egg-info to /home/jetson/ponyo_ws/install/moveMotor/lib/python3.10/site-packages/moveMotor-0.0.0-py3.10.egg-info
[4.779s] running install_scripts
[4.866s] Installing Escucha script to /home/jetson/ponyo_ws/install/moveMotor/lib/moveMotor
[4.867s] Installing Habla script to /home/jetson/ponyo_ws/install/moveMotor/lib/moveMotor
[4.868s] Installing MotorTopic script to /home/jetson/ponyo_ws/install/moveMotor/lib/moveMotor
[4.868s] Installing PublisAndMoveJoystick script to /home/jetson/ponyo_ws/install/moveMotor/lib/moveMotor
[4.870s] writing list of installed files to '/home/jetson/ponyo_ws/build/moveMotor/install.log'
[5.035s] Invoked command in '/home/jetson/ponyo_ws/src/moveMotor' returned '0': PYTHONPATH=/home/jetson/ponyo_ws/build/moveMotor/prefix_override:/usr/lib/python3/dist-packages/colcon_core/task/python/colcon_distutils_commands:/home/jetson/ponyo_ws/install/moveMotor/lib/python3.10/site-packages:${PYTHONPATH} /usr/bin/python3 -W ignore:setup.py install is deprecated setup.py egg_info --egg-base ../../build/moveMotor build --build-base /home/jetson/ponyo_ws/build/moveMotor/build install --record /home/jetson/ponyo_ws/build/moveMotor/install.log --single-version-externally-managed install_data
