[3.755s] Invoking command in '/home/jetson/ponyo_ws/src/moveMotor': PYTHONPATH=/home/jetson/ponyo_ws/build/moveMotor/prefix_override:/usr/lib/python3/dist-packages/colcon_core/task/python/colcon_distutils_commands:/home/jetson/ponyo_ws/install/moveMotor/lib/python3.10/site-packages:${PYTHONPATH} /usr/bin/python3 -W ignore:setup.py install is deprecated setup.py egg_info --egg-base ../../build/moveMotor build --build-base /home/jetson/ponyo_ws/build/moveMotor/build install --record /home/jetson/ponyo_ws/build/moveMotor/install.log --single-version-externally-managed install_data
[4.799s] running egg_info
[4.803s] writing ../../build/moveMotor/moveMotor.egg-info/PKG-INFO
[4.804s] writing dependency_links to ../../build/moveMotor/moveMotor.egg-info/dependency_links.txt
[4.805s] writing entry points to ../../build/moveMotor/moveMotor.egg-info/entry_points.txt
[4.805s] writing requirements to ../../build/moveMotor/moveMotor.egg-info/requires.txt
[4.806s] writing top-level names to ../../build/moveMotor/moveMotor.egg-info/top_level.txt
[4.813s] reading manifest file '../../build/moveMotor/moveMotor.egg-info/SOURCES.txt'
[4.815s] adding license file 'LICENSE'
[4.818s] writing manifest file '../../build/moveMotor/moveMotor.egg-info/SOURCES.txt'
[4.818s] running build
[4.819s] running build_py
[4.821s] running install
[4.823s] running install_lib
[4.830s] running install_data
[4.830s] running install_egg_info
[4.837s] removing '/home/jetson/ponyo_ws/install/moveMotor/lib/python3.10/site-packages/moveMotor-0.0.0-py3.10.egg-info' (and everything under it)
[4.838s] Copying ../../build/moveMotor/moveMotor.egg-info to /home/jetson/ponyo_ws/install/moveMotor/lib/python3.10/site-packages/moveMotor-0.0.0-py3.10.egg-info
[4.842s] running install_scripts
[4.929s] Installing Escucha script to /home/jetson/ponyo_ws/install/moveMotor/lib/moveMotor
[4.929s] Installing Habla script to /home/jetson/ponyo_ws/install/moveMotor/lib/moveMotor
[4.930s] Installing Mensaje script to /home/jetson/ponyo_ws/install/moveMotor/lib/moveMotor
[4.931s] Installing MotorTopic script to /home/jetson/ponyo_ws/install/moveMotor/lib/moveMotor
[4.931s] Installing PublisAndMoveJoystick script to /home/jetson/ponyo_ws/install/moveMotor/lib/moveMotor
[4.932s] Installing Qcamera script to /home/jetson/ponyo_ws/install/moveMotor/lib/moveMotor
[4.933s] writing list of installed files to '/home/jetson/ponyo_ws/build/moveMotor/install.log'
[5.103s] Invoked command in '/home/jetson/ponyo_ws/src/moveMotor' returned '0': PYTHONPATH=/home/jetson/ponyo_ws/build/moveMotor/prefix_override:/usr/lib/python3/dist-packages/colcon_core/task/python/colcon_distutils_commands:/home/jetson/ponyo_ws/install/moveMotor/lib/python3.10/site-packages:${PYTHONPATH} /usr/bin/python3 -W ignore:setup.py install is deprecated setup.py egg_info --egg-base ../../build/moveMotor build --build-base /home/jetson/ponyo_ws/build/moveMotor/build install --record /home/jetson/ponyo_ws/build/moveMotor/install.log --single-version-externally-managed install_data
