[4.520s] Invoking command in '/home/jetson/ponyo_ws/src/moveMotor': PYTHONPATH=/home/jetson/ponyo_ws/build/moveMotor/prefix_override:/usr/lib/python3/dist-packages/colcon_core/task/python/colcon_distutils_commands:/home/jetson/ponyo_ws/install/moveMotor/lib/python3.10/site-packages:${PYTHONPATH} /usr/bin/python3 -W ignore:setup.py install is deprecated setup.py egg_info --egg-base ../../build/moveMotor build --build-base /home/jetson/ponyo_ws/build/moveMotor/build install --record /home/jetson/ponyo_ws/build/moveMotor/install.log --single-version-externally-managed install_data
[5.673s] running egg_info
[5.678s] writing ../../build/moveMotor/moveMotor.egg-info/PKG-INFO
[5.679s] writing dependency_links to ../../build/moveMotor/moveMotor.egg-info/dependency_links.txt
[5.679s] writing entry points to ../../build/moveMotor/moveMotor.egg-info/entry_points.txt
[5.680s] writing requirements to ../../build/moveMotor/moveMotor.egg-info/requires.txt
[5.680s] writing top-level names to ../../build/moveMotor/moveMotor.egg-info/top_level.txt
[5.689s] reading manifest file '../../build/moveMotor/moveMotor.egg-info/SOURCES.txt'
[5.699s] adding license file 'LICENSE'
[5.699s] writing manifest file '../../build/moveMotor/moveMotor.egg-info/SOURCES.txt'
[5.700s] running build
[5.700s] running build_py
[5.703s] running install
[5.709s] running install_lib
[5.713s] running install_data
[5.714s] running install_egg_info
[5.721s] removing '/home/jetson/ponyo_ws/install/moveMotor/lib/python3.10/site-packages/moveMotor-0.0.0-py3.10.egg-info' (and everything under it)
[5.722s] Copying ../../build/moveMotor/moveMotor.egg-info to /home/jetson/ponyo_ws/install/moveMotor/lib/python3.10/site-packages/moveMotor-0.0.0-py3.10.egg-info
[5.726s] running install_scripts
[5.827s] Installing Escucha script to /home/jetson/ponyo_ws/install/moveMotor/lib/moveMotor
[5.827s] Installing Habla script to /home/jetson/ponyo_ws/install/moveMotor/lib/moveMotor
[5.828s] Installing Mensaje script to /home/jetson/ponyo_ws/install/moveMotor/lib/moveMotor
[5.829s] Installing MotorTopic script to /home/jetson/ponyo_ws/install/moveMotor/lib/moveMotor
[5.830s] Installing PublisAndMoveJoystick script to /home/jetson/ponyo_ws/install/moveMotor/lib/moveMotor
[5.831s] Installing Qcamera script to /home/jetson/ponyo_ws/install/moveMotor/lib/moveMotor
[5.834s] writing list of installed files to '/home/jetson/ponyo_ws/build/moveMotor/install.log'
[6.010s] Invoked command in '/home/jetson/ponyo_ws/src/moveMotor' returned '0': PYTHONPATH=/home/jetson/ponyo_ws/build/moveMotor/prefix_override:/usr/lib/python3/dist-packages/colcon_core/task/python/colcon_distutils_commands:/home/jetson/ponyo_ws/install/moveMotor/lib/python3.10/site-packages:${PYTHONPATH} /usr/bin/python3 -W ignore:setup.py install is deprecated setup.py egg_info --egg-base ../../build/moveMotor build --build-base /home/jetson/ponyo_ws/build/moveMotor/build install --record /home/jetson/ponyo_ws/build/moveMotor/install.log --single-version-externally-managed install_data
