[4.897s] Invoking command in '/home/jetson/ponyo_ws/src/moveMotor': PYTHONPATH=/home/jetson/ponyo_ws/build/moveMotor/prefix_override:/usr/lib/python3/dist-packages/colcon_core/task/python/colcon_distutils_commands:/home/jetson/ponyo_ws/install/moveMotor/lib/python3.10/site-packages:${PYTHONPATH} /usr/bin/python3 -W ignore:setup.py install is deprecated setup.py egg_info --egg-base ../../build/moveMotor build --build-base /home/jetson/ponyo_ws/build/moveMotor/build install --record /home/jetson/ponyo_ws/build/moveMotor/install.log --single-version-externally-managed install_data
[6.073s] running egg_info
[6.077s] writing ../../build/moveMotor/moveMotor.egg-info/PKG-INFO
[6.078s] writing dependency_links to ../../build/moveMotor/moveMotor.egg-info/dependency_links.txt
[6.079s] writing entry points to ../../build/moveMotor/moveMotor.egg-info/entry_points.txt
[6.080s] writing requirements to ../../build/moveMotor/moveMotor.egg-info/requires.txt
[6.081s] writing top-level names to ../../build/moveMotor/moveMotor.egg-info/top_level.txt
[6.090s] reading manifest file '../../build/moveMotor/moveMotor.egg-info/SOURCES.txt'
[6.091s] adding license file 'LICENSE'
[6.095s] writing manifest file '../../build/moveMotor/moveMotor.egg-info/SOURCES.txt'
[6.095s] running build
[6.096s] running build_py
[6.099s] running install
[6.101s] running install_lib
[6.109s] running install_data
[6.109s] running install_egg_info
[6.117s] removing '/home/jetson/ponyo_ws/install/moveMotor/lib/python3.10/site-packages/moveMotor-0.0.0-py3.10.egg-info' (and everything under it)
[6.119s] Copying ../../build/moveMotor/moveMotor.egg-info to /home/jetson/ponyo_ws/install/moveMotor/lib/python3.10/site-packages/moveMotor-0.0.0-py3.10.egg-info
[6.123s] running install_scripts
[6.220s] Installing Escucha script to /home/jetson/ponyo_ws/install/moveMotor/lib/moveMotor
[6.220s] Installing Habla script to /home/jetson/ponyo_ws/install/moveMotor/lib/moveMotor
[6.221s] Installing Mensaje script to /home/jetson/ponyo_ws/install/moveMotor/lib/moveMotor
[6.221s] Installing MotorTopic script to /home/jetson/ponyo_ws/install/moveMotor/lib/moveMotor
[6.222s] Installing PublisAndMoveJoystick script to /home/jetson/ponyo_ws/install/moveMotor/lib/moveMotor
[6.222s] Installing Qcamera script to /home/jetson/ponyo_ws/install/moveMotor/lib/moveMotor
[6.223s] writing list of installed files to '/home/jetson/ponyo_ws/build/moveMotor/install.log'
[6.346s] Invoked command in '/home/jetson/ponyo_ws/src/moveMotor' returned '0': PYTHONPATH=/home/jetson/ponyo_ws/build/moveMotor/prefix_override:/usr/lib/python3/dist-packages/colcon_core/task/python/colcon_distutils_commands:/home/jetson/ponyo_ws/install/moveMotor/lib/python3.10/site-packages:${PYTHONPATH} /usr/bin/python3 -W ignore:setup.py install is deprecated setup.py egg_info --egg-base ../../build/moveMotor build --build-base /home/jetson/ponyo_ws/build/moveMotor/build install --record /home/jetson/ponyo_ws/build/moveMotor/install.log --single-version-externally-managed install_data
