[0.744s] DEBUG:colcon:Command line arguments: ['/usr/bin/colcon', 'build']
[0.744s] DEBUG:colcon:Parsed command line arguments: Namespace(log_base=None, log_level=None, verb_name='build', build_base='build', install_base='install', merge_install=False, symlink_install=False, test_result_base=None, continue_on_error=False, executor='parallel', parallel_workers=4, event_handlers=None, ignore_user_meta=False, metas=['./colcon.meta'], base_paths=['.'], packages_ignore=None, packages_ignore_regex=None, paths=None, packages_up_to=None, packages_up_to_regex=None, packages_above=None, packages_above_and_dependencies=None, packages_above_depth=None, packages_select_by_dep=None, packages_skip_by_dep=None, packages_skip_up_to=None, packages_select_build_failed=False, packages_skip_build_finished=False, packages_select_test_failures=False, packages_skip_test_passed=False, packages_select=None, packages_skip=None, packages_select_regex=None, packages_skip_regex=None, packages_start=None, packages_end=None, allow_overriding=[], cmake_args=None, cmake_target=None, cmake_target_skip_unavailable=False, cmake_clean_cache=False, cmake_clean_first=False, cmake_force_configure=False, ament_cmake_args=None, catkin_cmake_args=None, catkin_skip_building_tests=False, mixin_files=None, mixin=None, verb_parser=<colcon_mixin.mixin.mixin_argument.MixinArgumentDecorator object at 0x7f7ff776d0>, verb_extension=<colcon_core.verb.build.BuildVerb object at 0x7f7ff74a00>, main=<bound method BuildVerb.main of <colcon_core.verb.build.BuildVerb object at 0x7f7ff74a00>>, mixin_verb=('build',))
[1.659s] Level 1:colcon.colcon_core.package_discovery:discover_packages(colcon_meta) check parameters
[1.660s] Level 1:colcon.colcon_core.package_discovery:discover_packages(recursive) check parameters
[1.660s] Level 1:colcon.colcon_core.package_discovery:discover_packages(ignore) check parameters
[1.660s] Level 1:colcon.colcon_core.package_discovery:discover_packages(path) check parameters
[1.660s] Level 1:colcon.colcon_core.package_discovery:discover_packages(colcon_meta) discover
[1.660s] Level 1:colcon.colcon_core.package_discovery:discover_packages(recursive) discover
[1.661s] INFO:colcon.colcon_core.package_discovery:Crawling recursively for packages in '/home/jetson/ponyo_ws'
[1.661s] Level 1:colcon.colcon_core.package_identification:_identify(.) by extensions ['ignore', 'ignore_ament_install']
[1.661s] Level 1:colcon.colcon_core.package_identification:_identify(.) by extension 'ignore'
[1.662s] Level 1:colcon.colcon_core.package_identification:_identify(.) by extension 'ignore_ament_install'
[1.662s] Level 1:colcon.colcon_core.package_identification:_identify(.) by extensions ['colcon_pkg']
[1.662s] Level 1:colcon.colcon_core.package_identification:_identify(.) by extension 'colcon_pkg'
[1.663s] Level 1:colcon.colcon_core.package_identification:_identify(.) by extensions ['colcon_meta']
[1.663s] Level 1:colcon.colcon_core.package_identification:_identify(.) by extension 'colcon_meta'
[1.663s] Level 1:colcon.colcon_core.package_identification:_identify(.) by extensions ['ros']
[1.663s] Level 1:colcon.colcon_core.package_identification:_identify(.) by extension 'ros'
[1.744s] Level 1:colcon.colcon_core.package_identification:_identify(.) by extensions ['cmake', 'python']
[1.745s] Level 1:colcon.colcon_core.package_identification:_identify(.) by extension 'cmake'
[1.745s] Level 1:colcon.colcon_core.package_identification:_identify(.) by extension 'python'
[1.745s] Level 1:colcon.colcon_core.package_identification:_identify(.) by extensions ['python_setup_py']
[1.745s] Level 1:colcon.colcon_core.package_identification:_identify(.) by extension 'python_setup_py'
[1.746s] Level 1:colcon.colcon_core.package_identification:_identify(build) by extensions ['ignore', 'ignore_ament_install']
[1.746s] Level 1:colcon.colcon_core.package_identification:_identify(build) by extension 'ignore'
[1.747s] Level 1:colcon.colcon_core.package_identification:_identify(build) ignored
[1.747s] Level 1:colcon.colcon_core.package_identification:_identify(install) by extensions ['ignore', 'ignore_ament_install']
[1.748s] Level 1:colcon.colcon_core.package_identification:_identify(install) by extension 'ignore'
[1.748s] Level 1:colcon.colcon_core.package_identification:_identify(install) ignored
[1.749s] Level 1:colcon.colcon_core.package_identification:_identify(log) by extensions ['ignore', 'ignore_ament_install']
[1.749s] Level 1:colcon.colcon_core.package_identification:_identify(log) by extension 'ignore'
[1.749s] Level 1:colcon.colcon_core.package_identification:_identify(log) ignored
[1.750s] Level 1:colcon.colcon_core.package_identification:_identify(src) by extensions ['ignore', 'ignore_ament_install']
[1.750s] Level 1:colcon.colcon_core.package_identification:_identify(src) by extension 'ignore'
[1.750s] Level 1:colcon.colcon_core.package_identification:_identify(src) by extension 'ignore_ament_install'
[1.751s] Level 1:colcon.colcon_core.package_identification:_identify(src) by extensions ['colcon_pkg']
[1.751s] Level 1:colcon.colcon_core.package_identification:_identify(src) by extension 'colcon_pkg'
[1.751s] Level 1:colcon.colcon_core.package_identification:_identify(src) by extensions ['colcon_meta']
[1.751s] Level 1:colcon.colcon_core.package_identification:_identify(src) by extension 'colcon_meta'
[1.752s] Level 1:colcon.colcon_core.package_identification:_identify(src) by extensions ['ros']
[1.752s] Level 1:colcon.colcon_core.package_identification:_identify(src) by extension 'ros'
[1.752s] Level 1:colcon.colcon_core.package_identification:_identify(src) by extensions ['cmake', 'python']
[1.753s] Level 1:colcon.colcon_core.package_identification:_identify(src) by extension 'cmake'
[1.753s] Level 1:colcon.colcon_core.package_identification:_identify(src) by extension 'python'
[1.753s] Level 1:colcon.colcon_core.package_identification:_identify(src) by extensions ['python_setup_py']
[1.753s] Level 1:colcon.colcon_core.package_identification:_identify(src) by extension 'python_setup_py'
[1.754s] Level 1:colcon.colcon_core.package_identification:_identify(src/main) by extensions ['ignore', 'ignore_ament_install']
[1.754s] Level 1:colcon.colcon_core.package_identification:_identify(src/main) by extension 'ignore'
[1.754s] Level 1:colcon.colcon_core.package_identification:_identify(src/main) by extension 'ignore_ament_install'
[1.755s] Level 1:colcon.colcon_core.package_identification:_identify(src/main) by extensions ['colcon_pkg']
[1.755s] Level 1:colcon.colcon_core.package_identification:_identify(src/main) by extension 'colcon_pkg'
[1.755s] Level 1:colcon.colcon_core.package_identification:_identify(src/main) by extensions ['colcon_meta']
[1.755s] Level 1:colcon.colcon_core.package_identification:_identify(src/main) by extension 'colcon_meta'
[1.756s] Level 1:colcon.colcon_core.package_identification:_identify(src/main) by extensions ['ros']
[1.756s] Level 1:colcon.colcon_core.package_identification:_identify(src/main) by extension 'ros'
[1.769s] DEBUG:colcon.colcon_core.package_identification:Package 'src/main' with type 'ros.ament_python' and name 'main'
[1.770s] Level 1:colcon.colcon_core.package_identification:_identify(src/moveMotor) by extensions ['ignore', 'ignore_ament_install']
[1.770s] Level 1:colcon.colcon_core.package_identification:_identify(src/moveMotor) by extension 'ignore'
[1.771s] Level 1:colcon.colcon_core.package_identification:_identify(src/moveMotor) by extension 'ignore_ament_install'
[1.771s] Level 1:colcon.colcon_core.package_identification:_identify(src/moveMotor) by extensions ['colcon_pkg']
[1.771s] Level 1:colcon.colcon_core.package_identification:_identify(src/moveMotor) by extension 'colcon_pkg'
[1.771s] Level 1:colcon.colcon_core.package_identification:_identify(src/moveMotor) by extensions ['colcon_meta']
[1.772s] Level 1:colcon.colcon_core.package_identification:_identify(src/moveMotor) by extension 'colcon_meta'
[1.772s] Level 1:colcon.colcon_core.package_identification:_identify(src/moveMotor) by extensions ['ros']
[1.772s] Level 1:colcon.colcon_core.package_identification:_identify(src/moveMotor) by extension 'ros'
[1.775s] DEBUG:colcon.colcon_core.package_identification:Package 'src/moveMotor' with type 'ros.ament_python' and name 'moveMotor'
[1.775s] Level 1:colcon.colcon_core.package_discovery:discover_packages(recursive) using defaults
[1.776s] Level 1:colcon.colcon_core.package_discovery:discover_packages(ignore) discover
[1.776s] Level 1:colcon.colcon_core.package_discovery:discover_packages(ignore) using defaults
[1.776s] Level 1:colcon.colcon_core.package_discovery:discover_packages(path) discover
[1.776s] Level 1:colcon.colcon_core.package_discovery:discover_packages(path) using defaults
[1.872s] Level 1:colcon.colcon_core.package_discovery:discover_packages(prefix_path) check parameters
[1.872s] Level 1:colcon.colcon_core.package_discovery:discover_packages(prefix_path) discover
[1.887s] DEBUG:colcon.colcon_installed_package_information.package_discovery:Found 184 installed packages in /opt/ros/humble
[1.893s] Level 1:colcon.colcon_core.package_discovery:discover_packages(prefix_path) using defaults
[2.087s] Level 5:colcon.colcon_core.verb:set package 'main' build argument 'cmake_args' from command line to 'None'
[2.087s] Level 5:colcon.colcon_core.verb:set package 'main' build argument 'cmake_target' from command line to 'None'
[2.088s] Level 5:colcon.colcon_core.verb:set package 'main' build argument 'cmake_target_skip_unavailable' from command line to 'False'
[2.088s] Level 5:colcon.colcon_core.verb:set package 'main' build argument 'cmake_clean_cache' from command line to 'False'
[2.088s] Level 5:colcon.colcon_core.verb:set package 'main' build argument 'cmake_clean_first' from command line to 'False'
[2.088s] Level 5:colcon.colcon_core.verb:set package 'main' build argument 'cmake_force_configure' from command line to 'False'
[2.088s] Level 5:colcon.colcon_core.verb:set package 'main' build argument 'ament_cmake_args' from command line to 'None'
[2.088s] Level 5:colcon.colcon_core.verb:set package 'main' build argument 'catkin_cmake_args' from command line to 'None'
[2.089s] Level 5:colcon.colcon_core.verb:set package 'main' build argument 'catkin_skip_building_tests' from command line to 'False'
[2.089s] DEBUG:colcon.colcon_core.verb:Building package 'main' with the following arguments: {'ament_cmake_args': None, 'build_base': '/home/jetson/ponyo_ws/build/main', 'catkin_cmake_args': None, 'catkin_skip_building_tests': False, 'cmake_args': None, 'cmake_clean_cache': False, 'cmake_clean_first': False, 'cmake_force_configure': False, 'cmake_target': None, 'cmake_target_skip_unavailable': False, 'install_base': '/home/jetson/ponyo_ws/install/main', 'merge_install': False, 'path': '/home/jetson/ponyo_ws/src/main', 'symlink_install': False, 'test_result_base': None}
[2.091s] Level 5:colcon.colcon_core.verb:set package 'moveMotor' build argument 'cmake_args' from command line to 'None'
[2.091s] Level 5:colcon.colcon_core.verb:set package 'moveMotor' build argument 'cmake_target' from command line to 'None'
[2.091s] Level 5:colcon.colcon_core.verb:set package 'moveMotor' build argument 'cmake_target_skip_unavailable' from command line to 'False'
[2.092s] Level 5:colcon.colcon_core.verb:set package 'moveMotor' build argument 'cmake_clean_cache' from command line to 'False'
[2.092s] Level 5:colcon.colcon_core.verb:set package 'moveMotor' build argument 'cmake_clean_first' from command line to 'False'
[2.092s] Level 5:colcon.colcon_core.verb:set package 'moveMotor' build argument 'cmake_force_configure' from command line to 'False'
[2.092s] Level 5:colcon.colcon_core.verb:set package 'moveMotor' build argument 'ament_cmake_args' from command line to 'None'
[2.092s] Level 5:colcon.colcon_core.verb:set package 'moveMotor' build argument 'catkin_cmake_args' from command line to 'None'
[2.092s] Level 5:colcon.colcon_core.verb:set package 'moveMotor' build argument 'catkin_skip_building_tests' from command line to 'False'
[2.093s] DEBUG:colcon.colcon_core.verb:Building package 'moveMotor' with the following arguments: {'ament_cmake_args': None, 'build_base': '/home/jetson/ponyo_ws/build/moveMotor', 'catkin_cmake_args': None, 'catkin_skip_building_tests': False, 'cmake_args': None, 'cmake_clean_cache': False, 'cmake_clean_first': False, 'cmake_force_configure': False, 'cmake_target': None, 'cmake_target_skip_unavailable': False, 'install_base': '/home/jetson/ponyo_ws/install/moveMotor', 'merge_install': False, 'path': '/home/jetson/ponyo_ws/src/moveMotor', 'symlink_install': False, 'test_result_base': None}
[2.093s] INFO:colcon.colcon_core.executor:Executing jobs using 'parallel' executor
[2.097s] DEBUG:colcon.colcon_parallel_executor.executor.parallel:run_until_complete
[2.098s] INFO:colcon.colcon_ros.task.ament_python.build:Building ROS package in '/home/jetson/ponyo_ws/src/main' with build type 'ament_python'
[2.098s] Level 1:colcon.colcon_core.shell:create_environment_hook('main', 'ament_prefix_path')
[2.120s] INFO:colcon.colcon_core.plugin_system:Skipping extension 'colcon_core.shell.bat': Not used on non-Windows systems
[2.121s] INFO:colcon.colcon_core.shell:Creating environment hook '/home/jetson/ponyo_ws/install/main/share/main/hook/ament_prefix_path.ps1'
[2.124s] INFO:colcon.colcon_core.shell:Creating environment descriptor '/home/jetson/ponyo_ws/install/main/share/main/hook/ament_prefix_path.dsv'
[2.125s] INFO:colcon.colcon_core.shell:Creating environment hook '/home/jetson/ponyo_ws/install/main/share/main/hook/ament_prefix_path.sh'
[2.129s] INFO:colcon.colcon_core.shell:Skip shell extension 'powershell' for command environment: Not usable outside of PowerShell
[2.129s] DEBUG:colcon.colcon_core.shell:Skip shell extension 'dsv' for command environment
[2.140s] INFO:colcon.colcon_ros.task.ament_python.build:Building ROS package in '/home/jetson/ponyo_ws/src/moveMotor' with build type 'ament_python'
[2.141s] Level 1:colcon.colcon_core.shell:create_environment_hook('moveMotor', 'ament_prefix_path')
[2.142s] INFO:colcon.colcon_core.shell:Creating environment hook '/home/jetson/ponyo_ws/install/moveMotor/share/moveMotor/hook/ament_prefix_path.ps1'
[2.143s] INFO:colcon.colcon_core.shell:Creating environment descriptor '/home/jetson/ponyo_ws/install/moveMotor/share/moveMotor/hook/ament_prefix_path.dsv'
[2.145s] INFO:colcon.colcon_core.shell:Creating environment hook '/home/jetson/ponyo_ws/install/moveMotor/share/moveMotor/hook/ament_prefix_path.sh'
[2.147s] INFO:colcon.colcon_core.shell:Skip shell extension 'powershell' for command environment: Not usable outside of PowerShell
[2.147s] DEBUG:colcon.colcon_core.shell:Skip shell extension 'dsv' for command environment
[3.518s] INFO:colcon.colcon_core.task.python.build:Building Python package in '/home/jetson/ponyo_ws/src/main'
[3.519s] INFO:colcon.colcon_core.shell:Skip shell extension 'powershell' for command environment: Not usable outside of PowerShell
[3.520s] DEBUG:colcon.colcon_core.shell:Skip shell extension 'dsv' for command environment
[5.099s] INFO:colcon.colcon_core.task.python.build:Building Python package in '/home/jetson/ponyo_ws/src/moveMotor'
[5.100s] INFO:colcon.colcon_core.shell:Skip shell extension 'powershell' for command environment: Not usable outside of PowerShell
[5.101s] DEBUG:colcon.colcon_core.shell:Skip shell extension 'dsv' for command environment
[7.098s] DEBUG:colcon.colcon_core.event_handler.log_command:Invoking command in '/home/jetson/ponyo_ws/src/main': PYTHONPATH=/home/jetson/ponyo_ws/build/main/prefix_override:/usr/lib/python3/dist-packages/colcon_core/task/python/colcon_distutils_commands:/home/jetson/ponyo_ws/install/main/lib/python3.10/site-packages:${PYTHONPATH} /usr/bin/python3 -W ignore:setup.py install is deprecated setup.py egg_info --egg-base ../../build/main build --build-base /home/jetson/ponyo_ws/build/main/build install --record /home/jetson/ponyo_ws/build/main/install.log --single-version-externally-managed install_data
[7.114s] DEBUG:colcon.colcon_core.event_handler.log_command:Invoking command in '/home/jetson/ponyo_ws/src/moveMotor': PYTHONPATH=/home/jetson/ponyo_ws/build/moveMotor/prefix_override:/usr/lib/python3/dist-packages/colcon_core/task/python/colcon_distutils_commands:/home/jetson/ponyo_ws/install/moveMotor/lib/python3.10/site-packages:${PYTHONPATH} /usr/bin/python3 -W ignore:setup.py install is deprecated setup.py egg_info --egg-base ../../build/moveMotor build --build-base /home/jetson/ponyo_ws/build/moveMotor/build install --record /home/jetson/ponyo_ws/build/moveMotor/install.log --single-version-externally-managed install_data
[8.442s] Level 1:colcon.colcon_core.environment:checking '/home/jetson/ponyo_ws/install/main' for CMake module files
[8.746s] Level 1:colcon.colcon_core.environment:checking '/home/jetson/ponyo_ws/install/main' for CMake config files
[8.751s] Level 1:colcon.colcon_core.environment:checking '/home/jetson/ponyo_ws/install/main/lib'
[8.752s] Level 1:colcon.colcon_core.environment:checking '/home/jetson/ponyo_ws/install/main/bin'
[8.752s] Level 1:colcon.colcon_core.environment:checking '/home/jetson/ponyo_ws/install/main/lib/pkgconfig/main.pc'
[8.753s] Level 1:colcon.colcon_core.environment:checking '/home/jetson/ponyo_ws/install/main/lib/python3.10/site-packages'
[8.753s] Level 1:colcon.colcon_core.shell:create_environment_hook('main', 'pythonpath')
[8.754s] INFO:colcon.colcon_core.shell:Creating environment hook '/home/jetson/ponyo_ws/install/main/share/main/hook/pythonpath.ps1'
[8.756s] INFO:colcon.colcon_core.shell:Creating environment descriptor '/home/jetson/ponyo_ws/install/main/share/main/hook/pythonpath.dsv'
[8.757s] INFO:colcon.colcon_core.shell:Creating environment hook '/home/jetson/ponyo_ws/install/main/share/main/hook/pythonpath.sh'
[8.759s] Level 1:colcon.colcon_core.environment:checking '/home/jetson/ponyo_ws/install/main/bin'
[8.759s] Level 1:colcon.colcon_core.environment:create_environment_scripts_only(main)
[8.761s] INFO:colcon.colcon_core.shell:Creating package script '/home/jetson/ponyo_ws/install/main/share/main/package.ps1'
[8.764s] INFO:colcon.colcon_core.shell:Creating package descriptor '/home/jetson/ponyo_ws/install/main/share/main/package.dsv'
[8.766s] INFO:colcon.colcon_core.shell:Creating package script '/home/jetson/ponyo_ws/install/main/share/main/package.sh'
[8.769s] INFO:colcon.colcon_core.shell:Creating package script '/home/jetson/ponyo_ws/install/main/share/main/package.bash'
[8.772s] INFO:colcon.colcon_core.shell:Creating package script '/home/jetson/ponyo_ws/install/main/share/main/package.zsh'
[8.775s] Level 1:colcon.colcon_core.environment:create_file_with_runtime_dependencies(/home/jetson/ponyo_ws/install/main/share/colcon-core/packages/main)
[8.778s] Level 1:colcon.colcon_core.environment:checking '/home/jetson/ponyo_ws/install/moveMotor' for CMake module files
[8.780s] Level 1:colcon.colcon_core.environment:checking '/home/jetson/ponyo_ws/install/moveMotor' for CMake config files
[8.782s] Level 1:colcon.colcon_core.environment:checking '/home/jetson/ponyo_ws/install/moveMotor/lib'
[8.782s] Level 1:colcon.colcon_core.environment:checking '/home/jetson/ponyo_ws/install/moveMotor/bin'
[8.783s] Level 1:colcon.colcon_core.environment:checking '/home/jetson/ponyo_ws/install/moveMotor/lib/pkgconfig/moveMotor.pc'
[8.784s] Level 1:colcon.colcon_core.environment:checking '/home/jetson/ponyo_ws/install/moveMotor/lib/python3.10/site-packages'
[8.784s] Level 1:colcon.colcon_core.shell:create_environment_hook('moveMotor', 'pythonpath')
[8.785s] INFO:colcon.colcon_core.shell:Creating environment hook '/home/jetson/ponyo_ws/install/moveMotor/share/moveMotor/hook/pythonpath.ps1'
[8.786s] INFO:colcon.colcon_core.shell:Creating environment descriptor '/home/jetson/ponyo_ws/install/moveMotor/share/moveMotor/hook/pythonpath.dsv'
[8.787s] INFO:colcon.colcon_core.shell:Creating environment hook '/home/jetson/ponyo_ws/install/moveMotor/share/moveMotor/hook/pythonpath.sh'
[8.789s] Level 1:colcon.colcon_core.environment:checking '/home/jetson/ponyo_ws/install/moveMotor/bin'
[8.789s] Level 1:colcon.colcon_core.environment:create_environment_scripts_only(moveMotor)
[8.791s] INFO:colcon.colcon_core.shell:Creating package script '/home/jetson/ponyo_ws/install/moveMotor/share/moveMotor/package.ps1'
[8.792s] INFO:colcon.colcon_core.shell:Creating package descriptor '/home/jetson/ponyo_ws/install/moveMotor/share/moveMotor/package.dsv'
[8.794s] INFO:colcon.colcon_core.shell:Creating package script '/home/jetson/ponyo_ws/install/moveMotor/share/moveMotor/package.sh'
[8.795s] INFO:colcon.colcon_core.shell:Creating package script '/home/jetson/ponyo_ws/install/moveMotor/share/moveMotor/package.bash'
[8.796s] INFO:colcon.colcon_core.shell:Creating package script '/home/jetson/ponyo_ws/install/moveMotor/share/moveMotor/package.zsh'
[8.797s] Level 1:colcon.colcon_core.environment:create_file_with_runtime_dependencies(/home/jetson/ponyo_ws/install/moveMotor/share/colcon-core/packages/moveMotor)
[8.798s] DEBUG:colcon.colcon_parallel_executor.executor.parallel:closing loop
[8.798s] DEBUG:colcon.colcon_parallel_executor.executor.parallel:loop closed
[8.799s] DEBUG:colcon.colcon_parallel_executor.executor.parallel:run_until_complete finished with '0'
[8.799s] DEBUG:colcon.colcon_core.event_reactor:joining thread
[8.813s] DEBUG:colcon.colcon_core.event_handler.log_command:Invoked command in '/home/jetson/ponyo_ws/src/main' returned '0': PYTHONPATH=/home/jetson/ponyo_ws/build/main/prefix_override:/usr/lib/python3/dist-packages/colcon_core/task/python/colcon_distutils_commands:/home/jetson/ponyo_ws/install/main/lib/python3.10/site-packages:${PYTHONPATH} /usr/bin/python3 -W ignore:setup.py install is deprecated setup.py egg_info --egg-base ../../build/main build --build-base /home/jetson/ponyo_ws/build/main/build install --record /home/jetson/ponyo_ws/build/main/install.log --single-version-externally-managed install_data
[8.815s] DEBUG:colcon.colcon_core.event_handler.log_command:Invoked command in '/home/jetson/ponyo_ws/src/moveMotor' returned '0': PYTHONPATH=/home/jetson/ponyo_ws/build/moveMotor/prefix_override:/usr/lib/python3/dist-packages/colcon_core/task/python/colcon_distutils_commands:/home/jetson/ponyo_ws/install/moveMotor/lib/python3.10/site-packages:${PYTHONPATH} /usr/bin/python3 -W ignore:setup.py install is deprecated setup.py egg_info --egg-base ../../build/moveMotor build --build-base /home/jetson/ponyo_ws/build/moveMotor/build install --record /home/jetson/ponyo_ws/build/moveMotor/install.log --single-version-externally-managed install_data
[8.843s] INFO:colcon.colcon_core.plugin_system:Skipping extension 'colcon_notification.desktop_notification.terminal_notifier': Not used on non-Darwin systems
[8.844s] INFO:colcon.colcon_core.plugin_system:Skipping extension 'colcon_notification.desktop_notification.win32': Not used on non-Windows systems
[8.844s] INFO:colcon.colcon_notification.desktop_notification:Sending desktop notification using 'notify2'
[33.873s] DEBUG:colcon.colcon_notification.desktop_notification.notify2:Failed to initialize notify2: org.freedesktop.DBus.Error.NoReply: Did not receive a reply. Possible causes include: the remote application did not send a reply, the message bus security policy blocked the reply, the reply timeout expired, or the network connection was broken.
[33.877s] DEBUG:colcon.colcon_core.event_reactor:joined thread
[33.885s] INFO:colcon.colcon_core.shell:Creating prefix script '/home/jetson/ponyo_ws/install/local_setup.ps1'
[33.895s] INFO:colcon.colcon_core.shell:Creating prefix util module '/home/jetson/ponyo_ws/install/_local_setup_util_ps1.py'
[33.902s] INFO:colcon.colcon_core.shell:Creating prefix chain script '/home/jetson/ponyo_ws/install/setup.ps1'
[33.906s] INFO:colcon.colcon_core.shell:Creating prefix script '/home/jetson/ponyo_ws/install/local_setup.sh'
[33.908s] INFO:colcon.colcon_core.shell:Creating prefix util module '/home/jetson/ponyo_ws/install/_local_setup_util_sh.py'
[33.910s] INFO:colcon.colcon_core.shell:Creating prefix chain script '/home/jetson/ponyo_ws/install/setup.sh'
[33.914s] INFO:colcon.colcon_core.shell:Creating prefix script '/home/jetson/ponyo_ws/install/local_setup.bash'
[33.915s] INFO:colcon.colcon_core.shell:Creating prefix chain script '/home/jetson/ponyo_ws/install/setup.bash'
[33.919s] INFO:colcon.colcon_core.shell:Creating prefix script '/home/jetson/ponyo_ws/install/local_setup.zsh'
[33.921s] INFO:colcon.colcon_core.shell:Creating prefix chain script '/home/jetson/ponyo_ws/install/setup.zsh'
