[4.050s] Invoking command in '/home/jetson/ponyo_ws/src/moveMotor': PYTHONPATH=/home/jetson/ponyo_ws/build/moveMotor/prefix_override:/usr/lib/python3/dist-packages/colcon_core/task/python/colcon_distutils_commands:/home/jetson/ponyo_ws/install/moveMotor/lib/python3.10/site-packages:${PYTHONPATH} /usr/bin/python3 -W ignore:setup.py install is deprecated setup.py egg_info --egg-base ../../build/moveMotor build --build-base /home/jetson/ponyo_ws/build/moveMotor/build install --record /home/jetson/ponyo_ws/build/moveMotor/install.log --single-version-externally-managed install_data
[5.339s] running egg_info
[5.343s] writing ../../build/moveMotor/moveMotor.egg-info/PKG-INFO
[5.344s] writing dependency_links to ../../build/moveMotor/moveMotor.egg-info/dependency_links.txt
[5.345s] writing entry points to ../../build/moveMotor/moveMotor.egg-info/entry_points.txt
[5.345s] writing requirements to ../../build/moveMotor/moveMotor.egg-info/requires.txt
[5.346s] writing top-level names to ../../build/moveMotor/moveMotor.egg-info/top_level.txt
[5.355s] reading manifest file '../../build/moveMotor/moveMotor.egg-info/SOURCES.txt'
[5.357s] adding license file 'LICENSE'
[5.361s] writing manifest file '../../build/moveMotor/moveMotor.egg-info/SOURCES.txt'
[5.362s] running build
[5.362s] running build_py
[5.366s] running install
[5.368s] running install_lib
[5.376s] running install_data
[5.377s] running install_egg_info
[5.385s] removing '/home/jetson/ponyo_ws/install/moveMotor/lib/python3.10/site-packages/moveMotor-0.0.0-py3.10.egg-info' (and everything under it)
[5.386s] Copying ../../build/moveMotor/moveMotor.egg-info to /home/jetson/ponyo_ws/install/moveMotor/lib/python3.10/site-packages/moveMotor-0.0.0-py3.10.egg-info
[5.391s] running install_scripts
[5.493s] Installing Escucha script to /home/jetson/ponyo_ws/install/moveMotor/lib/moveMotor
[5.494s] Installing Habla script to /home/jetson/ponyo_ws/install/moveMotor/lib/moveMotor
[5.494s] Installing Mensaje script to /home/jetson/ponyo_ws/install/moveMotor/lib/moveMotor
[5.495s] Installing MotorTopic script to /home/jetson/ponyo_ws/install/moveMotor/lib/moveMotor
[5.496s] Installing PublisAndMoveJoystick script to /home/jetson/ponyo_ws/install/moveMotor/lib/moveMotor
[5.496s] Installing Qcamera script to /home/jetson/ponyo_ws/install/moveMotor/lib/moveMotor
[5.498s] writing list of installed files to '/home/jetson/ponyo_ws/build/moveMotor/install.log'
[5.690s] Invoked command in '/home/jetson/ponyo_ws/src/moveMotor' returned '0': PYTHONPATH=/home/jetson/ponyo_ws/build/moveMotor/prefix_override:/usr/lib/python3/dist-packages/colcon_core/task/python/colcon_distutils_commands:/home/jetson/ponyo_ws/install/moveMotor/lib/python3.10/site-packages:${PYTHONPATH} /usr/bin/python3 -W ignore:setup.py install is deprecated setup.py egg_info --egg-base ../../build/moveMotor build --build-base /home/jetson/ponyo_ws/build/moveMotor/build install --record /home/jetson/ponyo_ws/build/moveMotor/install.log --single-version-externally-managed install_data
