[0.699s] DEBUG:colcon:Command line arguments: ['/usr/bin/colcon', 'build']
[0.699s] DEBUG:colcon:Parsed command line arguments: Namespace(log_base=None, log_level=None, verb_name='build', build_base='build', install_base='install', merge_install=False, symlink_install=False, test_result_base=None, continue_on_error=False, executor='parallel', parallel_workers=4, event_handlers=None, ignore_user_meta=False, metas=['./colcon.meta'], base_paths=['.'], packages_ignore=None, packages_ignore_regex=None, paths=None, packages_up_to=None, packages_up_to_regex=None, packages_above=None, packages_above_and_dependencies=None, packages_above_depth=None, packages_select_by_dep=None, packages_skip_by_dep=None, packages_skip_up_to=None, packages_select_build_failed=False, packages_skip_build_finished=False, packages_select_test_failures=False, packages_skip_test_passed=False, packages_select=None, packages_skip=None, packages_select_regex=None, packages_skip_regex=None, packages_start=None, packages_end=None, allow_overriding=[], cmake_args=None, cmake_target=None, cmake_target_skip_unavailable=False, cmake_clean_cache=False, cmake_clean_first=False, cmake_force_configure=False, ament_cmake_args=None, catkin_cmake_args=None, catkin_skip_building_tests=False, mixin_files=None, mixin=None, verb_parser=<colcon_mixin.mixin.mixin_argument.MixinArgumentDecorator object at 0x7f8cbdd180>, verb_extension=<colcon_core.verb.build.BuildVerb object at 0x7f8cbdcb80>, main=<bound method BuildVerb.main of <colcon_core.verb.build.BuildVerb object at 0x7f8cbdcb80>>, mixin_verb=('build',))
[1.558s] Level 1:colcon.colcon_core.package_discovery:discover_packages(colcon_meta) check parameters
[1.558s] Level 1:colcon.colcon_core.package_discovery:discover_packages(recursive) check parameters
[1.559s] Level 1:colcon.colcon_core.package_discovery:discover_packages(ignore) check parameters
[1.559s] Level 1:colcon.colcon_core.package_discovery:discover_packages(path) check parameters
[1.559s] Level 1:colcon.colcon_core.package_discovery:discover_packages(colcon_meta) discover
[1.559s] Level 1:colcon.colcon_core.package_discovery:discover_packages(recursive) discover
[1.559s] INFO:colcon.colcon_core.package_discovery:Crawling recursively for packages in '/home/jetson/ponyo_ws'
[1.560s] Level 1:colcon.colcon_core.package_identification:_identify(.) by extensions ['ignore', 'ignore_ament_install']
[1.560s] Level 1:colcon.colcon_core.package_identification:_identify(.) by extension 'ignore'
[1.561s] Level 1:colcon.colcon_core.package_identification:_identify(.) by extension 'ignore_ament_install'
[1.561s] Level 1:colcon.colcon_core.package_identification:_identify(.) by extensions ['colcon_pkg']
[1.561s] Level 1:colcon.colcon_core.package_identification:_identify(.) by extension 'colcon_pkg'
[1.562s] Level 1:colcon.colcon_core.package_identification:_identify(.) by extensions ['colcon_meta']
[1.562s] Level 1:colcon.colcon_core.package_identification:_identify(.) by extension 'colcon_meta'
[1.562s] Level 1:colcon.colcon_core.package_identification:_identify(.) by extensions ['ros']
[1.562s] Level 1:colcon.colcon_core.package_identification:_identify(.) by extension 'ros'
[1.637s] Level 1:colcon.colcon_core.package_identification:_identify(.) by extensions ['cmake', 'python']
[1.638s] Level 1:colcon.colcon_core.package_identification:_identify(.) by extension 'cmake'
[1.638s] Level 1:colcon.colcon_core.package_identification:_identify(.) by extension 'python'
[1.638s] Level 1:colcon.colcon_core.package_identification:_identify(.) by extensions ['python_setup_py']
[1.638s] Level 1:colcon.colcon_core.package_identification:_identify(.) by extension 'python_setup_py'
[1.639s] Level 1:colcon.colcon_core.package_identification:_identify(build) by extensions ['ignore', 'ignore_ament_install']
[1.639s] Level 1:colcon.colcon_core.package_identification:_identify(build) by extension 'ignore'
[1.639s] Level 1:colcon.colcon_core.package_identification:_identify(build) ignored
[1.640s] Level 1:colcon.colcon_core.package_identification:_identify(install) by extensions ['ignore', 'ignore_ament_install']
[1.640s] Level 1:colcon.colcon_core.package_identification:_identify(install) by extension 'ignore'
[1.641s] Level 1:colcon.colcon_core.package_identification:_identify(install) ignored
[1.641s] Level 1:colcon.colcon_core.package_identification:_identify(log) by extensions ['ignore', 'ignore_ament_install']
[1.641s] Level 1:colcon.colcon_core.package_identification:_identify(log) by extension 'ignore'
[1.642s] Level 1:colcon.colcon_core.package_identification:_identify(log) ignored
[1.642s] Level 1:colcon.colcon_core.package_identification:_identify(src) by extensions ['ignore', 'ignore_ament_install']
[1.642s] Level 1:colcon.colcon_core.package_identification:_identify(src) by extension 'ignore'
[1.642s] Level 1:colcon.colcon_core.package_identification:_identify(src) by extension 'ignore_ament_install'
[1.643s] Level 1:colcon.colcon_core.package_identification:_identify(src) by extensions ['colcon_pkg']
[1.643s] Level 1:colcon.colcon_core.package_identification:_identify(src) by extension 'colcon_pkg'
[1.643s] Level 1:colcon.colcon_core.package_identification:_identify(src) by extensions ['colcon_meta']
[1.643s] Level 1:colcon.colcon_core.package_identification:_identify(src) by extension 'colcon_meta'
[1.643s] Level 1:colcon.colcon_core.package_identification:_identify(src) by extensions ['ros']
[1.644s] Level 1:colcon.colcon_core.package_identification:_identify(src) by extension 'ros'
[1.644s] Level 1:colcon.colcon_core.package_identification:_identify(src) by extensions ['cmake', 'python']
[1.644s] Level 1:colcon.colcon_core.package_identification:_identify(src) by extension 'cmake'
[1.644s] Level 1:colcon.colcon_core.package_identification:_identify(src) by extension 'python'
[1.645s] Level 1:colcon.colcon_core.package_identification:_identify(src) by extensions ['python_setup_py']
[1.645s] Level 1:colcon.colcon_core.package_identification:_identify(src) by extension 'python_setup_py'
[1.645s] Level 1:colcon.colcon_core.package_identification:_identify(src/main) by extensions ['ignore', 'ignore_ament_install']
[1.646s] Level 1:colcon.colcon_core.package_identification:_identify(src/main) by extension 'ignore'
[1.646s] Level 1:colcon.colcon_core.package_identification:_identify(src/main) by extension 'ignore_ament_install'
[1.646s] Level 1:colcon.colcon_core.package_identification:_identify(src/main) by extensions ['colcon_pkg']
[1.646s] Level 1:colcon.colcon_core.package_identification:_identify(src/main) by extension 'colcon_pkg'
[1.646s] Level 1:colcon.colcon_core.package_identification:_identify(src/main) by extensions ['colcon_meta']
[1.646s] Level 1:colcon.colcon_core.package_identification:_identify(src/main) by extension 'colcon_meta'
[1.647s] Level 1:colcon.colcon_core.package_identification:_identify(src/main) by extensions ['ros']
[1.647s] Level 1:colcon.colcon_core.package_identification:_identify(src/main) by extension 'ros'
[1.660s] DEBUG:colcon.colcon_core.package_identification:Package 'src/main' with type 'ros.ament_python' and name 'main'
[1.660s] Level 1:colcon.colcon_core.package_identification:_identify(src/moveMotor) by extensions ['ignore', 'ignore_ament_install']
[1.661s] Level 1:colcon.colcon_core.package_identification:_identify(src/moveMotor) by extension 'ignore'
[1.661s] Level 1:colcon.colcon_core.package_identification:_identify(src/moveMotor) by extension 'ignore_ament_install'
[1.661s] Level 1:colcon.colcon_core.package_identification:_identify(src/moveMotor) by extensions ['colcon_pkg']
[1.661s] Level 1:colcon.colcon_core.package_identification:_identify(src/moveMotor) by extension 'colcon_pkg'
[1.662s] Level 1:colcon.colcon_core.package_identification:_identify(src/moveMotor) by extensions ['colcon_meta']
[1.662s] Level 1:colcon.colcon_core.package_identification:_identify(src/moveMotor) by extension 'colcon_meta'
[1.662s] Level 1:colcon.colcon_core.package_identification:_identify(src/moveMotor) by extensions ['ros']
[1.662s] Level 1:colcon.colcon_core.package_identification:_identify(src/moveMotor) by extension 'ros'
[1.665s] DEBUG:colcon.colcon_core.package_identification:Package 'src/moveMotor' with type 'ros.ament_python' and name 'moveMotor'
[1.665s] Level 1:colcon.colcon_core.package_discovery:discover_packages(recursive) using defaults
[1.665s] Level 1:colcon.colcon_core.package_discovery:discover_packages(ignore) discover
[1.665s] Level 1:colcon.colcon_core.package_discovery:discover_packages(ignore) using defaults
[1.665s] Level 1:colcon.colcon_core.package_discovery:discover_packages(path) discover
[1.666s] Level 1:colcon.colcon_core.package_discovery:discover_packages(path) using defaults
[1.757s] Level 1:colcon.colcon_core.package_discovery:discover_packages(prefix_path) check parameters
[1.758s] Level 1:colcon.colcon_core.package_discovery:discover_packages(prefix_path) discover
[1.771s] DEBUG:colcon.colcon_installed_package_information.package_discovery:Found 2 installed packages in /home/jetson/ponyo_ws/install
[1.776s] DEBUG:colcon.colcon_installed_package_information.package_discovery:Found 183 installed packages in /opt/ros/humble
[1.782s] Level 1:colcon.colcon_core.package_discovery:discover_packages(prefix_path) using defaults
[1.963s] Level 5:colcon.colcon_core.verb:set package 'main' build argument 'cmake_args' from command line to 'None'
[1.963s] Level 5:colcon.colcon_core.verb:set package 'main' build argument 'cmake_target' from command line to 'None'
[1.963s] Level 5:colcon.colcon_core.verb:set package 'main' build argument 'cmake_target_skip_unavailable' from command line to 'False'
[1.963s] Level 5:colcon.colcon_core.verb:set package 'main' build argument 'cmake_clean_cache' from command line to 'False'
[1.963s] Level 5:colcon.colcon_core.verb:set package 'main' build argument 'cmake_clean_first' from command line to 'False'
[1.963s] Level 5:colcon.colcon_core.verb:set package 'main' build argument 'cmake_force_configure' from command line to 'False'
[1.964s] Level 5:colcon.colcon_core.verb:set package 'main' build argument 'ament_cmake_args' from command line to 'None'
[1.964s] Level 5:colcon.colcon_core.verb:set package 'main' build argument 'catkin_cmake_args' from command line to 'None'
[1.964s] Level 5:colcon.colcon_core.verb:set package 'main' build argument 'catkin_skip_building_tests' from command line to 'False'
[1.964s] DEBUG:colcon.colcon_core.verb:Building package 'main' with the following arguments: {'ament_cmake_args': None, 'build_base': '/home/jetson/ponyo_ws/build/main', 'catkin_cmake_args': None, 'catkin_skip_building_tests': False, 'cmake_args': None, 'cmake_clean_cache': False, 'cmake_clean_first': False, 'cmake_force_configure': False, 'cmake_target': None, 'cmake_target_skip_unavailable': False, 'install_base': '/home/jetson/ponyo_ws/install/main', 'merge_install': False, 'path': '/home/jetson/ponyo_ws/src/main', 'symlink_install': False, 'test_result_base': None}
[1.966s] Level 5:colcon.colcon_core.verb:set package 'moveMotor' build argument 'cmake_args' from command line to 'None'
[1.966s] Level 5:colcon.colcon_core.verb:set package 'moveMotor' build argument 'cmake_target' from command line to 'None'
[1.966s] Level 5:colcon.colcon_core.verb:set package 'moveMotor' build argument 'cmake_target_skip_unavailable' from command line to 'False'
[1.966s] Level 5:colcon.colcon_core.verb:set package 'moveMotor' build argument 'cmake_clean_cache' from command line to 'False'
[1.967s] Level 5:colcon.colcon_core.verb:set package 'moveMotor' build argument 'cmake_clean_first' from command line to 'False'
[1.967s] Level 5:colcon.colcon_core.verb:set package 'moveMotor' build argument 'cmake_force_configure' from command line to 'False'
[1.967s] Level 5:colcon.colcon_core.verb:set package 'moveMotor' build argument 'ament_cmake_args' from command line to 'None'
[1.967s] Level 5:colcon.colcon_core.verb:set package 'moveMotor' build argument 'catkin_cmake_args' from command line to 'None'
[1.967s] Level 5:colcon.colcon_core.verb:set package 'moveMotor' build argument 'catkin_skip_building_tests' from command line to 'False'
[1.967s] DEBUG:colcon.colcon_core.verb:Building package 'moveMotor' with the following arguments: {'ament_cmake_args': None, 'build_base': '/home/jetson/ponyo_ws/build/moveMotor', 'catkin_cmake_args': None, 'catkin_skip_building_tests': False, 'cmake_args': None, 'cmake_clean_cache': False, 'cmake_clean_first': False, 'cmake_force_configure': False, 'cmake_target': None, 'cmake_target_skip_unavailable': False, 'install_base': '/home/jetson/ponyo_ws/install/moveMotor', 'merge_install': False, 'path': '/home/jetson/ponyo_ws/src/moveMotor', 'symlink_install': False, 'test_result_base': None}
[1.968s] INFO:colcon.colcon_core.executor:Executing jobs using 'parallel' executor
[1.972s] DEBUG:colcon.colcon_parallel_executor.executor.parallel:run_until_complete
[1.973s] INFO:colcon.colcon_ros.task.ament_python.build:Building ROS package in '/home/jetson/ponyo_ws/src/main' with build type 'ament_python'
[1.973s] Level 1:colcon.colcon_core.shell:create_environment_hook('main', 'ament_prefix_path')
[1.993s] INFO:colcon.colcon_core.plugin_system:Skipping extension 'colcon_core.shell.bat': Not used on non-Windows systems
[1.994s] INFO:colcon.colcon_core.shell:Creating environment hook '/home/jetson/ponyo_ws/install/main/share/main/hook/ament_prefix_path.ps1'
[1.997s] INFO:colcon.colcon_core.shell:Creating environment descriptor '/home/jetson/ponyo_ws/install/main/share/main/hook/ament_prefix_path.dsv'
[1.998s] INFO:colcon.colcon_core.shell:Creating environment hook '/home/jetson/ponyo_ws/install/main/share/main/hook/ament_prefix_path.sh'
[2.002s] INFO:colcon.colcon_core.shell:Skip shell extension 'powershell' for command environment: Not usable outside of PowerShell
[2.002s] DEBUG:colcon.colcon_core.shell:Skip shell extension 'dsv' for command environment
[2.013s] INFO:colcon.colcon_ros.task.ament_python.build:Building ROS package in '/home/jetson/ponyo_ws/src/moveMotor' with build type 'ament_python'
[2.014s] Level 1:colcon.colcon_core.shell:create_environment_hook('moveMotor', 'ament_prefix_path')
[2.015s] INFO:colcon.colcon_core.shell:Creating environment hook '/home/jetson/ponyo_ws/install/moveMotor/share/moveMotor/hook/ament_prefix_path.ps1'
[2.017s] INFO:colcon.colcon_core.shell:Creating environment descriptor '/home/jetson/ponyo_ws/install/moveMotor/share/moveMotor/hook/ament_prefix_path.dsv'
[2.019s] INFO:colcon.colcon_core.shell:Creating environment hook '/home/jetson/ponyo_ws/install/moveMotor/share/moveMotor/hook/ament_prefix_path.sh'
[2.021s] INFO:colcon.colcon_core.shell:Skip shell extension 'powershell' for command environment: Not usable outside of PowerShell
[2.021s] DEBUG:colcon.colcon_core.shell:Skip shell extension 'dsv' for command environment
[3.364s] INFO:colcon.colcon_core.task.python.build:Building Python package in '/home/jetson/ponyo_ws/src/main'
[3.365s] INFO:colcon.colcon_core.shell:Skip shell extension 'powershell' for command environment: Not usable outside of PowerShell
[3.365s] DEBUG:colcon.colcon_core.shell:Skip shell extension 'dsv' for command environment
[4.710s] INFO:colcon.colcon_core.task.python.build:Building Python package in '/home/jetson/ponyo_ws/src/moveMotor'
[4.711s] INFO:colcon.colcon_core.shell:Skip shell extension 'powershell' for command environment: Not usable outside of PowerShell
[4.712s] DEBUG:colcon.colcon_core.shell:Skip shell extension 'dsv' for command environment
[6.347s] DEBUG:colcon.colcon_core.event_handler.log_command:Invoking command in '/home/jetson/ponyo_ws/src/main': PYTHONPATH=/home/jetson/ponyo_ws/build/main/prefix_override:/usr/lib/python3/dist-packages/colcon_core/task/python/colcon_distutils_commands:/home/jetson/ponyo_ws/install/main/lib/python3.10/site-packages:${PYTHONPATH} /usr/bin/python3 -W ignore:setup.py install is deprecated setup.py egg_info --egg-base ../../build/main build --build-base /home/jetson/ponyo_ws/build/main/build install --record /home/jetson/ponyo_ws/build/main/install.log --single-version-externally-managed install_data
[6.368s] DEBUG:colcon.colcon_core.event_handler.log_command:Invoking command in '/home/jetson/ponyo_ws/src/moveMotor': PYTHONPATH=/home/jetson/ponyo_ws/build/moveMotor/prefix_override:/usr/lib/python3/dist-packages/colcon_core/task/python/colcon_distutils_commands:/home/jetson/ponyo_ws/install/moveMotor/lib/python3.10/site-packages:${PYTHONPATH} /usr/bin/python3 -W ignore:setup.py install is deprecated setup.py egg_info --egg-base ../../build/moveMotor build --build-base /home/jetson/ponyo_ws/build/moveMotor/build install --record /home/jetson/ponyo_ws/build/moveMotor/install.log --single-version-externally-managed install_data
[7.809s] DEBUG:colcon.colcon_core.event_handler.log_command:Invoked command in '/home/jetson/ponyo_ws/src/moveMotor' returned '0': PYTHONPATH=/home/jetson/ponyo_ws/build/moveMotor/prefix_override:/usr/lib/python3/dist-packages/colcon_core/task/python/colcon_distutils_commands:/home/jetson/ponyo_ws/install/moveMotor/lib/python3.10/site-packages:${PYTHONPATH} /usr/bin/python3 -W ignore:setup.py install is deprecated setup.py egg_info --egg-base ../../build/moveMotor build --build-base /home/jetson/ponyo_ws/build/moveMotor/build install --record /home/jetson/ponyo_ws/build/moveMotor/install.log --single-version-externally-managed install_data
[7.828s] Level 1:colcon.colcon_core.environment:checking '/home/jetson/ponyo_ws/install/moveMotor' for CMake module files
[7.830s] Level 1:colcon.colcon_core.environment:checking '/home/jetson/ponyo_ws/install/moveMotor' for CMake config files
[7.833s] Level 1:colcon.colcon_core.environment:checking '/home/jetson/ponyo_ws/install/moveMotor/lib'
[7.834s] Level 1:colcon.colcon_core.environment:checking '/home/jetson/ponyo_ws/install/moveMotor/bin'
[7.834s] Level 1:colcon.colcon_core.environment:checking '/home/jetson/ponyo_ws/install/moveMotor/lib/pkgconfig/moveMotor.pc'
[7.835s] Level 1:colcon.colcon_core.environment:checking '/home/jetson/ponyo_ws/install/moveMotor/lib/python3.10/site-packages'
[7.836s] Level 1:colcon.colcon_core.shell:create_environment_hook('moveMotor', 'pythonpath')
[7.837s] INFO:colcon.colcon_core.shell:Creating environment hook '/home/jetson/ponyo_ws/install/moveMotor/share/moveMotor/hook/pythonpath.ps1'
[7.838s] INFO:colcon.colcon_core.shell:Creating environment descriptor '/home/jetson/ponyo_ws/install/moveMotor/share/moveMotor/hook/pythonpath.dsv'
[7.840s] INFO:colcon.colcon_core.shell:Creating environment hook '/home/jetson/ponyo_ws/install/moveMotor/share/moveMotor/hook/pythonpath.sh'
[7.842s] Level 1:colcon.colcon_core.environment:checking '/home/jetson/ponyo_ws/install/moveMotor/bin'
[7.842s] Level 1:colcon.colcon_core.environment:create_environment_scripts_only(moveMotor)
[7.844s] INFO:colcon.colcon_core.shell:Creating package script '/home/jetson/ponyo_ws/install/moveMotor/share/moveMotor/package.ps1'
[7.848s] INFO:colcon.colcon_core.shell:Creating package descriptor '/home/jetson/ponyo_ws/install/moveMotor/share/moveMotor/package.dsv'
[7.850s] INFO:colcon.colcon_core.shell:Creating package script '/home/jetson/ponyo_ws/install/moveMotor/share/moveMotor/package.sh'
[7.854s] INFO:colcon.colcon_core.shell:Creating package script '/home/jetson/ponyo_ws/install/moveMotor/share/moveMotor/package.bash'
[7.857s] INFO:colcon.colcon_core.shell:Creating package script '/home/jetson/ponyo_ws/install/moveMotor/share/moveMotor/package.zsh'
[7.860s] Level 1:colcon.colcon_core.environment:create_file_with_runtime_dependencies(/home/jetson/ponyo_ws/install/moveMotor/share/colcon-core/packages/moveMotor)
[7.865s] Level 1:colcon.colcon_core.environment:checking '/home/jetson/ponyo_ws/install/main' for CMake module files
[7.868s] DEBUG:colcon.colcon_core.event_handler.log_command:Invoked command in '/home/jetson/ponyo_ws/src/main' returned '0': PYTHONPATH=/home/jetson/ponyo_ws/build/main/prefix_override:/usr/lib/python3/dist-packages/colcon_core/task/python/colcon_distutils_commands:/home/jetson/ponyo_ws/install/main/lib/python3.10/site-packages:${PYTHONPATH} /usr/bin/python3 -W ignore:setup.py install is deprecated setup.py egg_info --egg-base ../../build/main build --build-base /home/jetson/ponyo_ws/build/main/build install --record /home/jetson/ponyo_ws/build/main/install.log --single-version-externally-managed install_data
[7.870s] Level 1:colcon.colcon_core.environment:checking '/home/jetson/ponyo_ws/install/main' for CMake config files
[7.872s] Level 1:colcon.colcon_core.environment:checking '/home/jetson/ponyo_ws/install/main/lib'
[7.872s] Level 1:colcon.colcon_core.environment:checking '/home/jetson/ponyo_ws/install/main/bin'
[7.872s] Level 1:colcon.colcon_core.environment:checking '/home/jetson/ponyo_ws/install/main/lib/pkgconfig/main.pc'
[7.873s] Level 1:colcon.colcon_core.environment:checking '/home/jetson/ponyo_ws/install/main/lib/python3.10/site-packages'
[7.874s] Level 1:colcon.colcon_core.shell:create_environment_hook('main', 'pythonpath')
[7.875s] INFO:colcon.colcon_core.shell:Creating environment hook '/home/jetson/ponyo_ws/install/main/share/main/hook/pythonpath.ps1'
[7.876s] INFO:colcon.colcon_core.shell:Creating environment descriptor '/home/jetson/ponyo_ws/install/main/share/main/hook/pythonpath.dsv'
[7.878s] INFO:colcon.colcon_core.shell:Creating environment hook '/home/jetson/ponyo_ws/install/main/share/main/hook/pythonpath.sh'
[7.880s] Level 1:colcon.colcon_core.environment:checking '/home/jetson/ponyo_ws/install/main/bin'
[7.880s] Level 1:colcon.colcon_core.environment:create_environment_scripts_only(main)
[7.882s] INFO:colcon.colcon_core.shell:Creating package script '/home/jetson/ponyo_ws/install/main/share/main/package.ps1'
[7.884s] INFO:colcon.colcon_core.shell:Creating package descriptor '/home/jetson/ponyo_ws/install/main/share/main/package.dsv'
[7.886s] INFO:colcon.colcon_core.shell:Creating package script '/home/jetson/ponyo_ws/install/main/share/main/package.sh'
[7.887s] INFO:colcon.colcon_core.shell:Creating package script '/home/jetson/ponyo_ws/install/main/share/main/package.bash'
[7.889s] INFO:colcon.colcon_core.shell:Creating package script '/home/jetson/ponyo_ws/install/main/share/main/package.zsh'
[7.890s] Level 1:colcon.colcon_core.environment:create_file_with_runtime_dependencies(/home/jetson/ponyo_ws/install/main/share/colcon-core/packages/main)
[7.891s] DEBUG:colcon.colcon_parallel_executor.executor.parallel:closing loop
[7.892s] DEBUG:colcon.colcon_parallel_executor.executor.parallel:loop closed
[7.893s] DEBUG:colcon.colcon_parallel_executor.executor.parallel:run_until_complete finished with '0'
[7.893s] DEBUG:colcon.colcon_core.event_reactor:joining thread
[7.924s] INFO:colcon.colcon_core.plugin_system:Skipping extension 'colcon_notification.desktop_notification.terminal_notifier': Not used on non-Darwin systems
[7.924s] INFO:colcon.colcon_core.plugin_system:Skipping extension 'colcon_notification.desktop_notification.win32': Not used on non-Windows systems
[7.924s] INFO:colcon.colcon_notification.desktop_notification:Sending desktop notification using 'notify2'
[32.954s] DEBUG:colcon.colcon_notification.desktop_notification.notify2:Failed to initialize notify2: org.freedesktop.DBus.Error.NoReply: Did not receive a reply. Possible causes include: the remote application did not send a reply, the message bus security policy blocked the reply, the reply timeout expired, or the network connection was broken.
[32.958s] DEBUG:colcon.colcon_core.event_reactor:joined thread
[32.965s] INFO:colcon.colcon_core.shell:Creating prefix script '/home/jetson/ponyo_ws/install/local_setup.ps1'
[32.974s] INFO:colcon.colcon_core.shell:Creating prefix util module '/home/jetson/ponyo_ws/install/_local_setup_util_ps1.py'
[32.981s] INFO:colcon.colcon_core.shell:Creating prefix chain script '/home/jetson/ponyo_ws/install/setup.ps1'
[32.985s] INFO:colcon.colcon_core.shell:Creating prefix script '/home/jetson/ponyo_ws/install/local_setup.sh'
[32.987s] INFO:colcon.colcon_core.shell:Creating prefix util module '/home/jetson/ponyo_ws/install/_local_setup_util_sh.py'
[32.989s] INFO:colcon.colcon_core.shell:Creating prefix chain script '/home/jetson/ponyo_ws/install/setup.sh'
[32.993s] INFO:colcon.colcon_core.shell:Creating prefix script '/home/jetson/ponyo_ws/install/local_setup.bash'
[32.995s] INFO:colcon.colcon_core.shell:Creating prefix chain script '/home/jetson/ponyo_ws/install/setup.bash'
[32.998s] INFO:colcon.colcon_core.shell:Creating prefix script '/home/jetson/ponyo_ws/install/local_setup.zsh'
[33.000s] INFO:colcon.colcon_core.shell:Creating prefix chain script '/home/jetson/ponyo_ws/install/setup.zsh'
