[0.755s] DEBUG:colcon:Command line arguments: ['/usr/bin/colcon', 'build']
[0.755s] DEBUG:colcon:Parsed command line arguments: Namespace(log_base=None, log_level=None, verb_name='build', build_base='build', install_base='install', merge_install=False, symlink_install=False, test_result_base=None, continue_on_error=False, executor='parallel', parallel_workers=4, event_handlers=None, ignore_user_meta=False, metas=['./colcon.meta'], base_paths=['.'], packages_ignore=None, packages_ignore_regex=None, paths=None, packages_up_to=None, packages_up_to_regex=None, packages_above=None, packages_above_and_dependencies=None, packages_above_depth=None, packages_select_by_dep=None, packages_skip_by_dep=None, packages_skip_up_to=None, packages_select_build_failed=False, packages_skip_build_finished=False, packages_select_test_failures=False, packages_skip_test_passed=False, packages_select=None, packages_skip=None, packages_select_regex=None, packages_skip_regex=None, packages_start=None, packages_end=None, allow_overriding=[], cmake_args=None, cmake_target=None, cmake_target_skip_unavailable=False, cmake_clean_cache=False, cmake_clean_first=False, cmake_force_configure=False, ament_cmake_args=None, catkin_cmake_args=None, catkin_skip_building_tests=False, mixin_files=None, mixin=None, verb_parser=<colcon_mixin.mixin.mixin_argument.MixinArgumentDecorator object at 0x7f7bbc9c00>, verb_extension=<colcon_core.verb.build.BuildVerb object at 0x7f7bbcaad0>, main=<bound method BuildVerb.main of <colcon_core.verb.build.BuildVerb object at 0x7f7bbcaad0>>, mixin_verb=('build',))
[1.637s] Level 1:colcon.colcon_core.package_discovery:discover_packages(colcon_meta) check parameters
[1.637s] Level 1:colcon.colcon_core.package_discovery:discover_packages(recursive) check parameters
[1.638s] Level 1:colcon.colcon_core.package_discovery:discover_packages(ignore) check parameters
[1.638s] Level 1:colcon.colcon_core.package_discovery:discover_packages(path) check parameters
[1.638s] Level 1:colcon.colcon_core.package_discovery:discover_packages(colcon_meta) discover
[1.638s] Level 1:colcon.colcon_core.package_discovery:discover_packages(recursive) discover
[1.639s] INFO:colcon.colcon_core.package_discovery:Crawling recursively for packages in '/home/jetson/ponyo_ws'
[1.639s] Level 1:colcon.colcon_core.package_identification:_identify(.) by extensions ['ignore', 'ignore_ament_install']
[1.639s] Level 1:colcon.colcon_core.package_identification:_identify(.) by extension 'ignore'
[1.640s] Level 1:colcon.colcon_core.package_identification:_identify(.) by extension 'ignore_ament_install'
[1.640s] Level 1:colcon.colcon_core.package_identification:_identify(.) by extensions ['colcon_pkg']
[1.640s] Level 1:colcon.colcon_core.package_identification:_identify(.) by extension 'colcon_pkg'
[1.641s] Level 1:colcon.colcon_core.package_identification:_identify(.) by extensions ['colcon_meta']
[1.641s] Level 1:colcon.colcon_core.package_identification:_identify(.) by extension 'colcon_meta'
[1.641s] Level 1:colcon.colcon_core.package_identification:_identify(.) by extensions ['ros']
[1.641s] Level 1:colcon.colcon_core.package_identification:_identify(.) by extension 'ros'
[1.722s] Level 1:colcon.colcon_core.package_identification:_identify(.) by extensions ['cmake', 'python']
[1.722s] Level 1:colcon.colcon_core.package_identification:_identify(.) by extension 'cmake'
[1.722s] Level 1:colcon.colcon_core.package_identification:_identify(.) by extension 'python'
[1.722s] Level 1:colcon.colcon_core.package_identification:_identify(.) by extensions ['python_setup_py']
[1.723s] Level 1:colcon.colcon_core.package_identification:_identify(.) by extension 'python_setup_py'
[1.723s] Level 1:colcon.colcon_core.package_identification:_identify(build) by extensions ['ignore', 'ignore_ament_install']
[1.724s] Level 1:colcon.colcon_core.package_identification:_identify(build) by extension 'ignore'
[1.724s] Level 1:colcon.colcon_core.package_identification:_identify(build) ignored
[1.724s] Level 1:colcon.colcon_core.package_identification:_identify(install) by extensions ['ignore', 'ignore_ament_install']
[1.725s] Level 1:colcon.colcon_core.package_identification:_identify(install) by extension 'ignore'
[1.725s] Level 1:colcon.colcon_core.package_identification:_identify(install) ignored
[1.726s] Level 1:colcon.colcon_core.package_identification:_identify(log) by extensions ['ignore', 'ignore_ament_install']
[1.727s] Level 1:colcon.colcon_core.package_identification:_identify(log) by extension 'ignore'
[1.727s] Level 1:colcon.colcon_core.package_identification:_identify(log) ignored
[1.727s] Level 1:colcon.colcon_core.package_identification:_identify(src) by extensions ['ignore', 'ignore_ament_install']
[1.728s] Level 1:colcon.colcon_core.package_identification:_identify(src) by extension 'ignore'
[1.728s] Level 1:colcon.colcon_core.package_identification:_identify(src) by extension 'ignore_ament_install'
[1.728s] Level 1:colcon.colcon_core.package_identification:_identify(src) by extensions ['colcon_pkg']
[1.729s] Level 1:colcon.colcon_core.package_identification:_identify(src) by extension 'colcon_pkg'
[1.729s] Level 1:colcon.colcon_core.package_identification:_identify(src) by extensions ['colcon_meta']
[1.729s] Level 1:colcon.colcon_core.package_identification:_identify(src) by extension 'colcon_meta'
[1.729s] Level 1:colcon.colcon_core.package_identification:_identify(src) by extensions ['ros']
[1.730s] Level 1:colcon.colcon_core.package_identification:_identify(src) by extension 'ros'
[1.730s] Level 1:colcon.colcon_core.package_identification:_identify(src) by extensions ['cmake', 'python']
[1.730s] Level 1:colcon.colcon_core.package_identification:_identify(src) by extension 'cmake'
[1.731s] Level 1:colcon.colcon_core.package_identification:_identify(src) by extension 'python'
[1.731s] Level 1:colcon.colcon_core.package_identification:_identify(src) by extensions ['python_setup_py']
[1.731s] Level 1:colcon.colcon_core.package_identification:_identify(src) by extension 'python_setup_py'
[1.731s] Level 1:colcon.colcon_core.package_identification:_identify(src/main) by extensions ['ignore', 'ignore_ament_install']
[1.732s] Level 1:colcon.colcon_core.package_identification:_identify(src/main) by extension 'ignore'
[1.732s] Level 1:colcon.colcon_core.package_identification:_identify(src/main) by extension 'ignore_ament_install'
[1.733s] Level 1:colcon.colcon_core.package_identification:_identify(src/main) by extensions ['colcon_pkg']
[1.733s] Level 1:colcon.colcon_core.package_identification:_identify(src/main) by extension 'colcon_pkg'
[1.733s] Level 1:colcon.colcon_core.package_identification:_identify(src/main) by extensions ['colcon_meta']
[1.733s] Level 1:colcon.colcon_core.package_identification:_identify(src/main) by extension 'colcon_meta'
[1.734s] Level 1:colcon.colcon_core.package_identification:_identify(src/main) by extensions ['ros']
[1.734s] Level 1:colcon.colcon_core.package_identification:_identify(src/main) by extension 'ros'
[1.748s] DEBUG:colcon.colcon_core.package_identification:Package 'src/main' with type 'ros.ament_python' and name 'main'
[1.749s] Level 1:colcon.colcon_core.package_identification:_identify(src/moveMotor) by extensions ['ignore', 'ignore_ament_install']
[1.749s] Level 1:colcon.colcon_core.package_identification:_identify(src/moveMotor) by extension 'ignore'
[1.750s] Level 1:colcon.colcon_core.package_identification:_identify(src/moveMotor) by extension 'ignore_ament_install'
[1.750s] Level 1:colcon.colcon_core.package_identification:_identify(src/moveMotor) by extensions ['colcon_pkg']
[1.750s] Level 1:colcon.colcon_core.package_identification:_identify(src/moveMotor) by extension 'colcon_pkg'
[1.751s] Level 1:colcon.colcon_core.package_identification:_identify(src/moveMotor) by extensions ['colcon_meta']
[1.751s] Level 1:colcon.colcon_core.package_identification:_identify(src/moveMotor) by extension 'colcon_meta'
[1.751s] Level 1:colcon.colcon_core.package_identification:_identify(src/moveMotor) by extensions ['ros']
[1.751s] Level 1:colcon.colcon_core.package_identification:_identify(src/moveMotor) by extension 'ros'
[1.755s] DEBUG:colcon.colcon_core.package_identification:Package 'src/moveMotor' with type 'ros.ament_python' and name 'moveMotor'
[1.755s] Level 1:colcon.colcon_core.package_discovery:discover_packages(recursive) using defaults
[1.755s] Level 1:colcon.colcon_core.package_discovery:discover_packages(ignore) discover
[1.755s] Level 1:colcon.colcon_core.package_discovery:discover_packages(ignore) using defaults
[1.756s] Level 1:colcon.colcon_core.package_discovery:discover_packages(path) discover
[1.756s] Level 1:colcon.colcon_core.package_discovery:discover_packages(path) using defaults
[1.855s] Level 1:colcon.colcon_core.package_discovery:discover_packages(prefix_path) check parameters
[1.856s] Level 1:colcon.colcon_core.package_discovery:discover_packages(prefix_path) discover
[1.871s] DEBUG:colcon.colcon_installed_package_information.package_discovery:Found 2 installed packages in /home/jetson/ponyo_ws/install
[1.877s] DEBUG:colcon.colcon_installed_package_information.package_discovery:Found 184 installed packages in /opt/ros/humble
[1.883s] Level 1:colcon.colcon_core.package_discovery:discover_packages(prefix_path) using defaults
[2.085s] Level 5:colcon.colcon_core.verb:set package 'main' build argument 'cmake_args' from command line to 'None'
[2.085s] Level 5:colcon.colcon_core.verb:set package 'main' build argument 'cmake_target' from command line to 'None'
[2.085s] Level 5:colcon.colcon_core.verb:set package 'main' build argument 'cmake_target_skip_unavailable' from command line to 'False'
[2.085s] Level 5:colcon.colcon_core.verb:set package 'main' build argument 'cmake_clean_cache' from command line to 'False'
[2.085s] Level 5:colcon.colcon_core.verb:set package 'main' build argument 'cmake_clean_first' from command line to 'False'
[2.086s] Level 5:colcon.colcon_core.verb:set package 'main' build argument 'cmake_force_configure' from command line to 'False'
[2.086s] Level 5:colcon.colcon_core.verb:set package 'main' build argument 'ament_cmake_args' from command line to 'None'
[2.086s] Level 5:colcon.colcon_core.verb:set package 'main' build argument 'catkin_cmake_args' from command line to 'None'
[2.086s] Level 5:colcon.colcon_core.verb:set package 'main' build argument 'catkin_skip_building_tests' from command line to 'False'
[2.086s] DEBUG:colcon.colcon_core.verb:Building package 'main' with the following arguments: {'ament_cmake_args': None, 'build_base': '/home/jetson/ponyo_ws/build/main', 'catkin_cmake_args': None, 'catkin_skip_building_tests': False, 'cmake_args': None, 'cmake_clean_cache': False, 'cmake_clean_first': False, 'cmake_force_configure': False, 'cmake_target': None, 'cmake_target_skip_unavailable': False, 'install_base': '/home/jetson/ponyo_ws/install/main', 'merge_install': False, 'path': '/home/jetson/ponyo_ws/src/main', 'symlink_install': False, 'test_result_base': None}
[2.088s] Level 5:colcon.colcon_core.verb:set package 'moveMotor' build argument 'cmake_args' from command line to 'None'
[2.089s] Level 5:colcon.colcon_core.verb:set package 'moveMotor' build argument 'cmake_target' from command line to 'None'
[2.089s] Level 5:colcon.colcon_core.verb:set package 'moveMotor' build argument 'cmake_target_skip_unavailable' from command line to 'False'
[2.089s] Level 5:colcon.colcon_core.verb:set package 'moveMotor' build argument 'cmake_clean_cache' from command line to 'False'
[2.089s] Level 5:colcon.colcon_core.verb:set package 'moveMotor' build argument 'cmake_clean_first' from command line to 'False'
[2.089s] Level 5:colcon.colcon_core.verb:set package 'moveMotor' build argument 'cmake_force_configure' from command line to 'False'
[2.090s] Level 5:colcon.colcon_core.verb:set package 'moveMotor' build argument 'ament_cmake_args' from command line to 'None'
[2.090s] Level 5:colcon.colcon_core.verb:set package 'moveMotor' build argument 'catkin_cmake_args' from command line to 'None'
[2.090s] Level 5:colcon.colcon_core.verb:set package 'moveMotor' build argument 'catkin_skip_building_tests' from command line to 'False'
[2.090s] DEBUG:colcon.colcon_core.verb:Building package 'moveMotor' with the following arguments: {'ament_cmake_args': None, 'build_base': '/home/jetson/ponyo_ws/build/moveMotor', 'catkin_cmake_args': None, 'catkin_skip_building_tests': False, 'cmake_args': None, 'cmake_clean_cache': False, 'cmake_clean_first': False, 'cmake_force_configure': False, 'cmake_target': None, 'cmake_target_skip_unavailable': False, 'install_base': '/home/jetson/ponyo_ws/install/moveMotor', 'merge_install': False, 'path': '/home/jetson/ponyo_ws/src/moveMotor', 'symlink_install': False, 'test_result_base': None}
[2.091s] INFO:colcon.colcon_core.executor:Executing jobs using 'parallel' executor
[2.095s] DEBUG:colcon.colcon_parallel_executor.executor.parallel:run_until_complete
[2.095s] INFO:colcon.colcon_ros.task.ament_python.build:Building ROS package in '/home/jetson/ponyo_ws/src/main' with build type 'ament_python'
[2.096s] Level 1:colcon.colcon_core.shell:create_environment_hook('main', 'ament_prefix_path')
[2.119s] INFO:colcon.colcon_core.plugin_system:Skipping extension 'colcon_core.shell.bat': Not used on non-Windows systems
[2.120s] INFO:colcon.colcon_core.shell:Creating environment hook '/home/jetson/ponyo_ws/install/main/share/main/hook/ament_prefix_path.ps1'
[2.123s] INFO:colcon.colcon_core.shell:Creating environment descriptor '/home/jetson/ponyo_ws/install/main/share/main/hook/ament_prefix_path.dsv'
[2.125s] INFO:colcon.colcon_core.shell:Creating environment hook '/home/jetson/ponyo_ws/install/main/share/main/hook/ament_prefix_path.sh'
[2.128s] INFO:colcon.colcon_core.shell:Skip shell extension 'powershell' for command environment: Not usable outside of PowerShell
[2.128s] DEBUG:colcon.colcon_core.shell:Skip shell extension 'dsv' for command environment
[2.143s] INFO:colcon.colcon_ros.task.ament_python.build:Building ROS package in '/home/jetson/ponyo_ws/src/moveMotor' with build type 'ament_python'
[2.143s] Level 1:colcon.colcon_core.shell:create_environment_hook('moveMotor', 'ament_prefix_path')
[2.145s] INFO:colcon.colcon_core.shell:Creating environment hook '/home/jetson/ponyo_ws/install/moveMotor/share/moveMotor/hook/ament_prefix_path.ps1'
[2.146s] INFO:colcon.colcon_core.shell:Creating environment descriptor '/home/jetson/ponyo_ws/install/moveMotor/share/moveMotor/hook/ament_prefix_path.dsv'
[2.148s] INFO:colcon.colcon_core.shell:Creating environment hook '/home/jetson/ponyo_ws/install/moveMotor/share/moveMotor/hook/ament_prefix_path.sh'
[2.151s] INFO:colcon.colcon_core.shell:Skip shell extension 'powershell' for command environment: Not usable outside of PowerShell
[2.152s] DEBUG:colcon.colcon_core.shell:Skip shell extension 'dsv' for command environment
[3.759s] INFO:colcon.colcon_core.task.python.build:Building Python package in '/home/jetson/ponyo_ws/src/main'
[3.760s] INFO:colcon.colcon_core.shell:Skip shell extension 'powershell' for command environment: Not usable outside of PowerShell
[3.760s] DEBUG:colcon.colcon_core.shell:Skip shell extension 'dsv' for command environment
[5.235s] INFO:colcon.colcon_core.task.python.build:Building Python package in '/home/jetson/ponyo_ws/src/moveMotor'
[5.236s] INFO:colcon.colcon_core.shell:Skip shell extension 'powershell' for command environment: Not usable outside of PowerShell
[5.236s] DEBUG:colcon.colcon_core.shell:Skip shell extension 'dsv' for command environment
[6.951s] DEBUG:colcon.colcon_core.event_handler.log_command:Invoking command in '/home/jetson/ponyo_ws/src/main': PYTHONPATH=/home/jetson/ponyo_ws/build/main/prefix_override:/usr/lib/python3/dist-packages/colcon_core/task/python/colcon_distutils_commands:/home/jetson/ponyo_ws/install/main/lib/python3.10/site-packages:${PYTHONPATH} /usr/bin/python3 -W ignore:setup.py install is deprecated setup.py egg_info --egg-base ../../build/main build --build-base /home/jetson/ponyo_ws/build/main/build install --record /home/jetson/ponyo_ws/build/main/install.log --single-version-externally-managed install_data
[6.980s] DEBUG:colcon.colcon_core.event_handler.log_command:Invoking command in '/home/jetson/ponyo_ws/src/moveMotor': PYTHONPATH=/home/jetson/ponyo_ws/build/moveMotor/prefix_override:/usr/lib/python3/dist-packages/colcon_core/task/python/colcon_distutils_commands:/home/jetson/ponyo_ws/install/moveMotor/lib/python3.10/site-packages:${PYTHONPATH} /usr/bin/python3 -W ignore:setup.py install is deprecated setup.py egg_info --egg-base ../../build/moveMotor build --build-base /home/jetson/ponyo_ws/build/moveMotor/build install --record /home/jetson/ponyo_ws/build/moveMotor/install.log --single-version-externally-managed install_data
[8.256s] DEBUG:colcon.colcon_core.event_handler.log_command:Invoked command in '/home/jetson/ponyo_ws/src/main' returned '0': PYTHONPATH=/home/jetson/ponyo_ws/build/main/prefix_override:/usr/lib/python3/dist-packages/colcon_core/task/python/colcon_distutils_commands:/home/jetson/ponyo_ws/install/main/lib/python3.10/site-packages:${PYTHONPATH} /usr/bin/python3 -W ignore:setup.py install is deprecated setup.py egg_info --egg-base ../../build/main build --build-base /home/jetson/ponyo_ws/build/main/build install --record /home/jetson/ponyo_ws/build/main/install.log --single-version-externally-managed install_data
[8.276s] Level 1:colcon.colcon_core.environment:checking '/home/jetson/ponyo_ws/install/main' for CMake module files
[8.278s] Level 1:colcon.colcon_core.environment:checking '/home/jetson/ponyo_ws/install/main' for CMake config files
[8.285s] Level 1:colcon.colcon_core.environment:checking '/home/jetson/ponyo_ws/install/main/lib'
[8.286s] Level 1:colcon.colcon_core.environment:checking '/home/jetson/ponyo_ws/install/main/bin'
[8.286s] Level 1:colcon.colcon_core.environment:checking '/home/jetson/ponyo_ws/install/main/lib/pkgconfig/main.pc'
[8.287s] Level 1:colcon.colcon_core.environment:checking '/home/jetson/ponyo_ws/install/main/lib/python3.10/site-packages'
[8.288s] Level 1:colcon.colcon_core.shell:create_environment_hook('main', 'pythonpath')
[8.289s] INFO:colcon.colcon_core.shell:Creating environment hook '/home/jetson/ponyo_ws/install/main/share/main/hook/pythonpath.ps1'
[8.291s] INFO:colcon.colcon_core.shell:Creating environment descriptor '/home/jetson/ponyo_ws/install/main/share/main/hook/pythonpath.dsv'
[8.293s] INFO:colcon.colcon_core.shell:Creating environment hook '/home/jetson/ponyo_ws/install/main/share/main/hook/pythonpath.sh'
[8.296s] Level 1:colcon.colcon_core.environment:checking '/home/jetson/ponyo_ws/install/main/bin'
[8.297s] Level 1:colcon.colcon_core.environment:create_environment_scripts_only(main)
[8.298s] INFO:colcon.colcon_core.shell:Creating package script '/home/jetson/ponyo_ws/install/main/share/main/package.ps1'
[8.303s] INFO:colcon.colcon_core.shell:Creating package descriptor '/home/jetson/ponyo_ws/install/main/share/main/package.dsv'
[8.305s] INFO:colcon.colcon_core.shell:Creating package script '/home/jetson/ponyo_ws/install/main/share/main/package.sh'
[8.308s] INFO:colcon.colcon_core.shell:Creating package script '/home/jetson/ponyo_ws/install/main/share/main/package.bash'
[8.311s] INFO:colcon.colcon_core.shell:Creating package script '/home/jetson/ponyo_ws/install/main/share/main/package.zsh'
[8.314s] Level 1:colcon.colcon_core.environment:create_file_with_runtime_dependencies(/home/jetson/ponyo_ws/install/main/share/colcon-core/packages/main)
[8.318s] Level 1:colcon.colcon_core.environment:checking '/home/jetson/ponyo_ws/install/moveMotor' for CMake module files
[8.321s] DEBUG:colcon.colcon_core.event_handler.log_command:Invoked command in '/home/jetson/ponyo_ws/src/moveMotor' returned '0': PYTHONPATH=/home/jetson/ponyo_ws/build/moveMotor/prefix_override:/usr/lib/python3/dist-packages/colcon_core/task/python/colcon_distutils_commands:/home/jetson/ponyo_ws/install/moveMotor/lib/python3.10/site-packages:${PYTHONPATH} /usr/bin/python3 -W ignore:setup.py install is deprecated setup.py egg_info --egg-base ../../build/moveMotor build --build-base /home/jetson/ponyo_ws/build/moveMotor/build install --record /home/jetson/ponyo_ws/build/moveMotor/install.log --single-version-externally-managed install_data
[8.322s] Level 1:colcon.colcon_core.environment:checking '/home/jetson/ponyo_ws/install/moveMotor' for CMake config files
[8.324s] Level 1:colcon.colcon_core.environment:checking '/home/jetson/ponyo_ws/install/moveMotor/lib'
[8.325s] Level 1:colcon.colcon_core.environment:checking '/home/jetson/ponyo_ws/install/moveMotor/bin'
[8.325s] Level 1:colcon.colcon_core.environment:checking '/home/jetson/ponyo_ws/install/moveMotor/lib/pkgconfig/moveMotor.pc'
[8.326s] Level 1:colcon.colcon_core.environment:checking '/home/jetson/ponyo_ws/install/moveMotor/lib/python3.10/site-packages'
[8.326s] Level 1:colcon.colcon_core.shell:create_environment_hook('moveMotor', 'pythonpath')
[8.327s] INFO:colcon.colcon_core.shell:Creating environment hook '/home/jetson/ponyo_ws/install/moveMotor/share/moveMotor/hook/pythonpath.ps1'
[8.329s] INFO:colcon.colcon_core.shell:Creating environment descriptor '/home/jetson/ponyo_ws/install/moveMotor/share/moveMotor/hook/pythonpath.dsv'
[8.330s] INFO:colcon.colcon_core.shell:Creating environment hook '/home/jetson/ponyo_ws/install/moveMotor/share/moveMotor/hook/pythonpath.sh'
[8.332s] Level 1:colcon.colcon_core.environment:checking '/home/jetson/ponyo_ws/install/moveMotor/bin'
[8.332s] Level 1:colcon.colcon_core.environment:create_environment_scripts_only(moveMotor)
[8.334s] INFO:colcon.colcon_core.shell:Creating package script '/home/jetson/ponyo_ws/install/moveMotor/share/moveMotor/package.ps1'
[8.337s] INFO:colcon.colcon_core.shell:Creating package descriptor '/home/jetson/ponyo_ws/install/moveMotor/share/moveMotor/package.dsv'
[8.339s] INFO:colcon.colcon_core.shell:Creating package script '/home/jetson/ponyo_ws/install/moveMotor/share/moveMotor/package.sh'
[8.340s] INFO:colcon.colcon_core.shell:Creating package script '/home/jetson/ponyo_ws/install/moveMotor/share/moveMotor/package.bash'
[8.342s] INFO:colcon.colcon_core.shell:Creating package script '/home/jetson/ponyo_ws/install/moveMotor/share/moveMotor/package.zsh'
[8.343s] Level 1:colcon.colcon_core.environment:create_file_with_runtime_dependencies(/home/jetson/ponyo_ws/install/moveMotor/share/colcon-core/packages/moveMotor)
[8.344s] DEBUG:colcon.colcon_parallel_executor.executor.parallel:closing loop
[8.345s] DEBUG:colcon.colcon_parallel_executor.executor.parallel:loop closed
[8.346s] DEBUG:colcon.colcon_parallel_executor.executor.parallel:run_until_complete finished with '0'
[8.346s] DEBUG:colcon.colcon_core.event_reactor:joining thread
[8.374s] INFO:colcon.colcon_core.plugin_system:Skipping extension 'colcon_notification.desktop_notification.terminal_notifier': Not used on non-Darwin systems
[8.375s] INFO:colcon.colcon_core.plugin_system:Skipping extension 'colcon_notification.desktop_notification.win32': Not used on non-Windows systems
[8.375s] INFO:colcon.colcon_notification.desktop_notification:Sending desktop notification using 'notify2'
[33.404s] DEBUG:colcon.colcon_notification.desktop_notification.notify2:Failed to initialize notify2: org.freedesktop.DBus.Error.NoReply: Did not receive a reply. Possible causes include: the remote application did not send a reply, the message bus security policy blocked the reply, the reply timeout expired, or the network connection was broken.
[33.408s] DEBUG:colcon.colcon_core.event_reactor:joined thread
[33.415s] INFO:colcon.colcon_core.shell:Creating prefix script '/home/jetson/ponyo_ws/install/local_setup.ps1'
[33.425s] INFO:colcon.colcon_core.shell:Creating prefix util module '/home/jetson/ponyo_ws/install/_local_setup_util_ps1.py'
[33.433s] INFO:colcon.colcon_core.shell:Creating prefix chain script '/home/jetson/ponyo_ws/install/setup.ps1'
[33.437s] INFO:colcon.colcon_core.shell:Creating prefix script '/home/jetson/ponyo_ws/install/local_setup.sh'
[33.439s] INFO:colcon.colcon_core.shell:Creating prefix util module '/home/jetson/ponyo_ws/install/_local_setup_util_sh.py'
[33.441s] INFO:colcon.colcon_core.shell:Creating prefix chain script '/home/jetson/ponyo_ws/install/setup.sh'
[33.445s] INFO:colcon.colcon_core.shell:Creating prefix script '/home/jetson/ponyo_ws/install/local_setup.bash'
[33.447s] INFO:colcon.colcon_core.shell:Creating prefix chain script '/home/jetson/ponyo_ws/install/setup.bash'
[33.451s] INFO:colcon.colcon_core.shell:Creating prefix script '/home/jetson/ponyo_ws/install/local_setup.zsh'
[33.453s] INFO:colcon.colcon_core.shell:Creating prefix chain script '/home/jetson/ponyo_ws/install/setup.zsh'
