[3.928s] Invoking command in '/home/jetson/ponyo_ws/src/moveMotor': PYTHONPATH=/home/jetson/ponyo_ws/build/moveMotor/prefix_override:/usr/lib/python3/dist-packages/colcon_core/task/python/colcon_distutils_commands:/home/jetson/ponyo_ws/install/moveMotor/lib/python3.10/site-packages:${PYTHONPATH} /usr/bin/python3 -W ignore:setup.py install is deprecated setup.py egg_info --egg-base ../../build/moveMotor build --build-base /home/jetson/ponyo_ws/build/moveMotor/build install --record /home/jetson/ponyo_ws/build/moveMotor/install.log --single-version-externally-managed install_data
[4.969s] running egg_info
[4.973s] writing ../../build/moveMotor/moveMotor.egg-info/PKG-INFO
[4.974s] writing dependency_links to ../../build/moveMotor/moveMotor.egg-info/dependency_links.txt
[4.975s] writing entry points to ../../build/moveMotor/moveMotor.egg-info/entry_points.txt
[4.975s] writing requirements to ../../build/moveMotor/moveMotor.egg-info/requires.txt
[4.976s] writing top-level names to ../../build/moveMotor/moveMotor.egg-info/top_level.txt
[4.983s] reading manifest file '../../build/moveMotor/moveMotor.egg-info/SOURCES.txt'
[4.984s] adding license file 'LICENSE'
[4.988s] writing manifest file '../../build/moveMotor/moveMotor.egg-info/SOURCES.txt'
[4.988s] running build
[4.989s] running build_py
[4.992s] running install
[4.993s] running install_lib
[5.000s] running install_data
[5.000s] running install_egg_info
[5.007s] removing '/home/jetson/ponyo_ws/install/moveMotor/lib/python3.10/site-packages/moveMotor-0.0.0-py3.10.egg-info' (and everything under it)
[5.009s] Copying ../../build/moveMotor/moveMotor.egg-info to /home/jetson/ponyo_ws/install/moveMotor/lib/python3.10/site-packages/moveMotor-0.0.0-py3.10.egg-info
[5.012s] running install_scripts
[5.100s] Installing Escucha script to /home/jetson/ponyo_ws/install/moveMotor/lib/moveMotor
[5.101s] Installing Habla script to /home/jetson/ponyo_ws/install/moveMotor/lib/moveMotor
[5.101s] Installing Mensaje script to /home/jetson/ponyo_ws/install/moveMotor/lib/moveMotor
[5.102s] Installing MotorTopic script to /home/jetson/ponyo_ws/install/moveMotor/lib/moveMotor
[5.103s] Installing PublisAndMoveJoystick script to /home/jetson/ponyo_ws/install/moveMotor/lib/moveMotor
[5.103s] Installing Qcamera script to /home/jetson/ponyo_ws/install/moveMotor/lib/moveMotor
[5.105s] writing list of installed files to '/home/jetson/ponyo_ws/build/moveMotor/install.log'
[5.265s] Invoked command in '/home/jetson/ponyo_ws/src/moveMotor' returned '0': PYTHONPATH=/home/jetson/ponyo_ws/build/moveMotor/prefix_override:/usr/lib/python3/dist-packages/colcon_core/task/python/colcon_distutils_commands:/home/jetson/ponyo_ws/install/moveMotor/lib/python3.10/site-packages:${PYTHONPATH} /usr/bin/python3 -W ignore:setup.py install is deprecated setup.py egg_info --egg-base ../../build/moveMotor build --build-base /home/jetson/ponyo_ws/build/moveMotor/build install --record /home/jetson/ponyo_ws/build/moveMotor/install.log --single-version-externally-managed install_data
