[4.246s] Invoking command in '/home/jetson/ponyo_ws/src/main': PYTHONPATH=/home/jetson/ponyo_ws/build/main/prefix_override:/usr/lib/python3/dist-packages/colcon_core/task/python/colcon_distutils_commands:/home/jetson/ponyo_ws/install/main/lib/python3.10/site-packages:${PYTHONPATH} /usr/bin/python3 -W ignore:setup.py install is deprecated setup.py egg_info --egg-base ../../build/main build --build-base /home/jetson/ponyo_ws/build/main/build install --record /home/jetson/ponyo_ws/build/main/install.log --single-version-externally-managed install_data
[5.308s] running egg_info
[5.311s] writing ../../build/main/main.egg-info/PKG-INFO
[5.312s] writing dependency_links to ../../build/main/main.egg-info/dependency_links.txt
[5.312s] writing entry points to ../../build/main/main.egg-info/entry_points.txt
[5.313s] writing requirements to ../../build/main/main.egg-info/requires.txt
[5.314s] writing top-level names to ../../build/main/main.egg-info/top_level.txt
[5.321s] reading manifest file '../../build/main/main.egg-info/SOURCES.txt'
[5.325s] writing manifest file '../../build/main/main.egg-info/SOURCES.txt'
[5.325s] running build
[5.326s] running build_py
[5.326s] running install
[5.328s] running install_lib
[5.333s] running install_data
[5.333s] running install_egg_info
[5.340s] removing '/home/jetson/ponyo_ws/install/main/lib/python3.10/site-packages/main-0.0.0-py3.10.egg-info' (and everything under it)
[5.341s] Copying ../../build/main/main.egg-info to /home/jetson/ponyo_ws/install/main/lib/python3.10/site-packages/main-0.0.0-py3.10.egg-info
[5.345s] running install_scripts
[5.434s] Installing MotorTopic script to /home/jetson/ponyo_ws/install/main/lib/main
[5.436s] writing list of installed files to '/home/jetson/ponyo_ws/build/main/install.log'
[5.563s] Invoked command in '/home/jetson/ponyo_ws/src/main' returned '0': PYTHONPATH=/home/jetson/ponyo_ws/build/main/prefix_override:/usr/lib/python3/dist-packages/colcon_core/task/python/colcon_distutils_commands:/home/jetson/ponyo_ws/install/main/lib/python3.10/site-packages:${PYTHONPATH} /usr/bin/python3 -W ignore:setup.py install is deprecated setup.py egg_info --egg-base ../../build/main build --build-base /home/jetson/ponyo_ws/build/main/build install --record /home/jetson/ponyo_ws/build/main/install.log --single-version-externally-managed install_data
