[5.609s] Invoking command in '/home/jetson/ponyo_ws/src/main': PYTHONPATH=/home/jetson/ponyo_ws/build/main/prefix_override:/usr/lib/python3/dist-packages/colcon_core/task/python/colcon_distutils_commands:/home/jetson/ponyo_ws/install/main/lib/python3.10/site-packages:${PYTHONPATH} /usr/bin/python3 -W ignore:setup.py install is deprecated setup.py egg_info --egg-base ../../build/main build --build-base /home/jetson/ponyo_ws/build/main/build install --record /home/jetson/ponyo_ws/build/main/install.log --single-version-externally-managed install_data
[6.700s] running egg_info
[6.704s] writing ../../build/main/main.egg-info/PKG-INFO
[6.704s] writing dependency_links to ../../build/main/main.egg-info/dependency_links.txt
[6.705s] writing entry points to ../../build/main/main.egg-info/entry_points.txt
[6.706s] writing requirements to ../../build/main/main.egg-info/requires.txt
[6.706s] writing top-level names to ../../build/main/main.egg-info/top_level.txt
[6.714s] reading manifest file '../../build/main/main.egg-info/SOURCES.txt'
[6.718s] writing manifest file '../../build/main/main.egg-info/SOURCES.txt'
[6.719s] running build
[6.719s] running build_py
[6.721s] running install
[6.722s] running install_lib
[6.727s] running install_data
[6.728s] running install_egg_info
[6.735s] removing '/home/jetson/ponyo_ws/install/main/lib/python3.10/site-packages/main-0.0.0-py3.10.egg-info' (and everything under it)
[6.736s] Copying ../../build/main/main.egg-info to /home/jetson/ponyo_ws/install/main/lib/python3.10/site-packages/main-0.0.0-py3.10.egg-info
[6.741s] running install_scripts
[6.830s] Installing MotorTopic script to /home/jetson/ponyo_ws/install/main/lib/main
[6.835s] writing list of installed files to '/home/jetson/ponyo_ws/build/main/install.log'
[6.952s] Invoked command in '/home/jetson/ponyo_ws/src/main' returned '0': PYTHONPATH=/home/jetson/ponyo_ws/build/main/prefix_override:/usr/lib/python3/dist-packages/colcon_core/task/python/colcon_distutils_commands:/home/jetson/ponyo_ws/install/main/lib/python3.10/site-packages:${PYTHONPATH} /usr/bin/python3 -W ignore:setup.py install is deprecated setup.py egg_info --egg-base ../../build/main build --build-base /home/jetson/ponyo_ws/build/main/build install --record /home/jetson/ponyo_ws/build/main/install.log --single-version-externally-managed install_data
