[4.333s] Invoking command in '/home/jetson/ponyo_ws/src/moveMotor': PYTHONPATH=/home/jetson/ponyo_ws/build/moveMotor/prefix_override:/usr/lib/python3/dist-packages/colcon_core/task/python/colcon_distutils_commands:/home/jetson/ponyo_ws/install/moveMotor/lib/python3.10/site-packages:${PYTHONPATH} /usr/bin/python3 -W ignore:setup.py install is deprecated setup.py egg_info --egg-base ../../build/moveMotor build --build-base /home/jetson/ponyo_ws/build/moveMotor/build install --record /home/jetson/ponyo_ws/build/moveMotor/install.log --single-version-externally-managed install_data
[5.385s] running egg_info
[5.388s] writing ../../build/moveMotor/moveMotor.egg-info/PKG-INFO
[5.391s] writing dependency_links to ../../build/moveMotor/moveMotor.egg-info/dependency_links.txt
[5.391s] writing entry points to ../../build/moveMotor/moveMotor.egg-info/entry_points.txt
[5.391s] writing requirements to ../../build/moveMotor/moveMotor.egg-info/requires.txt
[5.392s] writing top-level names to ../../build/moveMotor/moveMotor.egg-info/top_level.txt
[5.399s] reading manifest file '../../build/moveMotor/moveMotor.egg-info/SOURCES.txt'
[5.400s] adding license file 'LICENSE'
[5.404s] writing manifest file '../../build/moveMotor/moveMotor.egg-info/SOURCES.txt'
[5.404s] running build
[5.405s] running build_py
[5.407s] running install
[5.408s] running install_lib
[5.415s] running install_data
[5.415s] running install_egg_info
[5.422s] removing '/home/jetson/ponyo_ws/install/moveMotor/lib/python3.10/site-packages/moveMotor-0.0.0-py3.10.egg-info' (and everything under it)
[5.423s] Copying ../../build/moveMotor/moveMotor.egg-info to /home/jetson/ponyo_ws/install/moveMotor/lib/python3.10/site-packages/moveMotor-0.0.0-py3.10.egg-info
[5.427s] running install_scripts
[5.514s] Installing Escucha script to /home/jetson/ponyo_ws/install/moveMotor/lib/moveMotor
[5.515s] Installing Habla script to /home/jetson/ponyo_ws/install/moveMotor/lib/moveMotor
[5.516s] Installing MotorTopic script to /home/jetson/ponyo_ws/install/moveMotor/lib/moveMotor
[5.516s] Installing PublisAndMoveJoystick script to /home/jetson/ponyo_ws/install/moveMotor/lib/moveMotor
[5.517s] Installing Qcamera script to /home/jetson/ponyo_ws/install/moveMotor/lib/moveMotor
[5.519s] writing list of installed files to '/home/jetson/ponyo_ws/build/moveMotor/install.log'
[5.686s] Invoked command in '/home/jetson/ponyo_ws/src/moveMotor' returned '0': PYTHONPATH=/home/jetson/ponyo_ws/build/moveMotor/prefix_override:/usr/lib/python3/dist-packages/colcon_core/task/python/colcon_distutils_commands:/home/jetson/ponyo_ws/install/moveMotor/lib/python3.10/site-packages:${PYTHONPATH} /usr/bin/python3 -W ignore:setup.py install is deprecated setup.py egg_info --egg-base ../../build/moveMotor build --build-base /home/jetson/ponyo_ws/build/moveMotor/build install --record /home/jetson/ponyo_ws/build/moveMotor/install.log --single-version-externally-managed install_data
