[4.835s] Invoking command in '/home/jetson/ponyo_ws/src/moveMotor': PYTHONPATH=/home/jetson/ponyo_ws/build/moveMotor/prefix_override:/usr/lib/python3/dist-packages/colcon_core/task/python/colcon_distutils_commands:/home/jetson/ponyo_ws/install/moveMotor/lib/python3.10/site-packages:${PYTHONPATH} /usr/bin/python3 -W ignore:setup.py install is deprecated setup.py egg_info --egg-base ../../build/moveMotor build --build-base /home/jetson/ponyo_ws/build/moveMotor/build install --record /home/jetson/ponyo_ws/build/moveMotor/install.log --single-version-externally-managed install_data
[6.294s] running egg_info
[6.301s] writing ../../build/moveMotor/moveMotor.egg-info/PKG-INFO
[6.310s] writing dependency_links to ../../build/moveMotor/moveMotor.egg-info/dependency_links.txt
[6.310s] writing entry points to ../../build/moveMotor/moveMotor.egg-info/entry_points.txt
[6.311s] writing requirements to ../../build/moveMotor/moveMotor.egg-info/requires.txt
[6.311s] writing top-level names to ../../build/moveMotor/moveMotor.egg-info/top_level.txt
[6.315s] reading manifest file '../../build/moveMotor/moveMotor.egg-info/SOURCES.txt'
[6.327s] adding license file 'LICENSE'
[6.330s] writing manifest file '../../build/moveMotor/moveMotor.egg-info/SOURCES.txt'
[6.331s] running build
[6.331s] running build_py
[6.337s] running install
[6.338s] running install_lib
[6.360s] running install_data
[6.362s] running install_egg_info
[6.370s] removing '/home/jetson/ponyo_ws/install/moveMotor/lib/python3.10/site-packages/moveMotor-0.0.0-py3.10.egg-info' (and everything under it)
[6.371s] Copying ../../build/moveMotor/moveMotor.egg-info to /home/jetson/ponyo_ws/install/moveMotor/lib/python3.10/site-packages/moveMotor-0.0.0-py3.10.egg-info
[6.389s] running install_scripts
[6.576s] Installing Escucha script to /home/jetson/ponyo_ws/install/moveMotor/lib/moveMotor
[6.579s] Installing Habla script to /home/jetson/ponyo_ws/install/moveMotor/lib/moveMotor
[6.580s] Installing Mensaje script to /home/jetson/ponyo_ws/install/moveMotor/lib/moveMotor
[6.581s] Installing MotorTopic script to /home/jetson/ponyo_ws/install/moveMotor/lib/moveMotor
[6.581s] Installing PublisAndMoveJoystick script to /home/jetson/ponyo_ws/install/moveMotor/lib/moveMotor
[6.582s] Installing Qcamera script to /home/jetson/ponyo_ws/install/moveMotor/lib/moveMotor
[6.584s] writing list of installed files to '/home/jetson/ponyo_ws/build/moveMotor/install.log'
[6.863s] Invoked command in '/home/jetson/ponyo_ws/src/moveMotor' returned '0': PYTHONPATH=/home/jetson/ponyo_ws/build/moveMotor/prefix_override:/usr/lib/python3/dist-packages/colcon_core/task/python/colcon_distutils_commands:/home/jetson/ponyo_ws/install/moveMotor/lib/python3.10/site-packages:${PYTHONPATH} /usr/bin/python3 -W ignore:setup.py install is deprecated setup.py egg_info --egg-base ../../build/moveMotor build --build-base /home/jetson/ponyo_ws/build/moveMotor/build install --record /home/jetson/ponyo_ws/build/moveMotor/install.log --single-version-externally-managed install_data
