[4.772s] Invoking command in '/home/jetson/ponyo_ws/src/moveMotor': PYTHONPATH=/home/jetson/ponyo_ws/build/moveMotor/prefix_override:/usr/lib/python3/dist-packages/colcon_core/task/python/colcon_distutils_commands:/home/jetson/ponyo_ws/install/moveMotor/lib/python3.10/site-packages:${PYTHONPATH} /usr/bin/python3 -W ignore:setup.py install is deprecated setup.py egg_info --egg-base ../../build/moveMotor build --build-base /home/jetson/ponyo_ws/build/moveMotor/build install --record /home/jetson/ponyo_ws/build/moveMotor/install.log --single-version-externally-managed install_data
[6.652s] running egg_info
[6.657s] writing ../../build/moveMotor/moveMotor.egg-info/PKG-INFO
[6.658s] writing dependency_links to ../../build/moveMotor/moveMotor.egg-info/dependency_links.txt
[6.659s] writing entry points to ../../build/moveMotor/moveMotor.egg-info/entry_points.txt
[6.659s] writing requirements to ../../build/moveMotor/moveMotor.egg-info/requires.txt
[6.659s] writing top-level names to ../../build/moveMotor/moveMotor.egg-info/top_level.txt
[6.667s] reading manifest file '../../build/moveMotor/moveMotor.egg-info/SOURCES.txt'
[6.668s] adding license file 'LICENSE'
[6.672s] writing manifest file '../../build/moveMotor/moveMotor.egg-info/SOURCES.txt'
[6.672s] running build
[6.672s] running build_py
[6.675s] running install
[6.677s] running install_lib
[6.684s] running install_data
[6.684s] running install_egg_info
[6.691s] removing '/home/jetson/ponyo_ws/install/moveMotor/lib/python3.10/site-packages/moveMotor-0.0.0-py3.10.egg-info' (and everything under it)
[6.692s] Copying ../../build/moveMotor/moveMotor.egg-info to /home/jetson/ponyo_ws/install/moveMotor/lib/python3.10/site-packages/moveMotor-0.0.0-py3.10.egg-info
[6.695s] running install_scripts
[6.782s] Installing Escucha script to /home/jetson/ponyo_ws/install/moveMotor/lib/moveMotor
[6.783s] Installing Habla script to /home/jetson/ponyo_ws/install/moveMotor/lib/moveMotor
[6.783s] Installing Mensaje script to /home/jetson/ponyo_ws/install/moveMotor/lib/moveMotor
[6.784s] Installing MotorTopic script to /home/jetson/ponyo_ws/install/moveMotor/lib/moveMotor
[6.785s] Installing PublisAndMoveJoystick script to /home/jetson/ponyo_ws/install/moveMotor/lib/moveMotor
[6.785s] Installing Qcamera script to /home/jetson/ponyo_ws/install/moveMotor/lib/moveMotor
[6.786s] writing list of installed files to '/home/jetson/ponyo_ws/build/moveMotor/install.log'
[6.914s] Invoked command in '/home/jetson/ponyo_ws/src/moveMotor' returned '0': PYTHONPATH=/home/jetson/ponyo_ws/build/moveMotor/prefix_override:/usr/lib/python3/dist-packages/colcon_core/task/python/colcon_distutils_commands:/home/jetson/ponyo_ws/install/moveMotor/lib/python3.10/site-packages:${PYTHONPATH} /usr/bin/python3 -W ignore:setup.py install is deprecated setup.py egg_info --egg-base ../../build/moveMotor build --build-base /home/jetson/ponyo_ws/build/moveMotor/build install --record /home/jetson/ponyo_ws/build/moveMotor/install.log --single-version-externally-managed install_data
