[4.586s] Invoking command in '/home/jetson/ponyo_ws/src/moveMotor': PYTHONPATH=/home/jetson/ponyo_ws/build/moveMotor/prefix_override:/usr/lib/python3/dist-packages/colcon_core/task/python/colcon_distutils_commands:/home/jetson/ponyo_ws/install/moveMotor/lib/python3.10/site-packages:${PYTHONPATH} /usr/bin/python3 -W ignore:setup.py install is deprecated setup.py egg_info --egg-base ../../build/moveMotor build --build-base /home/jetson/ponyo_ws/build/moveMotor/build install --record /home/jetson/ponyo_ws/build/moveMotor/install.log --single-version-externally-managed install_data
[5.623s] running egg_info
[5.627s] writing ../../build/moveMotor/moveMotor.egg-info/PKG-INFO
[5.629s] writing dependency_links to ../../build/moveMotor/moveMotor.egg-info/dependency_links.txt
[5.630s] writing entry points to ../../build/moveMotor/moveMotor.egg-info/entry_points.txt
[5.630s] writing requirements to ../../build/moveMotor/moveMotor.egg-info/requires.txt
[5.630s] writing top-level names to ../../build/moveMotor/moveMotor.egg-info/top_level.txt
[5.637s] reading manifest file '../../build/moveMotor/moveMotor.egg-info/SOURCES.txt'
[5.638s] adding license file 'LICENSE'
[5.641s] writing manifest file '../../build/moveMotor/moveMotor.egg-info/SOURCES.txt'
[5.642s] running build
[5.642s] running build_py
[5.645s] running install
[5.646s] running install_lib
[5.653s] running install_data
[5.653s] running install_egg_info
[5.660s] removing '/home/jetson/ponyo_ws/install/moveMotor/lib/python3.10/site-packages/moveMotor-0.0.0-py3.10.egg-info' (and everything under it)
[5.661s] Copying ../../build/moveMotor/moveMotor.egg-info to /home/jetson/ponyo_ws/install/moveMotor/lib/python3.10/site-packages/moveMotor-0.0.0-py3.10.egg-info
[5.665s] running install_scripts
[5.749s] Installing Escucha script to /home/jetson/ponyo_ws/install/moveMotor/lib/moveMotor
[5.750s] Installing Habla script to /home/jetson/ponyo_ws/install/moveMotor/lib/moveMotor
[5.751s] Installing Mensaje script to /home/jetson/ponyo_ws/install/moveMotor/lib/moveMotor
[5.752s] Installing MotorTopic script to /home/jetson/ponyo_ws/install/moveMotor/lib/moveMotor
[5.752s] Installing PublisAndMoveJoystick script to /home/jetson/ponyo_ws/install/moveMotor/lib/moveMotor
[5.753s] Installing Qcamera script to /home/jetson/ponyo_ws/install/moveMotor/lib/moveMotor
[5.755s] writing list of installed files to '/home/jetson/ponyo_ws/build/moveMotor/install.log'
[5.926s] Invoked command in '/home/jetson/ponyo_ws/src/moveMotor' returned '0': PYTHONPATH=/home/jetson/ponyo_ws/build/moveMotor/prefix_override:/usr/lib/python3/dist-packages/colcon_core/task/python/colcon_distutils_commands:/home/jetson/ponyo_ws/install/moveMotor/lib/python3.10/site-packages:${PYTHONPATH} /usr/bin/python3 -W ignore:setup.py install is deprecated setup.py egg_info --egg-base ../../build/moveMotor build --build-base /home/jetson/ponyo_ws/build/moveMotor/build install --record /home/jetson/ponyo_ws/build/moveMotor/install.log --single-version-externally-managed install_data
