[3.916s] Invoking command in '/home/jetson/ponyo_ws/src/main': PYTHONPATH=/home/jetson/ponyo_ws/build/main/prefix_override:/usr/lib/python3/dist-packages/colcon_core/task/python/colcon_distutils_commands:/home/jetson/ponyo_ws/install/main/lib/python3.10/site-packages:${PYTHONPATH} /usr/bin/python3 -W ignore:setup.py install is deprecated setup.py egg_info --egg-base ../../build/main build --build-base /home/jetson/ponyo_ws/build/main/build install --record /home/jetson/ponyo_ws/build/main/install.log --single-version-externally-managed install_data
[4.966s] running egg_info
[4.972s] writing ../../build/main/main.egg-info/PKG-INFO
[4.972s] writing dependency_links to ../../build/main/main.egg-info/dependency_links.txt
[4.973s] writing entry points to ../../build/main/main.egg-info/entry_points.txt
[4.973s] writing requirements to ../../build/main/main.egg-info/requires.txt
[4.974s] writing top-level names to ../../build/main/main.egg-info/top_level.txt
[4.980s] reading manifest file '../../build/main/main.egg-info/SOURCES.txt'
[4.983s] writing manifest file '../../build/main/main.egg-info/SOURCES.txt'
[4.984s] running build
[4.985s] running build_py
[4.986s] running install
[4.986s] running install_lib
[4.992s] running install_data
[4.992s] running install_egg_info
[4.998s] removing '/home/jetson/ponyo_ws/install/main/lib/python3.10/site-packages/main-0.0.0-py3.10.egg-info' (and everything under it)
[5.000s] Copying ../../build/main/main.egg-info to /home/jetson/ponyo_ws/install/main/lib/python3.10/site-packages/main-0.0.0-py3.10.egg-info
[5.003s] running install_scripts
[5.088s] Installing MotorTopic script to /home/jetson/ponyo_ws/install/main/lib/main
[5.090s] writing list of installed files to '/home/jetson/ponyo_ws/build/main/install.log'
[5.217s] Invoked command in '/home/jetson/ponyo_ws/src/main' returned '0': PYTHONPATH=/home/jetson/ponyo_ws/build/main/prefix_override:/usr/lib/python3/dist-packages/colcon_core/task/python/colcon_distutils_commands:/home/jetson/ponyo_ws/install/main/lib/python3.10/site-packages:${PYTHONPATH} /usr/bin/python3 -W ignore:setup.py install is deprecated setup.py egg_info --egg-base ../../build/main build --build-base /home/jetson/ponyo_ws/build/main/build install --record /home/jetson/ponyo_ws/build/main/install.log --single-version-externally-managed install_data
