running egg_info
writing ../../build/moveMotor/moveMotor.egg-info/PKG-INFO
writing dependency_links to ../../build/moveMotor/moveMotor.egg-info/dependency_links.txt
writing entry points to ../../build/moveMotor/moveMotor.egg-info/entry_points.txt
writing requirements to ../../build/moveMotor/moveMotor.egg-info/requires.txt
writing top-level names to ../../build/moveMotor/moveMotor.egg-info/top_level.txt
reading manifest file '../../build/moveMotor/moveMotor.egg-info/SOURCES.txt'
adding license file 'LICENSE'
writing manifest file '../../build/moveMotor/moveMotor.egg-info/SOURCES.txt'
running build
running build_py
running install
running install_lib
running install_data
running install_egg_info
removing '/home/jetson/ponyo_ws/install/moveMotor/lib/python3.10/site-packages/moveMotor-0.0.0-py3.10.egg-info' (and everything under it)
Copying ../../build/moveMotor/moveMotor.egg-info to /home/jetson/ponyo_ws/install/moveMotor/lib/python3.10/site-packages/moveMotor-0.0.0-py3.10.egg-info
running install_scripts
Installing Habla script to /home/jetson/ponyo_ws/install/moveMotor/lib/moveMotor
Installing MotorTopic script to /home/jetson/ponyo_ws/install/moveMotor/lib/moveMotor
Installing PublisAndMoveJoystick script to /home/jetson/ponyo_ws/install/moveMotor/lib/moveMotor
writing list of installed files to '/home/jetson/ponyo_ws/build/moveMotor/install.log'
