[3.849s] Invoking command in '/home/jetson/ponyo_ws/src/moveMotor': PYTHONPATH=/home/jetson/ponyo_ws/build/moveMotor/prefix_override:/usr/lib/python3/dist-packages/colcon_core/task/python/colcon_distutils_commands:/home/jetson/ponyo_ws/install/moveMotor/lib/python3.10/site-packages:${PYTHONPATH} /usr/bin/python3 -W ignore:setup.py install is deprecated setup.py egg_info --egg-base ../../build/moveMotor build --build-base /home/jetson/ponyo_ws/build/moveMotor/build install --record /home/jetson/ponyo_ws/build/moveMotor/install.log --single-version-externally-managed install_data
[4.924s] running egg_info
[4.928s] writing ../../build/moveMotor/moveMotor.egg-info/PKG-INFO
[4.928s] writing dependency_links to ../../build/moveMotor/moveMotor.egg-info/dependency_links.txt
[4.929s] writing entry points to ../../build/moveMotor/moveMotor.egg-info/entry_points.txt
[4.931s] writing requirements to ../../build/moveMotor/moveMotor.egg-info/requires.txt
[4.931s] writing top-level names to ../../build/moveMotor/moveMotor.egg-info/top_level.txt
[4.939s] reading manifest file '../../build/moveMotor/moveMotor.egg-info/SOURCES.txt'
[4.940s] adding license file 'LICENSE'
[4.950s] writing manifest file '../../build/moveMotor/moveMotor.egg-info/SOURCES.txt'
[4.951s] running build
[4.951s] running build_py
[4.951s] running install
[4.952s] running install_lib
[4.956s] running install_data
[4.956s] running install_egg_info
[4.964s] removing '/home/jetson/ponyo_ws/install/moveMotor/lib/python3.10/site-packages/moveMotor-0.0.0-py3.10.egg-info' (and everything under it)
[4.965s] Copying ../../build/moveMotor/moveMotor.egg-info to /home/jetson/ponyo_ws/install/moveMotor/lib/python3.10/site-packages/moveMotor-0.0.0-py3.10.egg-info
[4.969s] running install_scripts
[5.060s] Installing Escucha script to /home/jetson/ponyo_ws/install/moveMotor/lib/moveMotor
[5.060s] Installing Habla script to /home/jetson/ponyo_ws/install/moveMotor/lib/moveMotor
[5.061s] Installing Mensaje script to /home/jetson/ponyo_ws/install/moveMotor/lib/moveMotor
[5.062s] Installing MotorTopic script to /home/jetson/ponyo_ws/install/moveMotor/lib/moveMotor
[5.063s] Installing PublisAndMoveJoystick script to /home/jetson/ponyo_ws/install/moveMotor/lib/moveMotor
[5.063s] Installing Qcamera script to /home/jetson/ponyo_ws/install/moveMotor/lib/moveMotor
[5.066s] writing list of installed files to '/home/jetson/ponyo_ws/build/moveMotor/install.log'
[5.216s] Invoked command in '/home/jetson/ponyo_ws/src/moveMotor' returned '0': PYTHONPATH=/home/jetson/ponyo_ws/build/moveMotor/prefix_override:/usr/lib/python3/dist-packages/colcon_core/task/python/colcon_distutils_commands:/home/jetson/ponyo_ws/install/moveMotor/lib/python3.10/site-packages:${PYTHONPATH} /usr/bin/python3 -W ignore:setup.py install is deprecated setup.py egg_info --egg-base ../../build/moveMotor build --build-base /home/jetson/ponyo_ws/build/moveMotor/build install --record /home/jetson/ponyo_ws/build/moveMotor/install.log --single-version-externally-managed install_data
