[4.539s] Invoking command in '/home/jetson/ponyo_ws/src/moveMotor': PYTHONPATH=/home/jetson/ponyo_ws/build/moveMotor/prefix_override:/usr/lib/python3/dist-packages/colcon_core/task/python/colcon_distutils_commands:/home/jetson/ponyo_ws/install/moveMotor/lib/python3.10/site-packages:${PYTHONPATH} /usr/bin/python3 -W ignore:setup.py install is deprecated setup.py egg_info --egg-base ../../build/moveMotor build --build-base /home/jetson/ponyo_ws/build/moveMotor/build install --record /home/jetson/ponyo_ws/build/moveMotor/install.log --single-version-externally-managed install_data
[5.590s] running egg_info
[5.593s] writing ../../build/moveMotor/moveMotor.egg-info/PKG-INFO
[5.594s] writing dependency_links to ../../build/moveMotor/moveMotor.egg-info/dependency_links.txt
[5.594s] writing entry points to ../../build/moveMotor/moveMotor.egg-info/entry_points.txt
[5.595s] writing requirements to ../../build/moveMotor/moveMotor.egg-info/requires.txt
[5.596s] writing top-level names to ../../build/moveMotor/moveMotor.egg-info/top_level.txt
[5.604s] reading manifest file '../../build/moveMotor/moveMotor.egg-info/SOURCES.txt'
[5.605s] adding license file 'LICENSE'
[5.608s] writing manifest file '../../build/moveMotor/moveMotor.egg-info/SOURCES.txt'
[5.608s] running build
[5.609s] running build_py
[5.612s] running install
[5.613s] running install_lib
[5.620s] running install_data
[5.621s] running install_egg_info
[5.628s] removing '/home/jetson/ponyo_ws/install/moveMotor/lib/python3.10/site-packages/moveMotor-0.0.0-py3.10.egg-info' (and everything under it)
[5.629s] Copying ../../build/moveMotor/moveMotor.egg-info to /home/jetson/ponyo_ws/install/moveMotor/lib/python3.10/site-packages/moveMotor-0.0.0-py3.10.egg-info
[5.633s] running install_scripts
[5.723s] Installing Escucha script to /home/jetson/ponyo_ws/install/moveMotor/lib/moveMotor
[5.723s] Installing Habla script to /home/jetson/ponyo_ws/install/moveMotor/lib/moveMotor
[5.724s] Installing Mensaje script to /home/jetson/ponyo_ws/install/moveMotor/lib/moveMotor
[5.725s] Installing MotorTopic script to /home/jetson/ponyo_ws/install/moveMotor/lib/moveMotor
[5.726s] Installing PublisAndMoveJoystick script to /home/jetson/ponyo_ws/install/moveMotor/lib/moveMotor
[5.726s] Installing Qcamera script to /home/jetson/ponyo_ws/install/moveMotor/lib/moveMotor
[5.728s] writing list of installed files to '/home/jetson/ponyo_ws/build/moveMotor/install.log'
[5.873s] Invoked command in '/home/jetson/ponyo_ws/src/moveMotor' returned '0': PYTHONPATH=/home/jetson/ponyo_ws/build/moveMotor/prefix_override:/usr/lib/python3/dist-packages/colcon_core/task/python/colcon_distutils_commands:/home/jetson/ponyo_ws/install/moveMotor/lib/python3.10/site-packages:${PYTHONPATH} /usr/bin/python3 -W ignore:setup.py install is deprecated setup.py egg_info --egg-base ../../build/moveMotor build --build-base /home/jetson/ponyo_ws/build/moveMotor/build install --record /home/jetson/ponyo_ws/build/moveMotor/install.log --single-version-externally-managed install_data
