[0.666s] DEBUG:colcon:Command line arguments: ['/usr/bin/colcon', 'build']
[0.666s] DEBUG:colcon:Parsed command line arguments: Namespace(log_base=None, log_level=None, verb_name='build', build_base='build', install_base='install', merge_install=False, symlink_install=False, test_result_base=None, continue_on_error=False, executor='parallel', parallel_workers=4, event_handlers=None, ignore_user_meta=False, metas=['./colcon.meta'], base_paths=['.'], packages_ignore=None, packages_ignore_regex=None, paths=None, packages_up_to=None, packages_up_to_regex=None, packages_above=None, packages_above_and_dependencies=None, packages_above_depth=None, packages_select_by_dep=None, packages_skip_by_dep=None, packages_skip_up_to=None, packages_select_build_failed=False, packages_skip_build_finished=False, packages_select_test_failures=False, packages_skip_test_passed=False, packages_select=None, packages_skip=None, packages_select_regex=None, packages_skip_regex=None, packages_start=None, packages_end=None, allow_overriding=[], cmake_args=None, cmake_target=None, cmake_target_skip_unavailable=False, cmake_clean_cache=False, cmake_clean_first=False, cmake_force_configure=False, ament_cmake_args=None, catkin_cmake_args=None, catkin_skip_building_tests=False, mixin_files=None, mixin=None, verb_parser=<colcon_mixin.mixin.mixin_argument.MixinArgumentDecorator object at 0x7fb2e28a90>, verb_extension=<colcon_core.verb.build.BuildVerb object at 0x7fb2e28e50>, main=<bound method BuildVerb.main of <colcon_core.verb.build.BuildVerb object at 0x7fb2e28e50>>, mixin_verb=('build',))
[1.436s] Level 1:colcon.colcon_core.package_discovery:discover_packages(colcon_meta) check parameters
[1.436s] Level 1:colcon.colcon_core.package_discovery:discover_packages(recursive) check parameters
[1.436s] Level 1:colcon.colcon_core.package_discovery:discover_packages(ignore) check parameters
[1.436s] Level 1:colcon.colcon_core.package_discovery:discover_packages(path) check parameters
[1.436s] Level 1:colcon.colcon_core.package_discovery:discover_packages(colcon_meta) discover
[1.437s] Level 1:colcon.colcon_core.package_discovery:discover_packages(recursive) discover
[1.437s] INFO:colcon.colcon_core.package_discovery:Crawling recursively for packages in '/home/jetson/ponyo_ws'
[1.437s] Level 1:colcon.colcon_core.package_identification:_identify(.) by extensions ['ignore', 'ignore_ament_install']
[1.438s] Level 1:colcon.colcon_core.package_identification:_identify(.) by extension 'ignore'
[1.438s] Level 1:colcon.colcon_core.package_identification:_identify(.) by extension 'ignore_ament_install'
[1.438s] Level 1:colcon.colcon_core.package_identification:_identify(.) by extensions ['colcon_pkg']
[1.438s] Level 1:colcon.colcon_core.package_identification:_identify(.) by extension 'colcon_pkg'
[1.438s] Level 1:colcon.colcon_core.package_identification:_identify(.) by extensions ['colcon_meta']
[1.439s] Level 1:colcon.colcon_core.package_identification:_identify(.) by extension 'colcon_meta'
[1.439s] Level 1:colcon.colcon_core.package_identification:_identify(.) by extensions ['ros']
[1.439s] Level 1:colcon.colcon_core.package_identification:_identify(.) by extension 'ros'
[1.508s] Level 1:colcon.colcon_core.package_identification:_identify(.) by extensions ['cmake', 'python']
[1.509s] Level 1:colcon.colcon_core.package_identification:_identify(.) by extension 'cmake'
[1.509s] Level 1:colcon.colcon_core.package_identification:_identify(.) by extension 'python'
[1.509s] Level 1:colcon.colcon_core.package_identification:_identify(.) by extensions ['python_setup_py']
[1.509s] Level 1:colcon.colcon_core.package_identification:_identify(.) by extension 'python_setup_py'
[1.510s] Level 1:colcon.colcon_core.package_identification:_identify(build) by extensions ['ignore', 'ignore_ament_install']
[1.510s] Level 1:colcon.colcon_core.package_identification:_identify(build) by extension 'ignore'
[1.510s] Level 1:colcon.colcon_core.package_identification:_identify(build) ignored
[1.511s] Level 1:colcon.colcon_core.package_identification:_identify(install) by extensions ['ignore', 'ignore_ament_install']
[1.511s] Level 1:colcon.colcon_core.package_identification:_identify(install) by extension 'ignore'
[1.511s] Level 1:colcon.colcon_core.package_identification:_identify(install) ignored
[1.512s] Level 1:colcon.colcon_core.package_identification:_identify(log) by extensions ['ignore', 'ignore_ament_install']
[1.512s] Level 1:colcon.colcon_core.package_identification:_identify(log) by extension 'ignore'
[1.512s] Level 1:colcon.colcon_core.package_identification:_identify(log) ignored
[1.512s] Level 1:colcon.colcon_core.package_identification:_identify(src) by extensions ['ignore', 'ignore_ament_install']
[1.513s] Level 1:colcon.colcon_core.package_identification:_identify(src) by extension 'ignore'
[1.513s] Level 1:colcon.colcon_core.package_identification:_identify(src) by extension 'ignore_ament_install'
[1.513s] Level 1:colcon.colcon_core.package_identification:_identify(src) by extensions ['colcon_pkg']
[1.513s] Level 1:colcon.colcon_core.package_identification:_identify(src) by extension 'colcon_pkg'
[1.513s] Level 1:colcon.colcon_core.package_identification:_identify(src) by extensions ['colcon_meta']
[1.514s] Level 1:colcon.colcon_core.package_identification:_identify(src) by extension 'colcon_meta'
[1.514s] Level 1:colcon.colcon_core.package_identification:_identify(src) by extensions ['ros']
[1.514s] Level 1:colcon.colcon_core.package_identification:_identify(src) by extension 'ros'
[1.514s] Level 1:colcon.colcon_core.package_identification:_identify(src) by extensions ['cmake', 'python']
[1.514s] Level 1:colcon.colcon_core.package_identification:_identify(src) by extension 'cmake'
[1.515s] Level 1:colcon.colcon_core.package_identification:_identify(src) by extension 'python'
[1.515s] Level 1:colcon.colcon_core.package_identification:_identify(src) by extensions ['python_setup_py']
[1.515s] Level 1:colcon.colcon_core.package_identification:_identify(src) by extension 'python_setup_py'
[1.515s] Level 1:colcon.colcon_core.package_identification:_identify(src/main) by extensions ['ignore', 'ignore_ament_install']
[1.516s] Level 1:colcon.colcon_core.package_identification:_identify(src/main) by extension 'ignore'
[1.516s] Level 1:colcon.colcon_core.package_identification:_identify(src/main) by extension 'ignore_ament_install'
[1.516s] Level 1:colcon.colcon_core.package_identification:_identify(src/main) by extensions ['colcon_pkg']
[1.516s] Level 1:colcon.colcon_core.package_identification:_identify(src/main) by extension 'colcon_pkg'
[1.516s] Level 1:colcon.colcon_core.package_identification:_identify(src/main) by extensions ['colcon_meta']
[1.517s] Level 1:colcon.colcon_core.package_identification:_identify(src/main) by extension 'colcon_meta'
[1.517s] Level 1:colcon.colcon_core.package_identification:_identify(src/main) by extensions ['ros']
[1.517s] Level 1:colcon.colcon_core.package_identification:_identify(src/main) by extension 'ros'
[1.529s] DEBUG:colcon.colcon_core.package_identification:Package 'src/main' with type 'ros.ament_python' and name 'main'
[1.529s] Level 1:colcon.colcon_core.package_identification:_identify(src/moveMotor) by extensions ['ignore', 'ignore_ament_install']
[1.530s] Level 1:colcon.colcon_core.package_identification:_identify(src/moveMotor) by extension 'ignore'
[1.530s] Level 1:colcon.colcon_core.package_identification:_identify(src/moveMotor) by extension 'ignore_ament_install'
[1.530s] Level 1:colcon.colcon_core.package_identification:_identify(src/moveMotor) by extensions ['colcon_pkg']
[1.530s] Level 1:colcon.colcon_core.package_identification:_identify(src/moveMotor) by extension 'colcon_pkg'
[1.531s] Level 1:colcon.colcon_core.package_identification:_identify(src/moveMotor) by extensions ['colcon_meta']
[1.531s] Level 1:colcon.colcon_core.package_identification:_identify(src/moveMotor) by extension 'colcon_meta'
[1.531s] Level 1:colcon.colcon_core.package_identification:_identify(src/moveMotor) by extensions ['ros']
[1.531s] Level 1:colcon.colcon_core.package_identification:_identify(src/moveMotor) by extension 'ros'
[1.533s] DEBUG:colcon.colcon_core.package_identification:Package 'src/moveMotor' with type 'ros.ament_python' and name 'moveMotor'
[1.534s] Level 1:colcon.colcon_core.package_discovery:discover_packages(recursive) using defaults
[1.534s] Level 1:colcon.colcon_core.package_discovery:discover_packages(ignore) discover
[1.534s] Level 1:colcon.colcon_core.package_discovery:discover_packages(ignore) using defaults
[1.534s] Level 1:colcon.colcon_core.package_discovery:discover_packages(path) discover
[1.534s] Level 1:colcon.colcon_core.package_discovery:discover_packages(path) using defaults
[1.623s] Level 1:colcon.colcon_core.package_discovery:discover_packages(prefix_path) check parameters
[1.624s] Level 1:colcon.colcon_core.package_discovery:discover_packages(prefix_path) discover
[1.636s] DEBUG:colcon.colcon_installed_package_information.package_discovery:Found 2 installed packages in /home/jetson/ponyo_ws/install
[1.638s] DEBUG:colcon.colcon_installed_package_information.package_discovery:Found 3 installed packages in /home/jetson/rosbostito/install
[1.643s] DEBUG:colcon.colcon_installed_package_information.package_discovery:Found 184 installed packages in /opt/ros/humble
[1.648s] Level 1:colcon.colcon_core.package_discovery:discover_packages(prefix_path) using defaults
[1.819s] Level 5:colcon.colcon_core.verb:set package 'main' build argument 'cmake_args' from command line to 'None'
[1.819s] Level 5:colcon.colcon_core.verb:set package 'main' build argument 'cmake_target' from command line to 'None'
[1.819s] Level 5:colcon.colcon_core.verb:set package 'main' build argument 'cmake_target_skip_unavailable' from command line to 'False'
[1.819s] Level 5:colcon.colcon_core.verb:set package 'main' build argument 'cmake_clean_cache' from command line to 'False'
[1.820s] Level 5:colcon.colcon_core.verb:set package 'main' build argument 'cmake_clean_first' from command line to 'False'
[1.820s] Level 5:colcon.colcon_core.verb:set package 'main' build argument 'cmake_force_configure' from command line to 'False'
[1.820s] Level 5:colcon.colcon_core.verb:set package 'main' build argument 'ament_cmake_args' from command line to 'None'
[1.820s] Level 5:colcon.colcon_core.verb:set package 'main' build argument 'catkin_cmake_args' from command line to 'None'
[1.820s] Level 5:colcon.colcon_core.verb:set package 'main' build argument 'catkin_skip_building_tests' from command line to 'False'
[1.820s] DEBUG:colcon.colcon_core.verb:Building package 'main' with the following arguments: {'ament_cmake_args': None, 'build_base': '/home/jetson/ponyo_ws/build/main', 'catkin_cmake_args': None, 'catkin_skip_building_tests': False, 'cmake_args': None, 'cmake_clean_cache': False, 'cmake_clean_first': False, 'cmake_force_configure': False, 'cmake_target': None, 'cmake_target_skip_unavailable': False, 'install_base': '/home/jetson/ponyo_ws/install/main', 'merge_install': False, 'path': '/home/jetson/ponyo_ws/src/main', 'symlink_install': False, 'test_result_base': None}
[1.822s] Level 5:colcon.colcon_core.verb:set package 'moveMotor' build argument 'cmake_args' from command line to 'None'
[1.822s] Level 5:colcon.colcon_core.verb:set package 'moveMotor' build argument 'cmake_target' from command line to 'None'
[1.822s] Level 5:colcon.colcon_core.verb:set package 'moveMotor' build argument 'cmake_target_skip_unavailable' from command line to 'False'
[1.822s] Level 5:colcon.colcon_core.verb:set package 'moveMotor' build argument 'cmake_clean_cache' from command line to 'False'
[1.823s] Level 5:colcon.colcon_core.verb:set package 'moveMotor' build argument 'cmake_clean_first' from command line to 'False'
[1.823s] Level 5:colcon.colcon_core.verb:set package 'moveMotor' build argument 'cmake_force_configure' from command line to 'False'
[1.823s] Level 5:colcon.colcon_core.verb:set package 'moveMotor' build argument 'ament_cmake_args' from command line to 'None'
[1.823s] Level 5:colcon.colcon_core.verb:set package 'moveMotor' build argument 'catkin_cmake_args' from command line to 'None'
[1.823s] Level 5:colcon.colcon_core.verb:set package 'moveMotor' build argument 'catkin_skip_building_tests' from command line to 'False'
[1.823s] DEBUG:colcon.colcon_core.verb:Building package 'moveMotor' with the following arguments: {'ament_cmake_args': None, 'build_base': '/home/jetson/ponyo_ws/build/moveMotor', 'catkin_cmake_args': None, 'catkin_skip_building_tests': False, 'cmake_args': None, 'cmake_clean_cache': False, 'cmake_clean_first': False, 'cmake_force_configure': False, 'cmake_target': None, 'cmake_target_skip_unavailable': False, 'install_base': '/home/jetson/ponyo_ws/install/moveMotor', 'merge_install': False, 'path': '/home/jetson/ponyo_ws/src/moveMotor', 'symlink_install': False, 'test_result_base': None}
[1.824s] INFO:colcon.colcon_core.executor:Executing jobs using 'parallel' executor
[1.827s] DEBUG:colcon.colcon_parallel_executor.executor.parallel:run_until_complete
[1.828s] INFO:colcon.colcon_ros.task.ament_python.build:Building ROS package in '/home/jetson/ponyo_ws/src/main' with build type 'ament_python'
[1.828s] Level 1:colcon.colcon_core.shell:create_environment_hook('main', 'ament_prefix_path')
[1.848s] INFO:colcon.colcon_core.plugin_system:Skipping extension 'colcon_core.shell.bat': Not used on non-Windows systems
[1.849s] INFO:colcon.colcon_core.shell:Creating environment hook '/home/jetson/ponyo_ws/install/main/share/main/hook/ament_prefix_path.ps1'
[1.852s] INFO:colcon.colcon_core.shell:Creating environment descriptor '/home/jetson/ponyo_ws/install/main/share/main/hook/ament_prefix_path.dsv'
[1.854s] INFO:colcon.colcon_core.shell:Creating environment hook '/home/jetson/ponyo_ws/install/main/share/main/hook/ament_prefix_path.sh'
[1.857s] INFO:colcon.colcon_core.shell:Skip shell extension 'powershell' for command environment: Not usable outside of PowerShell
[1.857s] DEBUG:colcon.colcon_core.shell:Skip shell extension 'dsv' for command environment
[1.871s] INFO:colcon.colcon_ros.task.ament_python.build:Building ROS package in '/home/jetson/ponyo_ws/src/moveMotor' with build type 'ament_python'
[1.872s] Level 1:colcon.colcon_core.shell:create_environment_hook('moveMotor', 'ament_prefix_path')
[1.873s] INFO:colcon.colcon_core.shell:Creating environment hook '/home/jetson/ponyo_ws/install/moveMotor/share/moveMotor/hook/ament_prefix_path.ps1'
[1.875s] INFO:colcon.colcon_core.shell:Creating environment descriptor '/home/jetson/ponyo_ws/install/moveMotor/share/moveMotor/hook/ament_prefix_path.dsv'
[1.876s] INFO:colcon.colcon_core.shell:Creating environment hook '/home/jetson/ponyo_ws/install/moveMotor/share/moveMotor/hook/ament_prefix_path.sh'
[1.878s] INFO:colcon.colcon_core.shell:Skip shell extension 'powershell' for command environment: Not usable outside of PowerShell
[1.878s] DEBUG:colcon.colcon_core.shell:Skip shell extension 'dsv' for command environment
[3.010s] INFO:colcon.colcon_core.task.python.build:Building Python package in '/home/jetson/ponyo_ws/src/main'
[3.011s] INFO:colcon.colcon_core.shell:Skip shell extension 'powershell' for command environment: Not usable outside of PowerShell
[3.011s] DEBUG:colcon.colcon_core.shell:Skip shell extension 'dsv' for command environment
[4.243s] INFO:colcon.colcon_core.task.python.build:Building Python package in '/home/jetson/ponyo_ws/src/moveMotor'
[4.244s] INFO:colcon.colcon_core.shell:Skip shell extension 'powershell' for command environment: Not usable outside of PowerShell
[4.244s] DEBUG:colcon.colcon_core.shell:Skip shell extension 'dsv' for command environment
[5.988s] DEBUG:colcon.colcon_core.event_handler.log_command:Invoking command in '/home/jetson/ponyo_ws/src/moveMotor': PYTHONPATH=/home/jetson/ponyo_ws/build/moveMotor/prefix_override:/usr/lib/python3/dist-packages/colcon_core/task/python/colcon_distutils_commands:/home/jetson/ponyo_ws/install/moveMotor/lib/python3.10/site-packages:${PYTHONPATH} /usr/bin/python3 -W ignore:setup.py install is deprecated setup.py egg_info --egg-base ../../build/moveMotor build --build-base /home/jetson/ponyo_ws/build/moveMotor/build install --record /home/jetson/ponyo_ws/build/moveMotor/install.log --single-version-externally-managed install_data
[6.008s] DEBUG:colcon.colcon_core.event_handler.log_command:Invoking command in '/home/jetson/ponyo_ws/src/main': PYTHONPATH=/home/jetson/ponyo_ws/build/main/prefix_override:/usr/lib/python3/dist-packages/colcon_core/task/python/colcon_distutils_commands:/home/jetson/ponyo_ws/install/main/lib/python3.10/site-packages:${PYTHONPATH} /usr/bin/python3 -W ignore:setup.py install is deprecated setup.py egg_info --egg-base ../../build/main build --build-base /home/jetson/ponyo_ws/build/main/build install --record /home/jetson/ponyo_ws/build/main/install.log --single-version-externally-managed install_data
[7.519s] DEBUG:colcon.colcon_core.event_handler.log_command:Invoked command in '/home/jetson/ponyo_ws/src/moveMotor' returned '0': PYTHONPATH=/home/jetson/ponyo_ws/build/moveMotor/prefix_override:/usr/lib/python3/dist-packages/colcon_core/task/python/colcon_distutils_commands:/home/jetson/ponyo_ws/install/moveMotor/lib/python3.10/site-packages:${PYTHONPATH} /usr/bin/python3 -W ignore:setup.py install is deprecated setup.py egg_info --egg-base ../../build/moveMotor build --build-base /home/jetson/ponyo_ws/build/moveMotor/build install --record /home/jetson/ponyo_ws/build/moveMotor/install.log --single-version-externally-managed install_data
[7.536s] Level 1:colcon.colcon_core.environment:checking '/home/jetson/ponyo_ws/install/moveMotor' for CMake module files
[7.538s] Level 1:colcon.colcon_core.environment:checking '/home/jetson/ponyo_ws/install/moveMotor' for CMake config files
[7.541s] Level 1:colcon.colcon_core.environment:checking '/home/jetson/ponyo_ws/install/moveMotor/lib'
[7.542s] Level 1:colcon.colcon_core.environment:checking '/home/jetson/ponyo_ws/install/moveMotor/bin'
[7.542s] Level 1:colcon.colcon_core.environment:checking '/home/jetson/ponyo_ws/install/moveMotor/lib/pkgconfig/moveMotor.pc'
[7.543s] Level 1:colcon.colcon_core.environment:checking '/home/jetson/ponyo_ws/install/moveMotor/lib/python3.10/site-packages'
[7.543s] Level 1:colcon.colcon_core.shell:create_environment_hook('moveMotor', 'pythonpath')
[7.545s] INFO:colcon.colcon_core.shell:Creating environment hook '/home/jetson/ponyo_ws/install/moveMotor/share/moveMotor/hook/pythonpath.ps1'
[7.546s] INFO:colcon.colcon_core.shell:Creating environment descriptor '/home/jetson/ponyo_ws/install/moveMotor/share/moveMotor/hook/pythonpath.dsv'
[7.547s] INFO:colcon.colcon_core.shell:Creating environment hook '/home/jetson/ponyo_ws/install/moveMotor/share/moveMotor/hook/pythonpath.sh'
[7.550s] Level 1:colcon.colcon_core.environment:checking '/home/jetson/ponyo_ws/install/moveMotor/bin'
[7.550s] Level 1:colcon.colcon_core.environment:create_environment_scripts_only(moveMotor)
[7.552s] INFO:colcon.colcon_core.shell:Creating package script '/home/jetson/ponyo_ws/install/moveMotor/share/moveMotor/package.ps1'
[7.555s] INFO:colcon.colcon_core.shell:Creating package descriptor '/home/jetson/ponyo_ws/install/moveMotor/share/moveMotor/package.dsv'
[7.558s] INFO:colcon.colcon_core.shell:Creating package script '/home/jetson/ponyo_ws/install/moveMotor/share/moveMotor/package.sh'
[7.562s] INFO:colcon.colcon_core.shell:Creating package script '/home/jetson/ponyo_ws/install/moveMotor/share/moveMotor/package.bash'
[7.565s] INFO:colcon.colcon_core.shell:Creating package script '/home/jetson/ponyo_ws/install/moveMotor/share/moveMotor/package.zsh'
[7.569s] Level 1:colcon.colcon_core.environment:create_file_with_runtime_dependencies(/home/jetson/ponyo_ws/install/moveMotor/share/colcon-core/packages/moveMotor)
[7.574s] Level 1:colcon.colcon_core.environment:checking '/home/jetson/ponyo_ws/install/main' for CMake module files
[7.577s] DEBUG:colcon.colcon_core.event_handler.log_command:Invoked command in '/home/jetson/ponyo_ws/src/main' returned '0': PYTHONPATH=/home/jetson/ponyo_ws/build/main/prefix_override:/usr/lib/python3/dist-packages/colcon_core/task/python/colcon_distutils_commands:/home/jetson/ponyo_ws/install/main/lib/python3.10/site-packages:${PYTHONPATH} /usr/bin/python3 -W ignore:setup.py install is deprecated setup.py egg_info --egg-base ../../build/main build --build-base /home/jetson/ponyo_ws/build/main/build install --record /home/jetson/ponyo_ws/build/main/install.log --single-version-externally-managed install_data
[7.578s] Level 1:colcon.colcon_core.environment:checking '/home/jetson/ponyo_ws/install/main' for CMake config files
[7.581s] Level 1:colcon.colcon_core.environment:checking '/home/jetson/ponyo_ws/install/main/lib'
[7.581s] Level 1:colcon.colcon_core.environment:checking '/home/jetson/ponyo_ws/install/main/bin'
[7.581s] Level 1:colcon.colcon_core.environment:checking '/home/jetson/ponyo_ws/install/main/lib/pkgconfig/main.pc'
[7.582s] Level 1:colcon.colcon_core.environment:checking '/home/jetson/ponyo_ws/install/main/lib/python3.10/site-packages'
[7.583s] Level 1:colcon.colcon_core.shell:create_environment_hook('main', 'pythonpath')
[7.584s] INFO:colcon.colcon_core.shell:Creating environment hook '/home/jetson/ponyo_ws/install/main/share/main/hook/pythonpath.ps1'
[7.585s] INFO:colcon.colcon_core.shell:Creating environment descriptor '/home/jetson/ponyo_ws/install/main/share/main/hook/pythonpath.dsv'
[7.587s] INFO:colcon.colcon_core.shell:Creating environment hook '/home/jetson/ponyo_ws/install/main/share/main/hook/pythonpath.sh'
[7.589s] Level 1:colcon.colcon_core.environment:checking '/home/jetson/ponyo_ws/install/main/bin'
[7.589s] Level 1:colcon.colcon_core.environment:create_environment_scripts_only(main)
[7.591s] INFO:colcon.colcon_core.shell:Creating package script '/home/jetson/ponyo_ws/install/main/share/main/package.ps1'
[7.593s] INFO:colcon.colcon_core.shell:Creating package descriptor '/home/jetson/ponyo_ws/install/main/share/main/package.dsv'
[7.595s] INFO:colcon.colcon_core.shell:Creating package script '/home/jetson/ponyo_ws/install/main/share/main/package.sh'
[7.597s] INFO:colcon.colcon_core.shell:Creating package script '/home/jetson/ponyo_ws/install/main/share/main/package.bash'
[7.599s] INFO:colcon.colcon_core.shell:Creating package script '/home/jetson/ponyo_ws/install/main/share/main/package.zsh'
[7.600s] Level 1:colcon.colcon_core.environment:create_file_with_runtime_dependencies(/home/jetson/ponyo_ws/install/main/share/colcon-core/packages/main)
[7.601s] DEBUG:colcon.colcon_parallel_executor.executor.parallel:closing loop
[7.602s] DEBUG:colcon.colcon_parallel_executor.executor.parallel:loop closed
[7.603s] DEBUG:colcon.colcon_parallel_executor.executor.parallel:run_until_complete finished with '0'
[7.603s] DEBUG:colcon.colcon_core.event_reactor:joining thread
[7.636s] INFO:colcon.colcon_core.plugin_system:Skipping extension 'colcon_notification.desktop_notification.terminal_notifier': Not used on non-Darwin systems
[7.636s] INFO:colcon.colcon_core.plugin_system:Skipping extension 'colcon_notification.desktop_notification.win32': Not used on non-Windows systems
[7.637s] INFO:colcon.colcon_notification.desktop_notification:Sending desktop notification using 'notify2'
[32.665s] DEBUG:colcon.colcon_notification.desktop_notification.notify2:Failed to initialize notify2: org.freedesktop.DBus.Error.NoReply: Did not receive a reply. Possible causes include: the remote application did not send a reply, the message bus security policy blocked the reply, the reply timeout expired, or the network connection was broken.
[32.667s] DEBUG:colcon.colcon_core.event_reactor:joined thread
[32.673s] INFO:colcon.colcon_core.shell:Creating prefix script '/home/jetson/ponyo_ws/install/local_setup.ps1'
[32.684s] INFO:colcon.colcon_core.shell:Creating prefix util module '/home/jetson/ponyo_ws/install/_local_setup_util_ps1.py'
[32.691s] INFO:colcon.colcon_core.shell:Creating prefix chain script '/home/jetson/ponyo_ws/install/setup.ps1'
[32.695s] INFO:colcon.colcon_core.shell:Creating prefix script '/home/jetson/ponyo_ws/install/local_setup.sh'
[32.698s] INFO:colcon.colcon_core.shell:Creating prefix util module '/home/jetson/ponyo_ws/install/_local_setup_util_sh.py'
[32.700s] INFO:colcon.colcon_core.shell:Creating prefix chain script '/home/jetson/ponyo_ws/install/setup.sh'
[32.704s] INFO:colcon.colcon_core.shell:Creating prefix script '/home/jetson/ponyo_ws/install/local_setup.bash'
[32.706s] INFO:colcon.colcon_core.shell:Creating prefix chain script '/home/jetson/ponyo_ws/install/setup.bash'
[32.710s] INFO:colcon.colcon_core.shell:Creating prefix script '/home/jetson/ponyo_ws/install/local_setup.zsh'
[32.712s] INFO:colcon.colcon_core.shell:Creating prefix chain script '/home/jetson/ponyo_ws/install/setup.zsh'
