[3.740s] Invoking command in '/home/jetson/ponyo_ws/src/moveMotor': PYTHONPATH=/home/jetson/ponyo_ws/build/moveMotor/prefix_override:/usr/lib/python3/dist-packages/colcon_core/task/python/colcon_distutils_commands:/home/jetson/ponyo_ws/install/moveMotor/lib/python3.10/site-packages:${PYTHONPATH} /usr/bin/python3 -W ignore:setup.py install is deprecated setup.py egg_info --egg-base ../../build/moveMotor build --build-base /home/jetson/ponyo_ws/build/moveMotor/build install --record /home/jetson/ponyo_ws/build/moveMotor/install.log --single-version-externally-managed install_data
[4.799s] running egg_info
[4.803s] writing ../../build/moveMotor/moveMotor.egg-info/PKG-INFO
[4.804s] writing dependency_links to ../../build/moveMotor/moveMotor.egg-info/dependency_links.txt
[4.806s] writing entry points to ../../build/moveMotor/moveMotor.egg-info/entry_points.txt
[4.807s] writing requirements to ../../build/moveMotor/moveMotor.egg-info/requires.txt
[4.807s] writing top-level names to ../../build/moveMotor/moveMotor.egg-info/top_level.txt
[4.814s] reading manifest file '../../build/moveMotor/moveMotor.egg-info/SOURCES.txt'
[4.815s] adding license file 'LICENSE'
[4.819s] writing manifest file '../../build/moveMotor/moveMotor.egg-info/SOURCES.txt'
[4.819s] running build
[4.819s] running build_py
[4.821s] copying moveMotor/reader.py -> /home/jetson/ponyo_ws/build/moveMotor/build/lib/moveMotor
[4.823s] running install
[4.824s] running install_lib
[4.828s] copying /home/jetson/ponyo_ws/build/moveMotor/build/lib/moveMotor/reader.py -> /home/jetson/ponyo_ws/install/moveMotor/lib/python3.10/site-packages/moveMotor
[4.831s] byte-compiling /home/jetson/ponyo_ws/install/moveMotor/lib/python3.10/site-packages/moveMotor/reader.py to reader.cpython-310.pyc
[4.836s] running install_data
[4.837s] running install_egg_info
[4.844s] removing '/home/jetson/ponyo_ws/install/moveMotor/lib/python3.10/site-packages/moveMotor-0.0.0-py3.10.egg-info' (and everything under it)
[4.845s] Copying ../../build/moveMotor/moveMotor.egg-info to /home/jetson/ponyo_ws/install/moveMotor/lib/python3.10/site-packages/moveMotor-0.0.0-py3.10.egg-info
[4.849s] running install_scripts
[4.938s] Installing Escucha script to /home/jetson/ponyo_ws/install/moveMotor/lib/moveMotor
[4.939s] Installing Habla script to /home/jetson/ponyo_ws/install/moveMotor/lib/moveMotor
[4.940s] Installing Mensaje script to /home/jetson/ponyo_ws/install/moveMotor/lib/moveMotor
[4.940s] Installing MotorTopic script to /home/jetson/ponyo_ws/install/moveMotor/lib/moveMotor
[4.941s] Installing PublisAndMoveJoystick script to /home/jetson/ponyo_ws/install/moveMotor/lib/moveMotor
[4.942s] Installing Qcamera script to /home/jetson/ponyo_ws/install/moveMotor/lib/moveMotor
[4.943s] writing list of installed files to '/home/jetson/ponyo_ws/build/moveMotor/install.log'
[5.125s] Invoked command in '/home/jetson/ponyo_ws/src/moveMotor' returned '0': PYTHONPATH=/home/jetson/ponyo_ws/build/moveMotor/prefix_override:/usr/lib/python3/dist-packages/colcon_core/task/python/colcon_distutils_commands:/home/jetson/ponyo_ws/install/moveMotor/lib/python3.10/site-packages:${PYTHONPATH} /usr/bin/python3 -W ignore:setup.py install is deprecated setup.py egg_info --egg-base ../../build/moveMotor build --build-base /home/jetson/ponyo_ws/build/moveMotor/build install --record /home/jetson/ponyo_ws/build/moveMotor/install.log --single-version-externally-managed install_data
