[4.806s] Invoking command in '/home/jetson/ponyo_ws/src/main': PYTHONPATH=/home/jetson/ponyo_ws/build/main/prefix_override:/usr/lib/python3/dist-packages/colcon_core/task/python/colcon_distutils_commands:/home/jetson/ponyo_ws/install/main/lib/python3.10/site-packages:${PYTHONPATH} /usr/bin/python3 -W ignore:setup.py install is deprecated setup.py egg_info --egg-base ../../build/main build --build-base /home/jetson/ponyo_ws/build/main/build install --record /home/jetson/ponyo_ws/build/main/install.log --single-version-externally-managed install_data
[6.232s] running egg_info
[6.235s] writing ../../build/main/main.egg-info/PKG-INFO
[6.247s] writing dependency_links to ../../build/main/main.egg-info/dependency_links.txt
[6.247s] writing entry points to ../../build/main/main.egg-info/entry_points.txt
[6.248s] writing requirements to ../../build/main/main.egg-info/requires.txt
[6.249s] writing top-level names to ../../build/main/main.egg-info/top_level.txt
[6.268s] reading manifest file '../../build/main/main.egg-info/SOURCES.txt'
[6.276s] writing manifest file '../../build/main/main.egg-info/SOURCES.txt'
[6.276s] running build
[6.277s] running build_py
[6.296s] running install
[6.296s] running install_lib
[6.308s] running install_data
[6.313s] running install_egg_info
[6.320s] removing '/home/jetson/ponyo_ws/install/main/lib/python3.10/site-packages/main-0.0.0-py3.10.egg-info' (and everything under it)
[6.321s] Copying ../../build/main/main.egg-info to /home/jetson/ponyo_ws/install/main/lib/python3.10/site-packages/main-0.0.0-py3.10.egg-info
[6.330s] running install_scripts
[6.515s] Installing MotorTopic script to /home/jetson/ponyo_ws/install/main/lib/main
[6.529s] writing list of installed files to '/home/jetson/ponyo_ws/build/main/install.log'
[6.775s] Invoked command in '/home/jetson/ponyo_ws/src/main' returned '0': PYTHONPATH=/home/jetson/ponyo_ws/build/main/prefix_override:/usr/lib/python3/dist-packages/colcon_core/task/python/colcon_distutils_commands:/home/jetson/ponyo_ws/install/main/lib/python3.10/site-packages:${PYTHONPATH} /usr/bin/python3 -W ignore:setup.py install is deprecated setup.py egg_info --egg-base ../../build/main build --build-base /home/jetson/ponyo_ws/build/main/build install --record /home/jetson/ponyo_ws/build/main/install.log --single-version-externally-managed install_data
