[4.641s] Invoking command in '/home/jetson/ponyo_ws/src/main': PYTHONPATH=/home/jetson/ponyo_ws/build/main/prefix_override:/usr/lib/python3/dist-packages/colcon_core/task/python/colcon_distutils_commands:/home/jetson/ponyo_ws/install/main/lib/python3.10/site-packages:${PYTHONPATH} /usr/bin/python3 -W ignore:setup.py install is deprecated setup.py egg_info --egg-base ../../build/main build --build-base /home/jetson/ponyo_ws/build/main/build install --record /home/jetson/ponyo_ws/build/main/install.log --single-version-externally-managed install_data
[5.700s] running egg_info
[5.704s] writing ../../build/main/main.egg-info/PKG-INFO
[5.705s] writing dependency_links to ../../build/main/main.egg-info/dependency_links.txt
[5.706s] writing entry points to ../../build/main/main.egg-info/entry_points.txt
[5.706s] writing requirements to ../../build/main/main.egg-info/requires.txt
[5.707s] writing top-level names to ../../build/main/main.egg-info/top_level.txt
[5.714s] reading manifest file '../../build/main/main.egg-info/SOURCES.txt'
[5.718s] writing manifest file '../../build/main/main.egg-info/SOURCES.txt'
[5.719s] running build
[5.719s] running build_py
[5.720s] running install
[5.722s] running install_lib
[5.727s] running install_data
[5.727s] running install_egg_info
[5.734s] removing '/home/jetson/ponyo_ws/install/main/lib/python3.10/site-packages/main-0.0.0-py3.10.egg-info' (and everything under it)
[5.736s] Copying ../../build/main/main.egg-info to /home/jetson/ponyo_ws/install/main/lib/python3.10/site-packages/main-0.0.0-py3.10.egg-info
[5.739s] running install_scripts
[5.831s] Installing MotorTopic script to /home/jetson/ponyo_ws/install/main/lib/main
[5.832s] writing list of installed files to '/home/jetson/ponyo_ws/build/main/install.log'
[5.969s] Invoked command in '/home/jetson/ponyo_ws/src/main' returned '0': PYTHONPATH=/home/jetson/ponyo_ws/build/main/prefix_override:/usr/lib/python3/dist-packages/colcon_core/task/python/colcon_distutils_commands:/home/jetson/ponyo_ws/install/main/lib/python3.10/site-packages:${PYTHONPATH} /usr/bin/python3 -W ignore:setup.py install is deprecated setup.py egg_info --egg-base ../../build/main build --build-base /home/jetson/ponyo_ws/build/main/build install --record /home/jetson/ponyo_ws/build/main/install.log --single-version-externally-managed install_data
