[3.695s] Invoking command in '/home/jetson/ponyo_ws/src/moveMotor': PYTHONPATH=/home/jetson/ponyo_ws/build/moveMotor/prefix_override:/usr/lib/python3/dist-packages/colcon_core/task/python/colcon_distutils_commands:/home/jetson/ponyo_ws/install/moveMotor/lib/python3.10/site-packages:${PYTHONPATH} /usr/bin/python3 -W ignore:setup.py install is deprecated setup.py egg_info --egg-base ../../build/moveMotor build --build-base /home/jetson/ponyo_ws/build/moveMotor/build install --record /home/jetson/ponyo_ws/build/moveMotor/install.log --single-version-externally-managed install_data
[4.727s] running egg_info
[4.732s] writing ../../build/moveMotor/moveMotor.egg-info/PKG-INFO
[4.732s] writing dependency_links to ../../build/moveMotor/moveMotor.egg-info/dependency_links.txt
[4.733s] writing entry points to ../../build/moveMotor/moveMotor.egg-info/entry_points.txt
[4.733s] writing requirements to ../../build/moveMotor/moveMotor.egg-info/requires.txt
[4.734s] writing top-level names to ../../build/moveMotor/moveMotor.egg-info/top_level.txt
[4.742s] reading manifest file '../../build/moveMotor/moveMotor.egg-info/SOURCES.txt'
[4.744s] adding license file 'LICENSE'
[4.746s] writing manifest file '../../build/moveMotor/moveMotor.egg-info/SOURCES.txt'
[4.747s] running build
[4.747s] running build_py
[4.751s] running install
[4.752s] running install_lib
[4.758s] running install_data
[4.759s] running install_egg_info
[4.766s] removing '/home/jetson/ponyo_ws/install/moveMotor/lib/python3.10/site-packages/moveMotor-0.0.0-py3.10.egg-info' (and everything under it)
[4.767s] Copying ../../build/moveMotor/moveMotor.egg-info to /home/jetson/ponyo_ws/install/moveMotor/lib/python3.10/site-packages/moveMotor-0.0.0-py3.10.egg-info
[4.771s] running install_scripts
[4.857s] Installing Escucha script to /home/jetson/ponyo_ws/install/moveMotor/lib/moveMotor
[4.858s] Installing Habla script to /home/jetson/ponyo_ws/install/moveMotor/lib/moveMotor
[4.858s] Installing Mensaje script to /home/jetson/ponyo_ws/install/moveMotor/lib/moveMotor
[4.859s] Installing MotorTopic script to /home/jetson/ponyo_ws/install/moveMotor/lib/moveMotor
[4.860s] Installing PublisAndMoveJoystick script to /home/jetson/ponyo_ws/install/moveMotor/lib/moveMotor
[4.860s] Installing Qcamera script to /home/jetson/ponyo_ws/install/moveMotor/lib/moveMotor
[4.862s] writing list of installed files to '/home/jetson/ponyo_ws/build/moveMotor/install.log'
[5.028s] Invoked command in '/home/jetson/ponyo_ws/src/moveMotor' returned '0': PYTHONPATH=/home/jetson/ponyo_ws/build/moveMotor/prefix_override:/usr/lib/python3/dist-packages/colcon_core/task/python/colcon_distutils_commands:/home/jetson/ponyo_ws/install/moveMotor/lib/python3.10/site-packages:${PYTHONPATH} /usr/bin/python3 -W ignore:setup.py install is deprecated setup.py egg_info --egg-base ../../build/moveMotor build --build-base /home/jetson/ponyo_ws/build/moveMotor/build install --record /home/jetson/ponyo_ws/build/moveMotor/install.log --single-version-externally-managed install_data
