/home/jetson/ponyo_ws/install/moveMotor/lib/python3.10/site-packages/moveMotor/motor.py
/home/jetson/ponyo_ws/install/moveMotor/lib/python3.10/site-packages/moveMotor/robot.py
/home/jetson/ponyo_ws/install/moveMotor/lib/python3.10/site-packages/moveMotor/reader funciona.py
/home/jetson/ponyo_ws/install/moveMotor/lib/python3.10/site-packages/moveMotor/escuchando.py
/home/jetson/ponyo_ws/install/moveMotor/lib/python3.10/site-packages/moveMotor/__init__.py
/home/jetson/ponyo_ws/install/moveMotor/lib/python3.10/site-packages/moveMotor/hablando.py
/home/jetson/ponyo_ws/install/moveMotor/lib/python3.10/site-packages/moveMotor/mensajes.py
/home/jetson/ponyo_ws/install/moveMotor/lib/python3.10/site-packages/moveMotor/funca.py
/home/jetson/ponyo_ws/install/moveMotor/lib/python3.10/site-packages/moveMotor/reader.py
/home/jetson/ponyo_ws/install/moveMotor/lib/python3.10/site-packages/moveMotor/moveMotorTopic.py
/home/jetson/ponyo_ws/install/moveMotor/lib/python3.10/site-packages/moveMotor/joystickTest.py
/home/jetson/ponyo_ws/install/moveMotor/lib/python3.10/site-packages/moveMotor/__pycache__/motor.cpython-310.pyc
/home/jetson/ponyo_ws/install/moveMotor/lib/python3.10/site-packages/moveMotor/__pycache__/robot.cpython-310.pyc
/home/jetson/ponyo_ws/install/moveMotor/lib/python3.10/site-packages/moveMotor/__pycache__/reader funciona.cpython-310.pyc
/home/jetson/ponyo_ws/install/moveMotor/lib/python3.10/site-packages/moveMotor/__pycache__/escuchando.cpython-310.pyc
/home/jetson/ponyo_ws/install/moveMotor/lib/python3.10/site-packages/moveMotor/__pycache__/__init__.cpython-310.pyc
/home/jetson/ponyo_ws/install/moveMotor/lib/python3.10/site-packages/moveMotor/__pycache__/hablando.cpython-310.pyc
/home/jetson/ponyo_ws/install/moveMotor/lib/python3.10/site-packages/moveMotor/__pycache__/mensajes.cpython-310.pyc
/home/jetson/ponyo_ws/install/moveMotor/lib/python3.10/site-packages/moveMotor/__pycache__/funca.cpython-310.pyc
/home/jetson/ponyo_ws/install/moveMotor/lib/python3.10/site-packages/moveMotor/__pycache__/reader.cpython-310.pyc
/home/jetson/ponyo_ws/install/moveMotor/lib/python3.10/site-packages/moveMotor/__pycache__/moveMotorTopic.cpython-310.pyc
/home/jetson/ponyo_ws/install/moveMotor/lib/python3.10/site-packages/moveMotor/__pycache__/joystickTest.cpython-310.pyc
/home/jetson/ponyo_ws/install/moveMotor/share/ament_index/resource_index/packages/moveMotor
/home/jetson/ponyo_ws/install/moveMotor/share/moveMotor/package.xml
/home/jetson/ponyo_ws/install/moveMotor/lib/python3.10/site-packages/moveMotor-0.0.0-py3.10.egg-info/PKG-INFO
/home/jetson/ponyo_ws/install/moveMotor/lib/python3.10/site-packages/moveMotor-0.0.0-py3.10.egg-info/top_level.txt
/home/jetson/ponyo_ws/install/moveMotor/lib/python3.10/site-packages/moveMotor-0.0.0-py3.10.egg-info/requires.txt
/home/jetson/ponyo_ws/install/moveMotor/lib/python3.10/site-packages/moveMotor-0.0.0-py3.10.egg-info/zip-safe
/home/jetson/ponyo_ws/install/moveMotor/lib/python3.10/site-packages/moveMotor-0.0.0-py3.10.egg-info/dependency_links.txt
/home/jetson/ponyo_ws/install/moveMotor/lib/python3.10/site-packages/moveMotor-0.0.0-py3.10.egg-info/SOURCES.txt
/home/jetson/ponyo_ws/install/moveMotor/lib/python3.10/site-packages/moveMotor-0.0.0-py3.10.egg-info/entry_points.txt
/home/jetson/ponyo_ws/install/moveMotor/lib/moveMotor/Escucha
/home/jetson/ponyo_ws/install/moveMotor/lib/moveMotor/Habla
/home/jetson/ponyo_ws/install/moveMotor/lib/moveMotor/Mensaje
/home/jetson/ponyo_ws/install/moveMotor/lib/moveMotor/MotorTopic
/home/jetson/ponyo_ws/install/moveMotor/lib/moveMotor/PublisAndMoveJoystick
/home/jetson/ponyo_ws/install/moveMotor/lib/moveMotor/Qcamera
