[3.794s] Invoking command in '/home/jetson/ponyo_ws/src/moveMotor': PYTHONPATH=/home/jetson/ponyo_ws/build/moveMotor/prefix_override:/usr/lib/python3/dist-packages/colcon_core/task/python/colcon_distutils_commands:/home/jetson/ponyo_ws/install/moveMotor/lib/python3.10/site-packages:${PYTHONPATH} /usr/bin/python3 -W ignore:setup.py install is deprecated setup.py egg_info --egg-base ../../build/moveMotor build --build-base /home/jetson/ponyo_ws/build/moveMotor/build install --record /home/jetson/ponyo_ws/build/moveMotor/install.log --single-version-externally-managed install_data
[4.858s] running egg_info
[4.861s] writing ../../build/moveMotor/moveMotor.egg-info/PKG-INFO
[4.862s] writing dependency_links to ../../build/moveMotor/moveMotor.egg-info/dependency_links.txt
[4.863s] writing entry points to ../../build/moveMotor/moveMotor.egg-info/entry_points.txt
[4.864s] writing requirements to ../../build/moveMotor/moveMotor.egg-info/requires.txt
[4.865s] writing top-level names to ../../build/moveMotor/moveMotor.egg-info/top_level.txt
[4.871s] reading manifest file '../../build/moveMotor/moveMotor.egg-info/SOURCES.txt'
[4.873s] adding license file 'LICENSE'
[4.876s] writing manifest file '../../build/moveMotor/moveMotor.egg-info/SOURCES.txt'
[4.877s] running build
[4.877s] running build_py
[4.880s] running install
[4.881s] running install_lib
[4.888s] running install_data
[4.889s] running install_egg_info
[4.896s] removing '/home/jetson/ponyo_ws/install/moveMotor/lib/python3.10/site-packages/moveMotor-0.0.0-py3.10.egg-info' (and everything under it)
[4.897s] Copying ../../build/moveMotor/moveMotor.egg-info to /home/jetson/ponyo_ws/install/moveMotor/lib/python3.10/site-packages/moveMotor-0.0.0-py3.10.egg-info
[4.900s] running install_scripts
[4.987s] Installing Escucha script to /home/jetson/ponyo_ws/install/moveMotor/lib/moveMotor
[4.988s] Installing Habla script to /home/jetson/ponyo_ws/install/moveMotor/lib/moveMotor
[4.989s] Installing Mensaje script to /home/jetson/ponyo_ws/install/moveMotor/lib/moveMotor
[4.990s] Installing MotorTopic script to /home/jetson/ponyo_ws/install/moveMotor/lib/moveMotor
[4.990s] Installing PublisAndMoveJoystick script to /home/jetson/ponyo_ws/install/moveMotor/lib/moveMotor
[4.991s] Installing Qcamera script to /home/jetson/ponyo_ws/install/moveMotor/lib/moveMotor
[4.992s] writing list of installed files to '/home/jetson/ponyo_ws/build/moveMotor/install.log'
[5.155s] Invoked command in '/home/jetson/ponyo_ws/src/moveMotor' returned '0': PYTHONPATH=/home/jetson/ponyo_ws/build/moveMotor/prefix_override:/usr/lib/python3/dist-packages/colcon_core/task/python/colcon_distutils_commands:/home/jetson/ponyo_ws/install/moveMotor/lib/python3.10/site-packages:${PYTHONPATH} /usr/bin/python3 -W ignore:setup.py install is deprecated setup.py egg_info --egg-base ../../build/moveMotor build --build-base /home/jetson/ponyo_ws/build/moveMotor/build install --record /home/jetson/ponyo_ws/build/moveMotor/install.log --single-version-externally-managed install_data
