[3.797s] Invoking command in '/home/jetson/ponyo_ws/src/moveMotor': PYTHONPATH=/home/jetson/ponyo_ws/build/moveMotor/prefix_override:/usr/lib/python3/dist-packages/colcon_core/task/python/colcon_distutils_commands:/home/jetson/ponyo_ws/install/moveMotor/lib/python3.10/site-packages:${PYTHONPATH} /usr/bin/python3 -W ignore:setup.py install is deprecated setup.py egg_info --egg-base ../../build/moveMotor build --build-base /home/jetson/ponyo_ws/build/moveMotor/build install --record /home/jetson/ponyo_ws/build/moveMotor/install.log --single-version-externally-managed install_data
[4.916s] running egg_info
[4.921s] writing ../../build/moveMotor/moveMotor.egg-info/PKG-INFO
[4.922s] writing dependency_links to ../../build/moveMotor/moveMotor.egg-info/dependency_links.txt
[4.923s] writing entry points to ../../build/moveMotor/moveMotor.egg-info/entry_points.txt
[4.923s] writing requirements to ../../build/moveMotor/moveMotor.egg-info/requires.txt
[4.923s] writing top-level names to ../../build/moveMotor/moveMotor.egg-info/top_level.txt
[4.930s] reading manifest file '../../build/moveMotor/moveMotor.egg-info/SOURCES.txt'
[4.931s] adding license file 'LICENSE'
[4.935s] writing manifest file '../../build/moveMotor/moveMotor.egg-info/SOURCES.txt'
[4.935s] running build
[4.936s] running build_py
[4.938s] copying moveMotor/reader.py -> /home/jetson/ponyo_ws/build/moveMotor/build/lib/moveMotor
[4.939s] running install
[4.941s] running install_lib
[4.944s] copying /home/jetson/ponyo_ws/build/moveMotor/build/lib/moveMotor/reader.py -> /home/jetson/ponyo_ws/install/moveMotor/lib/python3.10/site-packages/moveMotor
[4.948s] byte-compiling /home/jetson/ponyo_ws/install/moveMotor/lib/python3.10/site-packages/moveMotor/reader.py to reader.cpython-310.pyc
[4.953s] running install_data
[4.953s] running install_egg_info
[4.960s] removing '/home/jetson/ponyo_ws/install/moveMotor/lib/python3.10/site-packages/moveMotor-0.0.0-py3.10.egg-info' (and everything under it)
[4.961s] Copying ../../build/moveMotor/moveMotor.egg-info to /home/jetson/ponyo_ws/install/moveMotor/lib/python3.10/site-packages/moveMotor-0.0.0-py3.10.egg-info
[4.965s] running install_scripts
[5.055s] Installing Escucha script to /home/jetson/ponyo_ws/install/moveMotor/lib/moveMotor
[5.056s] Installing Habla script to /home/jetson/ponyo_ws/install/moveMotor/lib/moveMotor
[5.057s] Installing Mensaje script to /home/jetson/ponyo_ws/install/moveMotor/lib/moveMotor
[5.058s] Installing MotorTopic script to /home/jetson/ponyo_ws/install/moveMotor/lib/moveMotor
[5.058s] Installing PublisAndMoveJoystick script to /home/jetson/ponyo_ws/install/moveMotor/lib/moveMotor
[5.059s] Installing Qcamera script to /home/jetson/ponyo_ws/install/moveMotor/lib/moveMotor
[5.060s] writing list of installed files to '/home/jetson/ponyo_ws/build/moveMotor/install.log'
[5.223s] Invoked command in '/home/jetson/ponyo_ws/src/moveMotor' returned '0': PYTHONPATH=/home/jetson/ponyo_ws/build/moveMotor/prefix_override:/usr/lib/python3/dist-packages/colcon_core/task/python/colcon_distutils_commands:/home/jetson/ponyo_ws/install/moveMotor/lib/python3.10/site-packages:${PYTHONPATH} /usr/bin/python3 -W ignore:setup.py install is deprecated setup.py egg_info --egg-base ../../build/moveMotor build --build-base /home/jetson/ponyo_ws/build/moveMotor/build install --record /home/jetson/ponyo_ws/build/moveMotor/install.log --single-version-externally-managed install_data
