[4.223s] Invoking command in '/home/jetson/ponyo_ws/src/moveMotor': PYTHONPATH=/home/jetson/ponyo_ws/build/moveMotor/prefix_override:/usr/lib/python3/dist-packages/colcon_core/task/python/colcon_distutils_commands:/home/jetson/ponyo_ws/install/moveMotor/lib/python3.10/site-packages:${PYTHONPATH} /usr/bin/python3 -W ignore:setup.py install is deprecated setup.py egg_info --egg-base ../../build/moveMotor build --build-base /home/jetson/ponyo_ws/build/moveMotor/build install --record /home/jetson/ponyo_ws/build/moveMotor/install.log --single-version-externally-managed install_data
[5.559s] running egg_info
[5.563s] writing ../../build/moveMotor/moveMotor.egg-info/PKG-INFO
[5.565s] writing dependency_links to ../../build/moveMotor/moveMotor.egg-info/dependency_links.txt
[5.567s] writing entry points to ../../build/moveMotor/moveMotor.egg-info/entry_points.txt
[5.568s] writing requirements to ../../build/moveMotor/moveMotor.egg-info/requires.txt
[5.569s] writing top-level names to ../../build/moveMotor/moveMotor.egg-info/top_level.txt
[5.579s] reading manifest file '../../build/moveMotor/moveMotor.egg-info/SOURCES.txt'
[5.581s] adding license file 'LICENSE'
[5.585s] writing manifest file '../../build/moveMotor/moveMotor.egg-info/SOURCES.txt'
[5.586s] running build
[5.586s] running build_py
[5.590s] copying moveMotor/reader funciona.py -> /home/jetson/ponyo_ws/build/moveMotor/build/lib/moveMotor
[5.593s] copying moveMotor/reader.py -> /home/jetson/ponyo_ws/build/moveMotor/build/lib/moveMotor
[5.595s] running install
[5.598s] running install_lib
[5.602s] copying /home/jetson/ponyo_ws/build/moveMotor/build/lib/moveMotor/reader funciona.py -> /home/jetson/ponyo_ws/install/moveMotor/lib/python3.10/site-packages/moveMotor
[5.604s] copying /home/jetson/ponyo_ws/build/moveMotor/build/lib/moveMotor/reader.py -> /home/jetson/ponyo_ws/install/moveMotor/lib/python3.10/site-packages/moveMotor
[5.608s] byte-compiling /home/jetson/ponyo_ws/install/moveMotor/lib/python3.10/site-packages/moveMotor/reader funciona.py to reader funciona.cpython-310.pyc
[5.614s] byte-compiling /home/jetson/ponyo_ws/install/moveMotor/lib/python3.10/site-packages/moveMotor/reader.py to reader.cpython-310.pyc
[5.618s] running install_data
[5.619s] running install_egg_info
[5.627s] removing '/home/jetson/ponyo_ws/install/moveMotor/lib/python3.10/site-packages/moveMotor-0.0.0-py3.10.egg-info' (and everything under it)
[5.630s] Copying ../../build/moveMotor/moveMotor.egg-info to /home/jetson/ponyo_ws/install/moveMotor/lib/python3.10/site-packages/moveMotor-0.0.0-py3.10.egg-info
[5.637s] running install_scripts
[5.784s] Installing Escucha script to /home/jetson/ponyo_ws/install/moveMotor/lib/moveMotor
[5.784s] Installing Habla script to /home/jetson/ponyo_ws/install/moveMotor/lib/moveMotor
[5.785s] Installing Mensaje script to /home/jetson/ponyo_ws/install/moveMotor/lib/moveMotor
[5.785s] Installing MotorTopic script to /home/jetson/ponyo_ws/install/moveMotor/lib/moveMotor
[5.786s] Installing PublisAndMoveJoystick script to /home/jetson/ponyo_ws/install/moveMotor/lib/moveMotor
[5.786s] Installing Qcamera script to /home/jetson/ponyo_ws/install/moveMotor/lib/moveMotor
[5.787s] writing list of installed files to '/home/jetson/ponyo_ws/build/moveMotor/install.log'
[5.902s] Invoked command in '/home/jetson/ponyo_ws/src/moveMotor' returned '0': PYTHONPATH=/home/jetson/ponyo_ws/build/moveMotor/prefix_override:/usr/lib/python3/dist-packages/colcon_core/task/python/colcon_distutils_commands:/home/jetson/ponyo_ws/install/moveMotor/lib/python3.10/site-packages:${PYTHONPATH} /usr/bin/python3 -W ignore:setup.py install is deprecated setup.py egg_info --egg-base ../../build/moveMotor build --build-base /home/jetson/ponyo_ws/build/moveMotor/build install --record /home/jetson/ponyo_ws/build/moveMotor/install.log --single-version-externally-managed install_data
